#     1332939524   -filetype QTLcart.log 
#
#	QTL Cartographer v. 1.17j, 28 January 2005
#	This output file (maricopa_trait108.log) was created by LRmapqtl...
#
#	It is 07:58:44 on Wednesday, 28 March 2012
#
#

======================================================================
	QTL Cartographer v. 1.17j, 28 January 2005  for Unix
	Copyright (C) 1996-2001 C. J. Basten, B. S. Weir and Z.-B. Zeng.
	QTL Cartographer comes with ABSOLUTELY NO WARRANTY.
	This is free software, and you are welcome to redistribute it
	under certain conditions. For details see the file COPYING.

======================================================================
TIME:    07:58:44 on Wednesday, 28 March 2012
PROGRAM: LRmapqtl
PURPOSE: Map QTL using Simple Linear Regression
USAGE:   LRmapqtl  [-i  x]  [-o  x]  [-e  x] ...
DEFAULTS:
  [ -i     maricopa.cro ] Data Input File                                   
  [ -o  maricopa_trait108.lr ] Output File                                       
  [ -e  maricopa_trait108.log ] Error File                                        
  [ -m     maricopa.map ] Genetic Linkage Map File                          
  [ -s       1332939524 ] Random Number Seed                                
  [ -r                0 ] Number of Permutations                            
  [ -t              108 ] Trait to Analyze                                  

  Also: [-h] for help, [-A] for automatic,  [-V] for non-Verbose
  [-W path] for a working directory, [-R file] to specify a resource
  file and [-X stem] to specify a filename stem.

......................................................................

Program started: 07:58:44 on Wednesday, 28 March 2012
and finished:    07:59:04 on Wednesday, 28 March 2012

######################################################################

======================================================================
	QTL Cartographer v. 1.17j, 28 January 2005  for Unix
	Copyright (C) 1996-2001 C. J. Basten, B. S. Weir and Z.-B. Zeng.
	QTL Cartographer comes with ABSOLUTELY NO WARRANTY.
	This is free software, and you are welcome to redistribute it
	under certain conditions. For details see the file COPYING.

======================================================================
TIME:    07:59:10 on Wednesday, 28 March 2012
PROGRAM: Zmapqtl
PURPOSE: Do (Composite) Interval Mapping
USAGE:   Zmapqtl  [-i  x]  [-o  x]  [-e  x] ...
DEFAULTS:
  [ -i     maricopa.cro ] Input File                                        
  [ -o  maricopa_trait108.z ] Output File                                       
  [ -e  maricopa_trait108.log ] Error File                                        
  [ -m     maricopa.map ] Genetic Linkage Map File                          
  [ -l  maricopa_trait108.lr ] LRmapqtl Results file (Models 4&5)                
  [ -S  maricopa_trait108.sr ] SRmapqtl Results file (Model 6)                   
  [ -s       1332939550 ] Random Number Seed                                
  [ -M                4 ] Model [1-6], 3=>IM                                
  [ -t              108 ] Trait to analyze                                  
  [ -c                0 ] Chromosome to analyze (0=>all)                    
  [ -d         2.000000 ] Walking speed in cM                               
  [ -n                5 ] Number of Background Parameters (Model 6)         
  [ -w        10.000000 ] Window Size in cM (Models 5&6)                    
  [ -r                0 ] Number of Permutations                            
  [ -b                0 ] Number of Bootstraps                              

  Also: [-h] for help, [-A] for automatic,  [-V] for non-Verbose
  [-W path] for a working directory, [-R file] to specify a resource
  file and [-X stem] to specify a filename stem.

......................................................................

Program started: 07:59:10 on Wednesday, 28 March 2012
and finished:    07:59:22 on Wednesday, 28 March 2012

######################################################################

======================================================================
	QTL Cartographer v. 1.17j, 28 January 2005  for Unix
	Copyright (C) 1996-2001 C. J. Basten, B. S. Weir and Z.-B. Zeng.
	QTL Cartographer comes with ABSOLUTELY NO WARRANTY.
	This is free software, and you are welcome to redistribute it
	under certain conditions. For details see the file COPYING.

======================================================================
TIME:    07:59:30 on Wednesday, 28 March 2012
PROGRAM: Zmapqtl
PURPOSE: Do (Composite) Interval Mapping
USAGE:   Zmapqtl  [-i  x]  [-o  x]  [-e  x] ...
DEFAULTS:
  [ -i     maricopa.cro ] Input File                                        
  [ -o  maricopa_trait108.z ] Output File                                       
  [ -e  maricopa_trait108.log ] Error File                                        
  [ -m     maricopa.map ] Genetic Linkage Map File                          
  [ -l  maricopa_trait108.lr ] LRmapqtl Results file (Models 4&5)                
  [ -S  maricopa_trait108.sr ] SRmapqtl Results file (Model 6)                   
  [ -s       1332939570 ] Random Number Seed                                
  [ -M                4 ] Model [1-6], 3=>IM                                
  [ -t              108 ] Trait to analyze                                  
  [ -c                0 ] Chromosome to analyze (0=>all)                    
  [ -d         2.000000 ] Walking speed in cM                               
  [ -n                5 ] Number of Background Parameters (Model 6)         
  [ -w        10.000000 ] Window Size in cM (Models 5&6)                    
  [ -r             1000 ] Number of Permutations                            
  [ -b                0 ] Number of Bootstraps                              

  Also: [-h] for help, [-A] for automatic,  [-V] for non-Verbose
  [-W path] for a working directory, [-R file] to specify a resource
  file and [-X stem] to specify a filename stem.

......................................................................


======================================================================
	QTL Cartographer v. 1.17j, 28 January 2005  for Unix
	Copyright (C) 1996-2001 C. J. Basten, B. S. Weir and Z.-B. Zeng.
	QTL Cartographer comes with ABSOLUTELY NO WARRANTY.
	This is free software, and you are welcome to redistribute it
	under certain conditions. For details see the file COPYING.

======================================================================
TIME:    08:13:18 on Wednesday, 28 March 2012
PROGRAM: Zmapqtl
PURPOSE: Do (Composite) Interval Mapping
USAGE:   Zmapqtl  [-i  x]  [-o  x]  [-e  x] ...
DEFAULTS:
  [ -i     maricopa.cro ] Input File                                        
  [ -o  maricopa_trait108.z ] Output File                                       
  [ -e  maricopa_trait108.log ] Error File                                        
  [ -m     maricopa.map ] Genetic Linkage Map File                          
  [ -l  maricopa_trait108.lr ] LRmapqtl Results file (Models 4&5)                
  [ -S  maricopa_trait108.sr ] SRmapqtl Results file (Model 6)                   
  [ -s       1332940398 ] Random Number Seed                                
  [ -M                4 ] Model [1-6], 3=>IM                                
  [ -t              108 ] Trait to analyze                                  
  [ -c                0 ] Chromosome to analyze (0=>all)                    
  [ -d         2.000000 ] Walking speed in cM                               
  [ -n                5 ] Number of Background Parameters (Model 6)         
  [ -w        10.000000 ] Window Size in cM (Models 5&6)                    
  [ -r             1000 ] Number of Permutations                            
  [ -b                0 ] Number of Bootstraps                              

  Also: [-h] for help, [-A] for automatic,  [-V] for non-Verbose
  [-W path] for a working directory, [-R file] to specify a resource
  file and [-X stem] to specify a filename stem.

......................................................................


======================================================================
	QTL Cartographer v. 1.17j, 28 January 2005  for Unix
	Copyright (C) 1996-2001 C. J. Basten, B. S. Weir and Z.-B. Zeng.
	QTL Cartographer comes with ABSOLUTELY NO WARRANTY.
	This is free software, and you are welcome to redistribute it
	under certain conditions. For details see the file COPYING.

======================================================================
TIME:    11:11:05 on Wednesday, 28 March 2012
PROGRAM: Zmapqtl
PURPOSE: Do (Composite) Interval Mapping
USAGE:   Zmapqtl  [-i  x]  [-o  x]  [-e  x] ...
DEFAULTS:
  [ -i     maricopa.cro ] Input File                                        
  [ -o  maricopa_trait108.z ] Output File                                       
  [ -e  maricopa_trait108.log ] Error File                                        
  [ -m     maricopa.map ] Genetic Linkage Map File                          
  [ -l  maricopa_trait108.lr ] LRmapqtl Results file (Models 4&5)                
  [ -S  maricopa_trait108.sr ] SRmapqtl Results file (Model 6)                   
  [ -s       1332951065 ] Random Number Seed                                
  [ -M                4 ] Model [1-6], 3=>IM                                
  [ -t              108 ] Trait to analyze                                  
  [ -c                0 ] Chromosome to analyze (0=>all)                    
  [ -d         2.000000 ] Walking speed in cM                               
  [ -n                5 ] Number of Background Parameters (Model 6)         
  [ -w        10.000000 ] Window Size in cM (Models 5&6)                    
  [ -r             1000 ] Number of Permutations                            
  [ -b                0 ] Number of Bootstraps                              

  Also: [-h] for help, [-A] for automatic,  [-V] for non-Verbose
  [-W path] for a working directory, [-R file] to specify a resource
  file and [-X stem] to specify a filename stem.

......................................................................

Program started: 11:11:05 on Wednesday, 28 March 2012
and finished:    12:27:52 on Wednesday, 28 March 2012

######################################################################