##gff-version   3
# Generated by GMAP version 2018-07-04 using call:  gmap.avx2 -D . -d A2 -t 150 -n 2 -f 4 QTLtargetseqsFixed.fasta
Chr09	A2	EST_match	70527552	70527852	93	.	.	ID=AZ20/IA23_c4_09929_0.path1;Name=AZ20/IA23_c4_09929_0;Target=AZ20/IA23_c4_09929_0 1 301 +;Gap=M112 D1 M42 I1 M146;coverage=100.0;identity=93.0;matches=280;mismatches=19;indels=2;unknowns=1
###
Chr08	A2	EST_match	92656633	92656914	88	.	.	ID=AZ18/IA8_c4_40722_35.612.path1;Name=AZ18/IA8_c4_40722_35.612;Target=AZ18/IA8_c4_40722_35.612 17 301 -;Gap=M127 I1 M84 I1 M33 I1 M38;coverage=94.7;identity=88.0;matches=250;mismatches=31;indels=3;unknowns=1
###
Chr12	A2	EST_match	2679230	2680573	100	-	.	ID=AZ1/IA1_2_GS1A_45602p538q15_117.787.path1;Name=AZ1/IA1_2_GS1A_45602p538q15_117.787;Target=AZ1/IA1_2_GS1A_45602p538q15_117.787 1 601 -;Gap=M163 D1 M38 D1 M226 N652 M136 N89 M38;coverage=100.0;identity=99.7;matches=586;mismatches=0;indels=2;unknowns=15
###
Chr08	A2	EST_match	122416102	122416375	98	.	.	ID=AZ23/IA19_c4_44618_0.path1;Name=AZ23/IA19_c4_44618_0;Target=AZ23/IA19_c4_44618_0 1 276 +;Gap=M6 I1 M150 I1 M118;coverage=100.0;identity=98.9;matches=271;mismatches=1;indels=2;unknowns=2
###
Chr03	A2	EST_match	20183179	20183445	90	.	.	ID=AZ27/IA33_c2_52817_6.326.path1;Name=AZ27/IA33_c2_52817_6.326;Target=AZ27/IA33_c2_52817_6.326 1 267 -;Gap=M135 D1 M39 I1 M92;coverage=97.1;identity=90.6;matches=242;mismatches=23;indels=2;unknowns=1
###
Chr01	A2	EST_match	89120255	89120555	99	.	.	ID=AZ10/IA7_c4_44293_17.644.path1;Name=AZ10/IA7_c4_44293_17.644;Target=AZ10/IA7_c4_44293_17.644 1 301 +;Gap=M301;coverage=100.0;identity=99.3;matches=297;mismatches=2;indels=0;unknowns=2
###
Chr04	A2	EST_match	78211024	78211312	90	.	.	ID=AZ14/IA14_c4_23248_39.443.path1;Name=AZ14/IA14_c4_23248_39.443;Target=AZ14/IA14_c4_23248_39.443 5 295 -;Gap=M51 I1 M43 I1 M195;coverage=96.7;identity=90.3;matches=261;mismatches=26;indels=2;unknowns=2
###
Chr13	A2	EST_match	14420477	14420771	92	.	.	ID=AZ26/IA9_c4_11191_29.963.path1;Name=AZ26/IA9_c4_11191_29.963;Target=AZ26/IA9_c4_11191_29.963 5 301 -;Gap=M177 I1 M77 I1 M41;coverage=98.7;identity=92.9;matches=274;mismatches=19;indels=2;unknowns=2
###
Chr05	A2	EST_match	12115764	12116572	100	-	.	ID=AZ11/IA34_GS2D_4259p2093q25_12.706.path1;Name=AZ11/IA34_GS2D_4259p2093q25_12.706;Target=AZ11/IA34_GS2D_4259p2093q25_12.706 1 601 +;Gap=M107 N133 M405 N75 M89;coverage=100.0;identity=99.7;matches=588;mismatches=2;indels=0;unknowns=11
###
Chr10	A2	EST_match	41055773	41056072	98	.	.	ID=AZ19/IA15_c2_60153_43.911.path1;Name=AZ19/IA15_c2_60153_43.911;Target=AZ19/IA15_c2_60153_43.911 1 301 -;Gap=M6 I1 M294;coverage=100.0;identity=99.0;matches=296;mismatches=2;indels=1;unknowns=2
###
Chr09	A2	EST_match	64499248	64499532	97	.	.	ID=AZ24/IA5_c3_37342_72.213.path1;Name=AZ24/IA5_c3_37342_72.213;Target=AZ24/IA5_c3_37342_72.213 4 290 +;Gap=M87 I1 M93 I1 M105;coverage=99.0;identity=97.6;matches=279;mismatches=5;indels=2;unknowns=1
###
Chr04	A2	EST_match	7016321	7016633	92	.	.	ID=AZ33/IA32_c4_120767_60.69.path1;Name=AZ33/IA32_c4_120767_60.69;Target=AZ33/IA32_c4_120767_60.69 1 301 +;Gap=M40 D15 M5 I2 M209 I1 M44;coverage=100.0;identity=92.7;matches=290;mismatches=5;indels=18;unknowns=3
###
Chr03	A2	EST_match	102059895	102060195	98	.	.	ID=AZ10/IA7_c4_49707_21.376.path1;Name=AZ10/IA7_c4_49707_21.376;Target=AZ10/IA7_c4_49707_21.376 1 301 +;Gap=M140 D1 M76 I1 M84;coverage=100.0;identity=98.3;matches=296;mismatches=3;indels=2;unknowns=1
###
Chr04	A2	EST_match	92724301	92724598	97	.	.	ID=AZ14/IA14_c4_25634_8.625.path1;Name=AZ14/IA14_c4_25634_8.625;Target=AZ14/IA14_c4_25634_8.625 1 301 -;Gap=M107 I1 M7 I1 M94 I1 M90;coverage=100.0;identity=98.0;matches=293;mismatches=3;indels=3;unknowns=2
###
Chr07	A2	EST_match	91537957	91538258	98	.	.	ID=AZ16_17/IA22_c4_49169_79.95.path1;Name=AZ16_17/IA22_c4_49169_79.95;Target=AZ16_17/IA22_c4_49169_79.95 1 301 +;Gap=M77 D1 M224;coverage=100.0;identity=98.0;matches=295;mismatches=5;indels=1;unknowns=1
###
Chr09	A2	EST_match	47393776	47394076	98	.	.	ID=AZ24/IA5_c2_06367_34.537.path1;Name=AZ24/IA5_c2_06367_34.537;Target=AZ24/IA5_c2_06367_34.537 1 301 -;Gap=M301;coverage=100.0;identity=98.7;matches=296;mismatches=4;indels=0;unknowns=1
###
Chr02	A2	EST_match	29797606	29797902	86	.	.	ID=AZ30/IA29_c4_09740_25.563.path1;Name=AZ30/IA29_c4_09740_25.563;Target=AZ30/IA29_c4_09740_25.563 3 301 -;Gap=M49 I1 M53 I1 M195;coverage=99.3;identity=86.1;matches=255;mismatches=39;indels=2;unknowns=3
###
Chr10	A2	EST_match	111337161	111337456	86	.	.	ID=AZ30/IA29_c4_09740_25.563.path2;Name=AZ30/IA29_c4_09740_25.563;Target=AZ30/IA29_c4_09740_25.563 3 300 -;Gap=M48 I1 M51 I1 M197;coverage=99.0;identity=86.1;matches=254;mismatches=39;indels=2;unknowns=3
###
Chr13	A2	EST_match	74778822	74779119	97	.	.	ID=AZ18/IA8_c4_52231_25.657.path1;Name=AZ18/IA8_c4_52231_25.657;Target=AZ18/IA8_c4_52231_25.657 1 301 +;Gap=M135 I1 M74 I1 M11 I1 M78;coverage=100.0;identity=97.7;matches=293;mismatches=4;indels=3;unknowns=1
###
Chr12	A2	EST_match	25899834	25900645	99	+	.	ID=AZ1/IA1_2_GS2D_22731p558q11_70.159.path1;Name=AZ1/IA1_2_GS2D_22731p558q11_70.159;Target=AZ1/IA1_2_GS2D_22731p558q11_70.159 1 601 -;Gap=M374 N118 M137 N93 M90;coverage=100.0;identity=99.8;matches=591;mismatches=1;indels=0;unknowns=9
###
Chr07	A2	EST_match	16950764	16951064	99	.	.	ID=AZ16_17/IA22_c2_11322_47.783.path1;Name=AZ16_17/IA22_c2_11322_47.783;Target=AZ16_17/IA22_c2_11322_47.783 1 301 -;Gap=M301;coverage=100.0;identity=99.3;matches=297;mismatches=2;indels=0;unknowns=2
###
Chr04	A2	EST_match	83754606	83755033	99	.	.	ID=AZ6/IA16_c4_12480_27.971.path1;Name=AZ6/IA16_c4_12480_27.971;Target=AZ6/IA16_c4_12480_27.971 1 301 +;Gap=M57 I1 M71 N128 M172;coverage=100.0;identity=98.7;matches=296;mismatches=3;indels=1;unknowns=1
###
Chr08	A2	EST_match	3010342	3010641	97	.	.	ID=AZ23/IA19_c4_37895_68.595.path1;Name=AZ23/IA19_c4_37895_68.595;Target=AZ23/IA19_c4_37895_68.595 1 301 -;Gap=M25 D1 M108 I1 M60 I1 M106;coverage=100.0;identity=97.3;matches=292;mismatches=5;indels=3;unknowns=2
###
Chr03	A2	EST_match	14491437	14491747	93	.	.	ID=AZ27/IA33_c3_96157_4.946.path1;Name=AZ27/IA33_c3_96157_4.946;Target=AZ27/IA33_c3_96157_4.946 2 301 -;Gap=M109 D1 M150 D10 M41;coverage=99.7;identity=93.5;matches=290;mismatches=9;indels=11;unknowns=1
###
Chr10	A2	EST_match	19516347	19516646	99	.	.	ID=AZ6/IA16_c3_40633_0.436.path1;Name=AZ6/IA16_c3_40633_0.436;Target=AZ6/IA16_c3_40633_0.436 1 301 +;Gap=M6 I1 M294;coverage=100.0;identity=99.3;matches=298;mismatches=1;indels=1;unknowns=1
###
Chr07	A2	EST_match	1901910	1902208	98	.	.	ID=AZ16_17/IA22_c4_00014_0.path1;Name=AZ16_17/IA22_c4_00014_0;Target=AZ16_17/IA22_c4_00014_0 1 299 +;Gap=M299;coverage=99.3;identity=98.3;matches=292;mismatches=5;indels=0;unknowns=2
###
Chr05	A2	EST_match	9785653	9785969	90	.	.	ID=AZ12/IA27-29_c4_09461_130.404.path1;Name=AZ12/IA27-29_c4_09461_130.404;Target=AZ12/IA27-29_c4_09461_130.404 1 301 +;Gap=M130 D4 M82 D12 M89;coverage=100.0;identity=90.5;matches=286;mismatches=14;indels=16;unknowns=1
###
Chr07	A2	EST_match	5464813	5465128	92	.	.	ID=AZ21/IA20_c2_89198_45.577.path1;Name=AZ21/IA20_c2_89198_45.577;Target=AZ21/IA20_c2_89198_45.577 1 301 +;Gap=M31 D15 M270;coverage=100.0;identity=92.1;matches=290;mismatches=10;indels=15;unknowns=1
###
Chr13	A2	EST_match	73694220	73694517	97	.	.	ID=AZ18/IA8_ck_58314_21.376.path1;Name=AZ18/IA8_ck_58314_21.376;Target=AZ18/IA8_ck_58314_21.376 1 301 +;Gap=M204 I1 M5 I1 M12 I1 M77;coverage=100.0;identity=97.7;matches=293;mismatches=4;indels=3;unknowns=1
###
Chr05	A2	EST_match	12437073	12437369	99	.	.	ID=AZ11/IA34_c4_36190_5.888.path1;Name=AZ11/IA34_c4_36190_5.888;Target=AZ11/IA34_c4_36190_5.888 3 301 -;Gap=M205 I1 M9 I1 M83;coverage=99.3;identity=99.3;matches=296;mismatches=0;indels=2;unknowns=1
###
Chr03	A2	EST_match	70705539	70705826	98	.	.	ID=AZ10/IA7_c4_24463_18.34.path1;Name=AZ10/IA7_c4_24463_18.34;Target=AZ10/IA7_c4_24463_18.34 1 289 -;Gap=M27 I1 M261;coverage=100.0;identity=98.6;matches=283;mismatches=3;indels=1;unknowns=2
###
Chr03	A2	EST_match	8537081	8537381	99	.	.	ID=AZ25/IA11_12_c4_61975_60.386.path1;Name=AZ25/IA11_12_c4_61975_60.386;Target=AZ25/IA11_12_c4_61975_60.386 1 301 -;Gap=M301;coverage=100.0;identity=99.3;matches=298;mismatches=2;indels=0;unknowns=1
###
Chr03	A2	EST_match	88520922	88521221	97	.	.	ID=AZ10/IA7_ck_104381_11.616.path1;Name=AZ10/IA7_ck_104381_11.616;Target=AZ10/IA7_ck_104381_11.616 2 301 -;Gap=M300;coverage=99.7;identity=97.3;matches=289;mismatches=8;indels=0;unknowns=3
###
Chr08	A2	EST_match	106427182	106427482	99	.	.	ID=AZ23/IA19_c2_02349_29.743.path1;Name=AZ23/IA19_c2_02349_29.743;Target=AZ23/IA19_c2_02349_29.743 1 301 -;Gap=M301;coverage=100.0;identity=99.7;matches=299;mismatches=1;indels=0;unknowns=1
###
Chr09	A2	EST_match	67034250	67034532	99	.	.	ID=AZ24/IA5_c4_38063_67.794.path1;Name=AZ24/IA5_c4_38063_67.794;Target=AZ24/IA5_c4_38063_67.794 1 283 +;Gap=M283;coverage=100.0;identity=99.6;matches=281;mismatches=1;indels=0;unknowns=1
###
Chr06	A2	EST_match	99305741	99306041	97	.	.	ID=AZ5/IA6_c4_07635_58.762.path1;Name=AZ5/IA6_c4_07635_58.762;Target=AZ5/IA6_c4_07635_58.762 1 301 -;Gap=M301;coverage=100.0;identity=98.0;matches=293;mismatches=6;indels=0;unknowns=2
###
Chr04	A2	EST_match	81104655	81104953	93	.	.	ID=AZ14/IA14_c3_120507_31.831.path1;Name=AZ14/IA14_c3_120507_31.831;Target=AZ14/IA14_c3_120507_31.831 1 301 -;Gap=M30 D1 M36 I1 M6 I1 M149 I1 M77;coverage=100.0;identity=93.0;matches=279;mismatches=17;indels=4;unknowns=2
###
Chr08	A2	EST_match	105821546	105821846	99	.	.	ID=AZ23/IA19_c4_21262_30.337.path1;Name=AZ23/IA19_c4_21262_30.337;Target=AZ23/IA19_c4_21262_30.337 1 301 +;Gap=M301;coverage=100.0;identity=99.7;matches=298;mismatches=1;indels=0;unknowns=2
###
Chr11	A2	EST_match	43912687	43912986	98	.	.	ID=AZ15/IA17_18_ck_44145_50.023.path1;Name=AZ15/IA17_18_ck_44145_50.023;Target=AZ15/IA17_18_ck_44145_50.023 1 301 -;Gap=M64 I1 M236;coverage=100.0;identity=98.7;matches=296;mismatches=3;indels=1;unknowns=1
###
Chr05	A2	EST_match	49843225	49843525	97	.	.	ID=AZ6/IA16_c4_40214_27.354.path1;Name=AZ6/IA16_c4_40214_27.354;Target=AZ6/IA16_c4_40214_27.354 1 301 +;Gap=M301;coverage=100.0;identity=97.7;matches=293;mismatches=7;indels=0;unknowns=1
###
Chr10	A2	EST_match	122892955	122893253	100	.	.	ID=AZ19/IA15_c4_30426_51.53.path1;Name=AZ19/IA15_c4_30426_51.53;Target=AZ19/IA15_c4_30426_51.53 1 299 -;Gap=M299;coverage=99.3;identity=100.0;matches=294;mismatches=0;indels=0;unknowns=5
###
Chr02	A2	EST_match	19851565	19852165	100	.	.	ID=AZ28/IA36_GS1D_40185p764q19_4.629.path1;Name=AZ28/IA36_GS1D_40185p764q19_4.629;Target=AZ28/IA36_GS1D_40185p764q19_4.629 1 601 +;Gap=M601;coverage=100.0;identity=100.0;matches=588;mismatches=0;indels=0;unknowns=13
###
Chr10	A2	EST_match	8365203	8365503	99	.	.	ID=AZ19/IA15_c4_26223_0.path1;Name=AZ19/IA15_c4_26223_0;Target=AZ19/IA15_c4_26223_0 1 301 +;Gap=M301;coverage=100.0;identity=99.7;matches=299;mismatches=1;indels=0;unknowns=1
###
Chr11	A2	EST_match	113267928	113268227	96	.	.	ID=AZ7/IA25_c4_13985_4.995.path1;Name=AZ7/IA25_c4_13985_4.995;Target=AZ7/IA25_c4_13985_4.995 1 301 +;Gap=M73 I1 M227;coverage=100.0;identity=96.3;matches=289;mismatches=10;indels=1;unknowns=1
###
Chr09	A2	EST_match	78495055	78496757	100	-	.	ID=AZ24/IA5_GS1A_33747p375q14_110.625.path1;Name=AZ24/IA5_GS1A_33747p375q14_110.625;Target=AZ24/IA5_GS1A_33747p375q14_110.625 1 601 -;Gap=M139 N134 M84 N203 M167 N690 M49 N75 M162;coverage=100.0;identity=99.8;matches=582;mismatches=1;indels=0;unknowns=18
###
Chr02	A2	EST_match	6818816	6819115	99	.	.	ID=AZ25/IA11_12_c4_71167_79.774.path1;Name=AZ25/IA11_12_c4_71167_79.774;Target=AZ25/IA11_12_c4_71167_79.774 1 301 -;Gap=M138 I1 M162;coverage=100.0;identity=99.7;matches=299;mismatches=0;indels=1;unknowns=1
###
Chr10	A2	EST_match	100411456	100411756	98	.	.	ID=AZ19/IA15_c4_18411_23.885.path1;Name=AZ19/IA15_c4_18411_23.885;Target=AZ19/IA15_c4_18411_23.885 1 301 -;Gap=M301;coverage=100.0;identity=98.7;matches=296;mismatches=4;indels=0;unknowns=1
###
Chr10	A2	EST_match	22644658	22644956	96	.	.	ID=AZ19/IA15_c4_08951_19.869.path1;Name=AZ19/IA15_c4_08951_19.869;Target=AZ19/IA15_c4_08951_19.869 1 301 +;Gap=M197 I1 M32 I1 M70;coverage=100.0;identity=97.0;matches=290;mismatches=7;indels=2;unknowns=2
###
Chr10	A2	EST_match	93982836	93984325	100	-	.	ID=AZ32/IA30_GS1_11360p399q15_38.91.path1;Name=AZ32/IA30_GS1_11360p399q15_38.91;Target=AZ32/IA30_GS1_11360p399q15_38.91 1 601 -;Gap=M90 N92 M91 N114 M104 N119 M129 N308 M105 N256 M82;coverage=100.0;identity=100.0;matches=591;mismatches=0;indels=0;unknowns=10
###
Chr02	A2	EST_match	10712388	10712687	99	.	.	ID=AZ25/IA11_12_c4_54340_82.715.path1;Name=AZ25/IA11_12_c4_54340_82.715;Target=AZ25/IA11_12_c4_54340_82.715 1 301 -;Gap=M58 I1 M242;coverage=100.0;identity=99.3;matches=298;mismatches=1;indels=1;unknowns=1
###
Chr09	A2	EST_match	82484752	82487645	97	.	.	ID=AZ24/IA5_c4_08158_134.99.path1;Name=AZ24/IA5_c4_08158_134.99;Target=AZ24/IA5_c4_08158_134.99 1 301 +;Gap=M125 N2593 M176;coverage=100.0;identity=98.0;matches=294;mismatches=6;indels=0;unknowns=1
###
Chr03	A2	EST_match	18379520	18379803	99	.	.	ID=AZ25/IA11_12_c4_39999_70.031.path1;Name=AZ25/IA11_12_c4_39999_70.031;Target=AZ25/IA11_12_c4_39999_70.031 1 284 +;Gap=M284;coverage=100.0;identity=99.6;matches=281;mismatches=1;indels=0;unknowns=2
###
Chr09	A2	EST_match	69955624	69955946	80	.	.	ID=AZ22/IA21_c4_00098_4.944.path1;Name=AZ22/IA21_c4_00098_4.944;Target=AZ22/IA21_c4_00098_4.944 3 298 +;Gap=M48 I1 M76 D25 M82 D3 M89;coverage=98.3;identity=80.1;matches=258;mismatches=35;indels=29;unknowns=2
###
Chr10	A2	EST_match	96305945	96306231	98	.	.	ID=AZ19/IA15_c4_125389_24.482.path1;Name=AZ19/IA15_c4_125389_24.482;Target=AZ19/IA15_c4_125389_24.482 1 288 -;Gap=M150 I1 M137;coverage=100.0;identity=98.6;matches=282;mismatches=3;indels=1;unknowns=2
###
Chr05	A2	EST_match	89605062	89605347	96	.	.	ID=AZ12/IA27-29_c4_42998_30.067.path1;Name=AZ12/IA27-29_c4_42998_30.067;Target=AZ12/IA27-29_c4_42998_30.067 1 286 +;Gap=M286;coverage=100.0;identity=96.5;matches=274;mismatches=10;indels=0;unknowns=2
###
Chr03	A2	EST_match	80530715	80531012	97	.	.	ID=AZ10/IA7_c4_18565_18.245.path1;Name=AZ10/IA7_c4_18565_18.245;Target=AZ10/IA7_c4_18565_18.245 4 301 -;Gap=M298;coverage=99.0;identity=97.6;matches=287;mismatches=7;indels=0;unknowns=4
###
Chr08	A2	EST_match	9231249	9231548	99	.	.	ID=AZ23/IA19_c4_47288_50.893.path1;Name=AZ23/IA19_c4_47288_50.893;Target=AZ23/IA19_c4_47288_50.893 1 301 +;Gap=M131 I1 M169;coverage=100.0;identity=99.0;matches=297;mismatches=2;indels=1;unknowns=1
###
Chr11	A2	EST_match	92044263	92044562	91	.	.	ID=AZ14/IA14_c4_12071_34.737.path1;Name=AZ14/IA14_c4_12071_34.737;Target=AZ14/IA14_c4_12071_34.737 1 301 +;Gap=M79 I1 M221;coverage=100.0;identity=91.6;matches=274;mismatches=24;indels=1;unknowns=2
###
Chr04	A2	EST_match	86692626	86692925	91	.	.	ID=AZ14/IA14_c4_12071_34.737.path2;Name=AZ14/IA14_c4_12071_34.737;Target=AZ14/IA14_c4_12071_34.737 1 301 +;Gap=M80 I1 M220;coverage=100.0;identity=91.3;matches=273;mismatches=25;indels=1;unknowns=2
###
Chr01	A2	EST_match	104841655	104841944	97	.	.	ID=AZ10/IA7_c4_57541_28.049.path1;Name=AZ10/IA7_c4_57541_28.049;Target=AZ10/IA7_c4_57541_28.049 1 292 -;Gap=M40 I1 M22 I1 M228;coverage=100.0;identity=97.6;matches=284;mismatches=5;indels=2;unknowns=1
###
Chr10	A2	EST_match	88427209	88427509	98	.	.	ID=AZ32/IA30_c4_06280_32.48.path1;Name=AZ32/IA30_c4_06280_32.48;Target=AZ32/IA30_c4_06280_32.48 1 301 -;Gap=M301;coverage=100.0;identity=98.3;matches=295;mismatches=5;indels=0;unknowns=1
###
Chr06	A2	EST_match	124950069	124950369	99	.	.	ID=AZ5/IA6_c4_09782_44.84.path1;Name=AZ5/IA6_c4_09782_44.84;Target=AZ5/IA6_c4_09782_44.84 1 301 +;Gap=M301;coverage=100.0;identity=99.7;matches=299;mismatches=1;indels=0;unknowns=1
###
Chr03	A2	EST_match	56624818	56625123	97	.	.	ID=AZ10/IA7_ck_05459_12.218.path1;Name=AZ10/IA7_ck_05459_12.218;Target=AZ10/IA7_ck_05459_12.218 1 301 +;Gap=M236 D5 M65;coverage=100.0;identity=97.4;matches=295;mismatches=3;indels=5;unknowns=3
###
Chr01	A2	EST_match	12030839	12031138	98	.	.	ID=AZ30/IA35_c4_01365_42.218.path1;Name=AZ30/IA35_c4_01365_42.218;Target=AZ30/IA35_c4_01365_42.218 1 301 +;Gap=M136 I1 M164;coverage=100.0;identity=98.3;matches=295;mismatches=4;indels=1;unknowns=1
###
Chr01	A2	EST_match	101915560	101915850	97	.	.	ID=AZ10/IA7_c3_28441_6.75.path1;Name=AZ10/IA7_c3_28441_6.75;Target=AZ10/IA7_c3_28441_6.75 1 293 +;Gap=M97 I1 M17 I1 M177;coverage=100.0;identity=97.3;matches=284;mismatches=6;indels=2;unknowns=1
###
Chr11	A2	EST_match	111188329	111188585	99	.	.	ID=AZ15/IA17_18_cs_1288_0.path1;Name=AZ15/IA17_18_cs_1288_0;Target=AZ15/IA17_18_cs_1288_0 1 257 -;Gap=M257;coverage=97.3;identity=99.6;matches=254;mismatches=1;indels=0;unknowns=2
###
Chr10	A2	EST_match	123436926	123437223	97	.	.	ID=AZ19/IA15_c4_05121_52.833.path1;Name=AZ19/IA15_c4_05121_52.833;Target=AZ19/IA15_c4_05121_52.833 1 301 +;Gap=M38 I1 M5 I1 M16 I1 M239;coverage=100.0;identity=97.7;matches=293;mismatches=4;indels=3;unknowns=1
###
Chr04	A2	EST_match	55083583	55084379	100	+	.	ID=AZ33/IA32_GS2A_30957p652q17_44.957.path1;Name=AZ33/IA32_GS2A_30957p652q17_44.957;Target=AZ33/IA32_GS2A_30957p652q17_44.957 1 601 -;Gap=M423 N96 M80 N100 M98;coverage=100.0;identity=100.0;matches=593;mismatches=0;indels=0;unknowns=8
###
Chr03	A2	EST_match	330619	332288	93	-	.	ID=AZ25/IA11_12_GS1A_41016p474q13_0.path1;Name=AZ25/IA11_12_GS1A_41016p474q13_0;Target=AZ25/IA11_12_GS1A_41016p474q13_0 1 601 -;Gap=M106 N108 M60 N505 M198 N110 M188 N346 M49;coverage=100.0;identity=99.5;matches=583;mismatches=3;indels=0;unknowns=15
###
Chr11	A2	EST_match	76307222	76307496	98	.	.	ID=AZ15/IA17_18_c4_68550_35.171.path1;Name=AZ15/IA17_18_c4_68550_35.171;Target=AZ15/IA17_18_c4_68550_35.171 1 274 +;Gap=M144 D1 M130;coverage=100.0;identity=98.2;matches=268;mismatches=4;indels=1;unknowns=2
###
Chr05	A2	EST_match	42622636	42622929	96	.	.	ID=AZ30/IA24_c3_05004_18.404.path1;Name=AZ30/IA24_c3_05004_18.404;Target=AZ30/IA24_c3_05004_18.404 1 301 +;Gap=M94 I1 M5 I1 M3 I1 M10 I2 M78 I1 M8 I1 M96;coverage=100.0;identity=96.6;matches=288;mismatches=3;indels=7;unknowns=3
###
Chr12	A2	EST_match	24054078	24054378	95	.	.	ID=AZ2/IA3_ck_02331_17.464.path1;Name=AZ2/IA3_ck_02331_17.464;Target=AZ2/IA3_ck_02331_17.464 1 301 +;Gap=M301;coverage=100.0;identity=95.0;matches=285;mismatches=15;indels=0;unknowns=1
###
Chr04	A2	EST_match	91668465	91668764	98	.	.	ID=AZ6/IA16_c2_48932_0.path1;Name=AZ6/IA16_c2_48932_0;Target=AZ6/IA16_c2_48932_0 1 301 +;Gap=M101 I1 M199;coverage=100.0;identity=98.3;matches=295;mismatches=4;indels=1;unknowns=1
###
Chr10	A2	EST_match	83316922	83317699	99	+	.	ID=AZ19/IA15_GS1A_34804p1288q26_43.039.path1;Name=AZ19/IA15_GS1A_34804p1288q26_43.039;Target=AZ19/IA15_GS1A_34804p1288q26_43.039 1 570 +;Gap=M125 N86 M102 N122 M343;coverage=99.7;identity=99.8;matches=560;mismatches=1;indels=0;unknowns=9
###
Chr07	A2	EST_match	89164128	89164427	97	.	.	ID=AZ16_17/IA22_ck_53995_68.639.path1;Name=AZ16_17/IA22_ck_53995_68.639;Target=AZ16_17/IA22_ck_53995_68.639 1 301 +;Gap=M89 I1 M211;coverage=100.0;identity=97.7;matches=292;mismatches=6;indels=1;unknowns=2
###
Chr08	A2	EST_match	4681823	4682423	100	.	.	ID=AZ9/IA4_GS1D_51879p342q31_19.889.path1;Name=AZ9/IA4_GS1D_51879p342q31_19.889;Target=AZ9/IA4_GS1D_51879p342q31_19.889 1 601 -;Gap=M601;coverage=100.0;identity=100.0;matches=577;mismatches=0;indels=0;unknowns=24
###
Chr11	A2	EST_match	123318827	123319128	95	.	.	ID=AZ6/IA16_c2_114307_15.911.path1;Name=AZ6/IA16_c2_114307_15.911;Target=AZ6/IA16_c2_114307_15.911 1 301 -;Gap=M241 D1 M60;coverage=100.0;identity=95.7;matches=287;mismatches=12;indels=1;unknowns=2
###
Chr05	A2	EST_match	15997361	15997960	99	.	.	ID=AZ11/IA34_GS2A_29117p378q3_25.273.path1;Name=AZ11/IA34_GS2A_29117p378q3_25.273;Target=AZ11/IA34_GS2A_29117p378q3_25.273 1 601 +;Gap=M253 I1 M347;coverage=100.0;identity=99.8;matches=577;mismatches=0;indels=1;unknowns=23
###
Chr03	A2	EST_match	9581384	9581684	100	.	.	ID=AZ25/IA11_12_c2_39361_71.314.path1;Name=AZ25/IA11_12_c2_39361_71.314;Target=AZ25/IA11_12_c2_39361_71.314 1 301 -;Gap=M301;coverage=100.0;identity=100.0;matches=300;mismatches=0;indels=0;unknowns=1
###
Chr11	A2	EST_match	70585241	70585497	79	.	.	ID=AZ14/IA14_c4_07752_35.133.path1;Name=AZ14/IA14_c4_07752_35.133;Target=AZ14/IA14_c4_07752_35.133 1 236 -;Gap=M23 I1 M19 D1 M109 D21 M84;coverage=87.1;identity=79.4;matches=204;mismatches=30;indels=23;unknowns=1
###
Chr08	A2	EST_match	127857210	127857736	98	-	.	ID=AZ9/IA4_GS2D_31703p59q3_97.905.path1;Name=AZ9/IA4_GS2D_31703p59q3_97.905;Target=AZ9/IA4_GS2D_31703p59q3_97.905 1 359 +;Gap=M114 D3 M206 N165 M39;coverage=100.0;identity=98.9;matches=348;mismatches=1;indels=3;unknowns=10
###
Chr06	A2	EST_match	129972737	129973034	96	.	.	ID=AZ5/IA6_c2_17305_5.368.path1;Name=AZ5/IA6_c2_17305_5.368;Target=AZ5/IA6_c2_17305_5.368 1 301 -;Gap=M99 I1 M70 I1 M67 I1 M62;coverage=100.0;identity=96.7;matches=290;mismatches=7;indels=3;unknowns=1
###
Chr12	A2	EST_match	102266110	102266382	99	.	.	ID=AZ1/IA1_2_c2_34964_0.path1;Name=AZ1/IA1_2_c2_34964_0;Target=AZ1/IA1_2_c2_34964_0 1 273 -;Gap=M273;coverage=100.0;identity=99.6;matches=271;mismatches=1;indels=0;unknowns=1
###
Chr11	A2	EST_match	5593536	5593833	95	.	.	ID=AZ15/IA17_18_c4_47355_82.548.path1;Name=AZ15/IA17_18_c4_47355_82.548;Target=AZ15/IA17_18_c4_47355_82.548 1 301 -;Gap=M36 I1 M12 I2 M11 D1 M67 I1 M171;coverage=100.0;identity=95.3;matches=286;mismatches=9;indels=5;unknowns=2
###
Chr09	A2	EST_match	16620045	16622358	100	+	.	ID=AZ24/IA5_GS2A_33155p425q9_34.042.path1;Name=AZ24/IA5_GS2A_33155p425q9_34.042;Target=AZ24/IA5_GS2A_33155p425q9_34.042 1 601 +;Gap=M66 N1566 M81 N147 M454;coverage=100.0;identity=99.8;matches=592;mismatches=1;indels=0;unknowns=8
###
Chr12	A2	EST_match	12702389	12702989	100	.	.	ID=AZ1/IA1_2_GS2A_2514p880q5_95.221.path1;Name=AZ1/IA1_2_GS2A_2514p880q5_95.221;Target=AZ1/IA1_2_GS2A_2514p880q5_95.221 1 601 +;Gap=M601;coverage=100.0;identity=100.0;matches=596;mismatches=0;indels=0;unknowns=5
###
Chr07	A2	EST_match	33705883	33706153	97	.	.	ID=AZ16_17/IA22_ck_24803_65.129.path1;Name=AZ16_17/IA22_ck_24803_65.129;Target=AZ16_17/IA22_ck_24803_65.129 1 274 -;Gap=M159 I1 M33 I1 M8 I1 M71;coverage=100.0;identity=97.0;matches=262;mismatches=5;indels=3;unknowns=4
###
Chr06	A2	EST_match	110341713	110342012	99	.	.	ID=AZ5/IA6_c4_16762_58.511.path1;Name=AZ5/IA6_c4_16762_58.511;Target=AZ5/IA6_c4_16762_58.511 1 301 +;Gap=M176 I1 M124;coverage=100.0;identity=99.3;matches=298;mismatches=1;indels=1;unknowns=1
###
Chr05	A2	EST_match	81653605	81653886	97	.	.	ID=AZ6/IA16_cs_1021_17.647.path1;Name=AZ6/IA16_cs_1021_17.647;Target=AZ6/IA16_cs_1021_17.647 1 285 +;Gap=M191 I1 M6 I1 M12 I1 M73;coverage=100.0;identity=97.9;matches=277;mismatches=3;indels=3;unknowns=2
###
Chr09	A2	EST_match	1212361	1212660	93	.	.	ID=AZ20/IA23_c4_15967_72.283.path1;Name=AZ20/IA23_c4_15967_72.283;Target=AZ20/IA23_c4_15967_72.283 1 300 -;Gap=M300;coverage=99.7;identity=93.3;matches=277;mismatches=20;indels=0;unknowns=3
###
Chr13	A2	EST_match	78392359	78392659	100	.	.	ID=AZ18/IA8_ck_24841_18.367.path1;Name=AZ18/IA8_ck_24841_18.367;Target=AZ18/IA8_ck_24841_18.367 1 301 +;Gap=M301;coverage=100.0;identity=100.0;matches=299;mismatches=0;indels=0;unknowns=2
###
Chr10	A2	EST_match	100706540	100710153	100	-	.	ID=AZ19/IA15_GS1A_43230p229q17_32.084.path1;Name=AZ19/IA15_GS1A_43230p229q17_32.084;Target=AZ19/IA15_GS1A_43230p229q17_32.084 1 529 -;Gap=M402 N2503 M70 N582 M57;coverage=100.0;identity=98.8;matches=502;mismatches=6;indels=0;unknowns=21
###
Chr10	A2	EST_match	14364146	14364424	93	.	.	ID=AZ32/IA30_c4_103648_19.557.path1;Name=AZ32/IA30_c4_103648_19.557;Target=AZ32/IA30_c4_103648_19.557 2 283 +;Gap=M137 I1 M19 I1 M67 I1 M56;coverage=99.6;identity=93.2;matches=260;mismatches=16;indels=3;unknowns=3
###
Chr06	A2	EST_match	46653065	46653362	98	.	.	ID=AZ5/IA6_c4_14575_60.126.path1;Name=AZ5/IA6_c4_14575_60.126;Target=AZ5/IA6_c4_14575_60.126 1 301 +;Gap=M73 I1 M183 I2 M42;coverage=100.0;identity=98.0;matches=294;mismatches=3;indels=3;unknowns=1
###
Chr05	A2	EST_match	67277271	67277567	97	.	.	ID=AZ33/IA32_c4_57783_54.53.path1;Name=AZ33/IA32_c4_57783_54.53;Target=AZ33/IA32_c4_57783_54.53 1 299 +;Gap=M23 I1 M102 I1 M172;coverage=99.3;identity=97.7;matches=291;mismatches=5;indels=2;unknowns=1
###
Chr06	A2	EST_match	130355829	130358380	100	-	.	ID=AZ5/IA6_GS2D_39816p508q23_11.702.path1;Name=AZ5/IA6_GS2D_39816p508q23_11.702;Target=AZ5/IA6_GS2D_39816p508q23_11.702 4 601 -;Gap=M93 N84 M85 N423 M78 N92 M148 N648 M160 N707 M34;coverage=99.5;identity=99.8;matches=582;mismatches=1;indels=0;unknowns=15
###
Chr04	A2	EST_match	20511939	20512539	100	.	.	ID=AZ14/IA14_GS1_3305p954q19_25.983.path1;Name=AZ14/IA14_GS1_3305p954q19_25.983;Target=AZ14/IA14_GS1_3305p954q19_25.983 1 601 +;Gap=M601;coverage=100.0;identity=100.0;matches=580;mismatches=0;indels=0;unknowns=21
###
Chr13	A2	EST_match	50758380	50758677	98	.	.	ID=AZ18/IA8_c4_54754_29.095.path1;Name=AZ18/IA8_c4_54754_29.095;Target=AZ18/IA8_c4_54754_29.095 1 301 -;Gap=M158 I1 M15 I1 M8 I1 M117;coverage=100.0;identity=98.3;matches=295;mismatches=2;indels=3;unknowns=1
###
Chr11	A2	EST_match	4086468	4088680	97	-	.	ID=AZ7/IA25_GS2D_55913p499q20_88.934.path1;Name=AZ7/IA25_GS2D_55913p499q20_88.934;Target=AZ7/IA25_GS2D_55913p499q20_88.934 1 600 +;Gap=M425 N1613 M175;coverage=99.8;identity=97.8;matches=573;mismatches=13;indels=0;unknowns=14
###
Chr04	A2	EST_match	2628341	2628640	96	.	.	ID=AZ14/IA14_c4_02071_66.901.path1;Name=AZ14/IA14_c4_02071_66.901;Target=AZ14/IA14_c4_02071_66.901 1 300 +;Gap=M300;coverage=99.7;identity=96.6;matches=288;mismatches=10;indels=0;unknowns=2
###
Chr03	A2	EST_match	50359811	50360109	97	.	.	ID=AZ10/IA7_c2_59292_12.369.path1;Name=AZ10/IA7_c2_59292_12.369;Target=AZ10/IA7_c2_59292_12.369 1 301 +;Gap=M111 I1 M93 I1 M95;coverage=100.0;identity=97.3;matches=292;mismatches=6;indels=2;unknowns=1
###
Chr07	A2	EST_match	93242131	93242432	98	.	.	ID=AZ16_17/IA22_c2_48642_52.678.path1;Name=AZ16_17/IA22_c2_48642_52.678;Target=AZ16_17/IA22_c2_48642_52.678 1 301 -;Gap=M218 D1 M83;coverage=100.0;identity=98.3;matches=295;mismatches=4;indels=1;unknowns=2
###
Chr04	A2	EST_match	38108699	38108999	88	.	.	ID=AZ20/IA23_c2_67586_57.349.path1;Name=AZ20/IA23_c2_67586_57.349;Target=AZ20/IA23_c2_67586_57.349 1 301 -;Gap=M109 I1 M78 D1 M113;coverage=100.0;identity=88.3;matches=265;mismatches=33;indels=2;unknowns=2
###
Chr08	A2	EST_match	100407132	100407422	97	.	.	ID=AZ23/IA19_c4_05939_39.696.path1;Name=AZ23/IA19_c4_05939_39.696;Target=AZ23/IA19_c4_05939_39.696 1 290 -;Gap=M136 D1 M154;coverage=100.0;identity=97.6;matches=282;mismatches=6;indels=1;unknowns=2
###
Chr08	A2	EST_match	129101147	129102853	100	-	.	ID=AZ9/IA4_GS1D_35048p234q13_115.128.path1;Name=AZ9/IA4_GS1D_35048p234q13_115.128;Target=AZ9/IA4_GS1D_35048p234q13_115.128 1 534 +;Gap=M192 N108 M24 N1065 M318;coverage=100.0;identity=100.0;matches=520;mismatches=0;indels=0;unknowns=14
###
Chr07	A2	EST_match	96470265	96472169	100	+	.	ID=AZ16_17/IA22_GS1A_20202p545q14_26.824.path1;Name=AZ16_17/IA22_GS1A_20202p545q14_26.824;Target=AZ16_17/IA22_GS1A_20202p545q14_26.824 1 601 +;Gap=M476 N1304 M125;coverage=100.0;identity=100.0;matches=588;mismatches=0;indels=0;unknowns=13
###
Chr11	A2	EST_match	14136735	14138174	100	-	.	ID=AZ7/IA25_GS1D_16639p444q33_60.862.path1;Name=AZ7/IA25_GS1D_16639p444q33_60.862;Target=AZ7/IA25_GS1D_16639p444q33_60.862 1 568 +;Gap=M309 N870 M193 D3 M22 I1 M43;coverage=98.4;identity=99.3;matches=553;mismatches=0;indels=4;unknowns=14
###
Chr09	A2	EST_match	65117997	65118297	98	.	.	ID=AZ24/IA5_c4_53534_62.577.path1;Name=AZ24/IA5_c4_53534_62.577;Target=AZ24/IA5_c4_53534_62.577 1 301 -;Gap=M301;coverage=100.0;identity=98.7;matches=295;mismatches=4;indels=0;unknowns=2
###
Chr12	A2	EST_match	73523828	73524124	97	.	.	ID=AZ1/IA1_2_c4_36660_56.141.path1;Name=AZ1/IA1_2_c4_36660_56.141;Target=AZ1/IA1_2_c4_36660_56.141 1 301 -;Gap=M103 I1 M33 I2 M107 I1 M54;coverage=100.0;identity=97.7;matches=293;mismatches=3;indels=4;unknowns=1
###
Chr05	A2	EST_match	17006685	17008313	100	+	.	ID=AZ11/IA34_GS1_48876p1060q15_19.843.path1;Name=AZ11/IA34_GS1_48876p1060q15_19.843;Target=AZ11/IA34_GS1_48876p1060q15_19.843 1 601 +;Gap=M36 N415 M96 N329 M45 N102 M90 N85 M72 N97 M262;coverage=100.0;identity=99.8;matches=593;mismatches=1;indels=0;unknowns=7
###
Chr11	A2	EST_match	31389875	31390165	97	.	.	ID=AZ15/IA17_18_c4_94051_44.147.path1;Name=AZ15/IA17_18_c4_94051_44.147;Target=AZ15/IA17_18_c4_94051_44.147 1 292 -;Gap=M222 I1 M69;coverage=100.0;identity=97.9;matches=283;mismatches=5;indels=1;unknowns=3
###
Chr10	A2	EST_match	88719026	88719322	98	.	.	ID=AZ19/IA15_c4_28291_39.075.path1;Name=AZ19/IA15_c4_28291_39.075;Target=AZ19/IA15_c4_28291_39.075 1 299 +;Gap=M53 I2 M244;coverage=100.0;identity=99.0;matches=295;mismatches=1;indels=2;unknowns=1
###
Chr10	A2	EST_match	18387718	18388012	97	.	.	ID=AZ19/IA15_c4_48164_15.797.path1;Name=AZ19/IA15_c4_48164_15.797;Target=AZ19/IA15_c4_48164_15.797 1 297 +;Gap=M160 I1 M104 I1 M31;coverage=100.0;identity=98.0;matches=289;mismatches=4;indels=2;unknowns=2
###
Chr05	A2	EST_match	19924787	19925875	91	.	.	ID=AZ14/IA14_c4_35576_29.939.path1;Name=AZ14/IA14_c4_35576_29.939;Target=AZ14/IA14_c4_35576_29.939 1 283 +;Gap=M106 D1 M1 D5 M43 I2 M36 N820 M16 I1 M9 I2 M8 I1 M44;coverage=100.0;identity=89.4;matches=245;mismatches=17;indels=12;unknowns=1
###
Chr05	A2	EST_match	92283115	92283716	99	.	.	ID=AZ33/IA32_GS2A_52376p385q16_24.3.path1;Name=AZ33/IA32_GS2A_52376p385q16_24.3;Target=AZ33/IA32_GS2A_52376p385q16_24.3 1 601 +;Gap=M475 D1 M126;coverage=100.0;identity=99.8;matches=590;mismatches=0;indels=1;unknowns=11
###
Chr06	A2	EST_match	24367109	24367409	98	.	.	ID=AZ5/IA6_c3_86518_74.938.path1;Name=AZ5/IA6_c3_86518_74.938;Target=AZ5/IA6_c3_86518_74.938 1 301 -;Gap=M301;coverage=100.0;identity=98.7;matches=296;mismatches=4;indels=0;unknowns=1
###
Chr03	A2	EST_match	103466077	103466372	93	.	.	ID=AZ27/IA33_c4_00223_15.251.path1;Name=AZ27/IA33_c4_00223_15.251;Target=AZ27/IA33_c4_00223_15.251 7 301 -;Gap=M192 D1 M103;coverage=98.0;identity=93.6;matches=276;mismatches=18;indels=1;unknowns=1
###
Chr12	A2	EST_match	1459916	1460499	97	+	.	ID=AZ4/IA37_GS2A_7310p1793q4A_10.067.path1;Name=AZ4/IA37_GS2A_7310p1793q4A_10.067;Target=AZ4/IA37_GS2A_7310p1793q4A_10.067 1 503 +;Gap=M232 N80 M206 I1 M5 D2 M59;coverage=100.0;identity=98.8;matches=493;mismatches=3;indels=3;unknowns=6
###
Chr11	A2	EST_match	106429027	106430573	83	-	.	ID=AZ21/IA20_GS2D_35645p625q31_25.673.path1;Name=AZ21/IA20_GS2D_35645p625q31_25.673;Target=AZ21/IA20_GS2D_35645p625q31_25.673 9 601 +;Gap=M79 N83 M131 N117 M104 N204 M49 I4 M2 D4 M31 N460 M82 N90 M111;coverage=98.7;identity=89.3;matches=524;mismatches=55;indels=8;unknowns=10
###
Chr12	A2	EST_match	2790591	2791264	100	-	.	ID=AZ1/IA1_2_GS1A_35252p459q21_116.727.path1;Name=AZ1/IA1_2_GS1A_35252p459q21_116.727;Target=AZ1/IA1_2_GS1A_35252p459q21_116.727 1 601 -;Gap=M426 N73 M175;coverage=100.0;identity=100.0;matches=581;mismatches=0;indels=0;unknowns=20
###
Chr08	A2	EST_match	121657108	121658955	100	-	.	ID=AZ23/IA19_GS2D_28817p642q3_11.672.path1;Name=AZ23/IA19_GS2D_28817p642q3_11.672;Target=AZ23/IA19_GS2D_28817p642q3_11.672 1 601 +;Gap=M32 N70 M170 N290 M246 N887 M153;coverage=100.0;identity=100.0;matches=587;mismatches=0;indels=0;unknowns=14
###
Chr01	A2	EST_match	72725855	72726137	97	.	.	ID=AZ30/IA28_c4_08921_25.494.path1;Name=AZ30/IA28_c4_08921_25.494;Target=AZ30/IA28_c4_08921_25.494 1 283 -;Gap=M283;coverage=100.0;identity=97.9;matches=275;mismatches=6;indels=0;unknowns=2
###
Chr11	A2	EST_match	56927158	56927455	97	.	.	ID=AZ15/IA17_18_ck_07011_41.889.path1;Name=AZ15/IA17_18_ck_07011_41.889;Target=AZ15/IA17_18_ck_07011_41.889 1 299 +;Gap=M253 I1 M45;coverage=99.3;identity=98.0;matches=292;mismatches=5;indels=1;unknowns=1
###
Chr01	A2	EST_match	110506820	110508048	98	-	.	ID=AZ28/IA36_GS2A_31261p665q3_48.212.path1;Name=AZ28/IA36_GS2A_31261p665q3_48.212;Target=AZ28/IA36_GS2A_31261p665q3_48.212 1 601 -;Gap=M465 N628 M136;coverage=100.0;identity=99.5;matches=577;mismatches=3;indels=0;unknowns=21
###
Chr08	A2	EST_match	114895363	114895633	98	.	.	ID=AZ23/IA19_c4_29690_18.184.path1;Name=AZ23/IA19_c4_29690_18.184;Target=AZ23/IA19_c4_29690_18.184 1 271 -;Gap=M271;coverage=100.0;identity=98.9;matches=265;mismatches=3;indels=0;unknowns=3
###
Chr13	A2	EST_match	51388142	51388420	97	.	.	ID=AZ18/IA8_c4_47547_29.275.path1;Name=AZ18/IA8_c4_47547_29.275;Target=AZ18/IA8_c4_47547_29.275 1 280 +;Gap=M204 I1 M75;coverage=100.0;identity=97.5;matches=272;mismatches=6;indels=1;unknowns=1
###
Chr01	A2	EST_match	108559571	108562177	98	+	.	ID=AZ10/IA7_EST1A_24254_01_821_40.944_Cotton16_24254_01.path1;Name=AZ10/IA7_EST1A_24254_01_821_40.944_Cotton16_24254_01;Target=AZ10/IA7_EST1A_24254_01_821_40.944_Cotton16_24254_01 1 2102 -;Gap=M369 N82 M156 N86 M614 N103 M162 N224 M358 I3 M126 D6 M163 D11 M58 D3 M24 I5 M7 I2 M55;coverage=99.9;identity=97.0;matches=2058;mismatches=34;indels=30;unknowns=0
###
Chr07	A2	EST_match	44275941	44276242	89	.	.	ID=AZ21/IA20_c2_28117_9.261.path1;Name=AZ21/IA20_c2_28117_9.261;Target=AZ21/IA20_c2_28117_9.261 1 301 +;Gap=M66 D1 M235;coverage=100.0;identity=89.6;matches=267;mismatches=30;indels=1;unknowns=4
###
Chr11	A2	EST_match	46788308	46788604	98	.	.	ID=AZ15/IA17_18_c4_05495_44.532.path1;Name=AZ15/IA17_18_c4_05495_44.532;Target=AZ15/IA17_18_c4_05495_44.532 1 297 -;Gap=M297;coverage=100.0;identity=98.6;matches=291;mismatches=4;indels=0;unknowns=2
###
Chr02	A2	EST_match	79592120	79592421	97	.	.	ID=AZ30/IA26_ck_44567_22.242.path1;Name=AZ30/IA26_ck_44567_22.242;Target=AZ30/IA26_ck_44567_22.242 1 301 +;Gap=M163 D1 M138;coverage=100.0;identity=97.7;matches=293;mismatches=6;indels=1;unknowns=2
###
Chr04	A2	EST_match	73390467	73390753	99	.	.	ID=AZ6/IA16_c2_31256_16.678.path1;Name=AZ6/IA16_c2_31256_16.678;Target=AZ6/IA16_c2_31256_16.678 15 301 +;Gap=M287;coverage=95.3;identity=99.3;matches=284;mismatches=2;indels=0;unknowns=1
###
Chr02	A2	EST_match	9734025	9734300	100	.	.	ID=AZ25/IA11_12_c4_27824_83.382.path1;Name=AZ25/IA11_12_c4_27824_83.382;Target=AZ25/IA11_12_c4_27824_83.382 16 291 -;Gap=M276;coverage=94.8;identity=100.0;matches=275;mismatches=0;indels=0;unknowns=1
###
Chr11	A2	EST_match	122639008	122640219	100	-	.	ID=AZ8/IA26_GS1_39607p88q23_19.521.path1;Name=AZ8/IA26_GS1_39607p88q23_19.521;Target=AZ8/IA26_GS1_39607p88q23_19.521 2 388 +;Gap=M82 N242 M127 N129 M66 N454 M112;coverage=99.7;identity=100.0;matches=374;mismatches=0;indels=0;unknowns=13
###
Chr13	A2	EST_match	82284427	82284751	85	.	.	ID=AZ18/IA8_c4_67821_26.926.path1;Name=AZ18/IA8_c4_67821_26.926;Target=AZ18/IA8_c4_67821_26.926 1 290 -;Gap=M42 I1 M7 D38 M49 I1 M36 I1 M153;coverage=96.3;identity=85.3;matches=278;mismatches=7;indels=41;unknowns=2
###
Chr03	A2	EST_match	53012541	53012833	95	.	.	ID=AZ27/IA33_c4_13201_13.531.path1;Name=AZ27/IA33_c4_13201_13.531;Target=AZ27/IA33_c4_13201_13.531 1 292 -;Gap=M286 D1 M6;coverage=97.0;identity=95.5;matches=279;mismatches=12;indels=1;unknowns=1
###
Chr10	A2	EST_match	108892403	108892702	98	.	.	ID=AZ19/IA15_c4_74243_37.114.path1;Name=AZ19/IA15_c4_74243_37.114;Target=AZ19/IA15_c4_74243_37.114 1 301 -;Gap=M263 I1 M37;coverage=100.0;identity=98.7;matches=294;mismatches=3;indels=1;unknowns=3
###
Chr04	A2	EST_match	33357139	33357439	97	.	.	ID=AZ33/IA32_c4_06113_51.352.path1;Name=AZ33/IA32_c4_06113_51.352;Target=AZ33/IA32_c4_06113_51.352 1 301 -;Gap=M96 I1 M117 D1 M87;coverage=100.0;identity=97.3;matches=293;mismatches=6;indels=2;unknowns=1
###
Chr10	A2	EST_match	97700925	97701197	98	.	.	ID=AZ19/IA15_c4_20421_24.279.path1;Name=AZ19/IA15_c4_20421_24.279;Target=AZ19/IA15_c4_20421_24.279 1 274 -;Gap=M206 I1 M67;coverage=100.0;identity=98.5;matches=269;mismatches=3;indels=1;unknowns=1
###
Chr07	A2	EST_match	24316785	24317080	96	.	.	ID=AZ16_17/IA22_c4_32659_60.772.path1;Name=AZ16_17/IA22_c4_32659_60.772;Target=AZ16_17/IA22_c4_32659_60.772 1 301 +;Gap=M117 I1 M68 I1 M33 I1 M42 I1 M8 I1 M28;coverage=100.0;identity=96.3;matches=289;mismatches=6;indels=5;unknowns=1
###
Chr08	A2	EST_match	123081140	123081440	88	.	.	ID=AZ9/IA4_c2_04080_31.744.path1;Name=AZ9/IA4_c2_04080_31.744;Target=AZ9/IA4_c2_04080_31.744 5 299 +;Gap=M5 D1 M103 D6 M91 I1 M95;coverage=98.0;identity=88.4;matches=266;mismatches=27;indels=8;unknowns=1
###
Chr07	A2	EST_match	15084458	15084741	85	.	.	ID=AZ31/IA31_c4_10294_43.701.path1;Name=AZ31/IA31_c4_10294_43.701;Target=AZ31/IA31_c4_10294_43.701 18 301 +;Gap=M227 D1 M23 I1 M33;coverage=94.4;identity=85.2;matches=242;mismatches=40;indels=2;unknowns=1
###
Chr04	A2	EST_match	10570856	10571146	97	.	.	ID=AZ33/IA32_c2_14224_40.059.path1;Name=AZ33/IA32_c2_14224_40.059;Target=AZ33/IA32_c2_14224_40.059 1 291 -;Gap=M291;coverage=100.0;identity=97.9;matches=284;mismatches=6;indels=0;unknowns=1
###
Chr06	A2	EST_match	108341264	108341566	98	.	.	ID=AZ5/IA6_c2_56561_54.203.path1;Name=AZ5/IA6_c2_56561_54.203;Target=AZ5/IA6_c2_56561_54.203 1 301 +;Gap=M51 D2 M250;coverage=100.0;identity=98.7;matches=298;mismatches=2;indels=2;unknowns=1
###
Chr04	A2	EST_match	82768707	82769004	93	.	.	ID=AZ14/IA14_c4_00820_24.762.path1;Name=AZ14/IA14_c4_00820_24.762;Target=AZ14/IA14_c4_00820_24.762 4 301 -;Gap=M298;coverage=99.0;identity=93.3;matches=277;mismatches=20;indels=0;unknowns=1
###
Chr13	A2	EST_match	3177991	3178675	100	-	.	ID=AZ18/IA8_GS1A_34972p1090q20_57.907.path1;Name=AZ18/IA8_GS1A_34972p1090q20_57.907;Target=AZ18/IA8_GS1A_34972p1090q20_57.907 1 601 +;Gap=M501 N84 M100;coverage=100.0;identity=99.8;matches=582;mismatches=1;indels=0;unknowns=18
###
Chr05	A2	EST_match	20276860	20277160	97	.	.	ID=AZ12/IA27-29_c4_06690_90.535.path1;Name=AZ12/IA27-29_c4_06690_90.535;Target=AZ12/IA27-29_c4_06690_90.535 1 301 -;Gap=M301;coverage=100.0;identity=97.0;matches=291;mismatches=9;indels=0;unknowns=1
###
Chr13	A2	EST_match	1348155	1348446	89	.	.	ID=AZ34/IA35_c4_09008_0.path1;Name=AZ34/IA35_c4_09008_0;Target=AZ34/IA35_c4_09008_0 5 301 +;Gap=M68 D1 M50 I1 M8 I1 M75 I1 M4 I1 M13 I2 M73;coverage=98.7;identity=89.2;matches=265;mismatches=25;indels=7;unknowns=1
###
Chr05	A2	EST_match	42652959	42653258	99	.	.	ID=AZ30/IA30_c4_77850_25.852.path1;Name=AZ30/IA30_c4_77850_25.852;Target=AZ30/IA30_c4_77850_25.852 1 301 +;Gap=M167 I1 M133;coverage=100.0;identity=99.7;matches=299;mismatches=0;indels=1;unknowns=1
###
Chr06	A2	EST_match	23988240	23988533	90	.	.	ID=AZ32/IA30_c4_54688_43.423.path1;Name=AZ32/IA30_c4_54688_43.423;Target=AZ32/IA30_c4_54688_43.423 5 299 +;Gap=M45 D1 M3 D2 M10 I1 M53 I1 M7 I1 M121 I1 M52;coverage=98.0;identity=90.6;matches=269;mismatches=21;indels=7;unknowns=1
###
Chr10	A2	EST_match	46722819	46723113	90	.	.	ID=AZ32/IA30_c4_54688_43.423.path2;Name=AZ32/IA30_c4_54688_43.423;Target=AZ32/IA30_c4_54688_43.423 6 301 -;Gap=M52 I1 M123 I1 M4 I1 M54 I1 M11 D3 M48;coverage=98.3;identity=90.3;matches=269;mismatches=22;indels=7;unknowns=1
###
Chr01	A2	EST_match	84150134	84150430	90	.	.	ID=AZ16_17/IA22_c4_05239_64.164.path1;Name=AZ16_17/IA22_c4_05239_64.164;Target=AZ16_17/IA22_c4_05239_64.164 1 301 +;Gap=M112 I1 M105 I3 M80;coverage=100.0;identity=90.7;matches=272;mismatches=24;indels=4;unknowns=1
###
Chr13	A2	EST_match	60341167	60341467	99	.	.	ID=AZ18/IA8_c4_00145_28.729.path1;Name=AZ18/IA8_c4_00145_28.729;Target=AZ18/IA8_c4_00145_28.729 1 301 -;Gap=M301;coverage=100.0;identity=99.7;matches=299;mismatches=1;indels=0;unknowns=1
###
Chr05	A2	EST_match	38027097	38027396	98	.	.	ID=AZ6/IA16_c4_17535_22.287.path1;Name=AZ6/IA16_c4_17535_22.287;Target=AZ6/IA16_c4_17535_22.287 1 301 -;Gap=M6 I1 M294;coverage=100.0;identity=98.0;matches=294;mismatches=5;indels=1;unknowns=1
###
Chr03	A2	EST_match	120649409	120651663	100	+	.	ID=AZ27/IA33_GS2D_35199p530q21_0.path1;Name=AZ27/IA33_GS2D_35199p530q21_0;Target=AZ27/IA33_GS2D_35199p530q21_0 1 601 -;Gap=M154 N1654 M447;coverage=100.0;identity=100.0;matches=581;mismatches=0;indels=0;unknowns=20
###
Chr11	A2	EST_match	22893719	22894011	93	.	.	ID=AZ15/IA17_18_c4_110219_64.074.path1;Name=AZ15/IA17_18_c4_110219_64.074;Target=AZ15/IA17_18_c4_110219_64.074 1 295 -;Gap=M164 I1 M16 I1 M113;coverage=100.0;identity=93.4;matches=271;mismatches=17;indels=2;unknowns=5
###
Chr12	A2	EST_match	13986378	13987083	100	-	.	ID=AZ1/IA1_2_GS2A_37259p664q5_95.199.path1;Name=AZ1/IA1_2_GS2A_37259p664q5_95.199;Target=AZ1/IA1_2_GS2A_37259p664q5_95.199 1 600 -;Gap=M403 N106 M197;coverage=99.8;identity=99.8;matches=571;mismatches=1;indels=0;unknowns=28
###
Chr07	A2	EST_match	40963695	40966224	100	+	.	ID=AZ21/IA20_GS1_41582p272q16_10.076.path1;Name=AZ21/IA20_GS1_41582p272q16_10.076;Target=AZ21/IA20_GS1_41582p272q16_10.076 26 572 +;Gap=M13 D2 M121 N386 M135 N1281 M188 N314 M90;coverage=95.6;identity=99.4;matches=524;mismatches=1;indels=2;unknowns=22
###
Chr06	A2	EST_match	127134575	127134866	91	.	.	ID=AZ31/IA31_ck_15073_62.356.path1;Name=AZ31/IA31_ck_15073_62.356;Target=AZ31/IA31_ck_15073_62.356 2 301 +;Gap=M50 I1 M14 I1 M55 D1 M85 I1 M8 I5 M22 I1 M57;coverage=99.7;identity=91.3;matches=274;mismatches=16;indels=10;unknowns=1
###
Chr06	A2	EST_match	10073908	10075084	100	+	.	ID=AZ5/IA6_GS1A_19003p436q20_76.134.path1;Name=AZ5/IA6_GS1A_19003p436q20_76.134;Target=AZ5/IA6_GS1A_19003p436q20_76.134 2 601 -;Gap=M164 N449 M249 N128 M187;coverage=99.8;identity=100.0;matches=581;mismatches=0;indels=0;unknowns=19
###
Chr07	A2	EST_match	20846907	20847208	95	.	.	ID=AZ30/IA34_c4_10335_35.218.path1;Name=AZ30/IA34_c4_10335_35.218;Target=AZ30/IA34_c4_10335_35.218 1 301 +;Gap=M125 D5 M6 I1 M10 I1 M37 I1 M40 I1 M79;coverage=100.0;identity=95.7;matches=292;mismatches=4;indels=9;unknowns=1
###
Chr06	A2	EST_match	124741570	124741869	96	.	.	ID=AZ5/IA6_c4_57424_46.431.path1;Name=AZ5/IA6_c4_57424_46.431;Target=AZ5/IA6_c4_57424_46.431 2 301 +;Gap=M300;coverage=99.7;identity=97.0;matches=290;mismatches=9;indels=0;unknowns=1
###
Chr01	A2	EST_match	3402122	3402722	99	.	.	ID=AZ30/IA38_GS1_37852p566q20_70.109.path1;Name=AZ30/IA38_GS1_37852p566q20_70.109;Target=AZ30/IA38_GS1_37852p566q20_70.109 2 601 +;Gap=M405 D1 M195;coverage=99.8;identity=99.8;matches=585;mismatches=0;indels=1;unknowns=15
###
Chr03	A2	EST_match	9942269	9942552	99	.	.	ID=AZ25/IA11_12_c4_12325_64.239.path1;Name=AZ25/IA11_12_c4_12325_64.239;Target=AZ25/IA11_12_c4_12325_64.239 4 286 -;Gap=M224 D1 M59;coverage=99.0;identity=99.6;matches=280;mismatches=0;indels=1;unknowns=3
###
Chr13	A2	EST_match	111453271	111453557	94	.	.	ID=AZ18/IA8_c4_19854_12.097.path1;Name=AZ18/IA8_c4_19854_12.097;Target=AZ18/IA8_c4_19854_12.097 13 301 -;Gap=M112 I1 M13 I1 M162;coverage=96.0;identity=94.1;matches=271;mismatches=15;indels=2;unknowns=1
###
Chr06	A2	EST_match	130251785	130252874	100	-	.	ID=AZ5/IA6_GS2A_37928p339q7_0.path1;Name=AZ5/IA6_GS2A_37928p339q7_0;Target=AZ5/IA6_GS2A_37928p339q7_0 2 601 -;Gap=M419 N388 M136 N102 M45;coverage=99.8;identity=100.0;matches=576;mismatches=0;indels=0;unknowns=24
###
Chr03	A2	EST_match	100374349	100374638	89	.	.	ID=AZ14/IA14_c4_03381_29.72.path1;Name=AZ14/IA14_c4_03381_29.72;Target=AZ14/IA14_c4_03381_29.72 5 296 -;Gap=M117 I1 M54 I1 M119;coverage=97.0;identity=89.7;matches=261;mismatches=28;indels=2;unknowns=1
###
Chr04	A2	EST_match	77427602	77427892	88	.	.	ID=AZ14/IA14_c4_03381_29.72.path2;Name=AZ14/IA14_c4_03381_29.72;Target=AZ14/IA14_c4_03381_29.72 5 296 +;Gap=M22 D1 M91 I1 M59 I2 M72 D1 M45;coverage=97.0;identity=88.7;matches=260;mismatches=28;indels=5;unknowns=1
###
Chr13	A2	EST_match	58730087	58730387	96	.	.	ID=AZ18/IA8_c4_120178_27.419.path1;Name=AZ18/IA8_c4_120178_27.419;Target=AZ18/IA8_c4_120178_27.419 1 301 -;Gap=M301;coverage=100.0;identity=96.3;matches=289;mismatches=11;indels=0;unknowns=1
###
Chr13	A2	EST_match	115638132	115638733	99	.	.	ID=AZ18/IA8_GS2A_42831p351q12_0.path1;Name=AZ18/IA8_GS2A_42831p351q12_0;Target=AZ18/IA8_GS2A_42831p351q12_0 1 601 -;Gap=M576 D1 M25;coverage=100.0;identity=99.5;matches=589;mismatches=2;indels=1;unknowns=10
###
Chr12	A2	EST_match	45122263	45130779	89	.	.	ID=AZ2/IA3_c2_04522_4.964.path1;Name=AZ2/IA3_c2_04522_4.964;Target=AZ2/IA3_c2_04522_4.964 6 301 +;Gap=M94 N5085 M35 N3136 M167;coverage=98.3;identity=91.9;matches=271;mismatches=24;indels=0;unknowns=1
###
Chr02	A2	EST_match	87344735	87345066	80	.	.	ID=AZ13/IA10_c4_09232_13.414.path1;Name=AZ13/IA10_c4_09232_13.414;Target=AZ13/IA10_c4_09232_13.414 4 301 +;Gap=M53 D40 M10 I1 M28 I1 M37 I2 M30 I2 M134;coverage=99.0;identity=80.7;matches=272;mismatches=19;indels=46;unknowns=1
###
Chr08	A2	EST_match	95869345	95869641	98	.	.	ID=AZ23/IA19_c4_34400_36.318.path1;Name=AZ23/IA19_c4_34400_36.318;Target=AZ23/IA19_c4_34400_36.318 1 298 -;Gap=M20 I1 M277;coverage=99.0;identity=98.3;matches=292;mismatches=4;indels=1;unknowns=1
###
Chr05	A2	EST_match	82183484	82183757	98	.	.	ID=AZ6/IA16_c4_06920_26.146.path1;Name=AZ6/IA16_c4_06920_26.146;Target=AZ6/IA16_c4_06920_26.146 15 289 -;Gap=M216 I1 M58;coverage=95.2;identity=98.5;matches=270;mismatches=3;indels=1;unknowns=1
###
Chr05	A2	EST_match	16601753	16603614	99	-	.	ID=AZ11/IA34_EST1A_04360_0_Cotton16_04360_01.path1;Name=AZ11/IA34_EST1A_04360_0_Cotton16_04360_01;Target=AZ11/IA34_EST1A_04360_0_Cotton16_04360_01 1 838 -;Gap=M236 N98 M28 N926 M574;coverage=100.0;identity=99.5;matches=834;mismatches=4;indels=0;unknowns=0
###
Chr05	A2	EST_match	31951255	31952021	100	+	.	ID=AZ6/IA16_GS2A_48587p409q3_7.027.path1;Name=AZ6/IA16_GS2A_48587p409q3_7.027;Target=AZ6/IA16_GS2A_48587p409q3_7.027 1 601 -;Gap=M66 N80 M102 N86 M433;coverage=100.0;identity=100.0;matches=580;mismatches=0;indels=0;unknowns=21
###
Chr05	A2	EST_match	31054962	31056227	98	+	.	ID=AZ12/IA27-29_EST1D_23510_01_60.653_Cotton16_23510_01.path1;Name=AZ12/IA27-29_EST1D_23510_01_60.653_Cotton16_23510_01;Target=AZ12/IA27-29_EST1D_23510_01_60.653_Cotton16_23510_01 7 1095 -;Gap=M50 I3 M183 N94 M130 N88 M326 I3 M231 D1 M163;coverage=99.5;identity=97.7;matches=1065;mismatches=18;indels=7;unknowns=0
###
Chr11	A2	EST_match	99065430	99065901	99	.	.	ID=AZ7/IA25_GS2D_41103p205q20_33.242.path1;Name=AZ7/IA25_GS2D_41103p205q20_33.242;Target=AZ7/IA25_GS2D_41103p205q20_33.242 26 498 -;Gap=M449 I1 M23;coverage=93.7;identity=99.8;matches=452;mismatches=0;indels=1;unknowns=20
###
Chr05	A2	EST_match	82014150	82014447	97	.	.	ID=AZ6/IA16_c4_56616_26.245.path1;Name=AZ6/IA16_c4_56616_26.245;Target=AZ6/IA16_c4_56616_26.245 1 299 -;Gap=M255 I1 M43;coverage=100.0;identity=98.0;matches=290;mismatches=5;indels=1;unknowns=3
###
Chr12	A2	EST_match	80857716	80858011	98	.	.	ID=AZ1/IA1_2_c2_11637_57.406.path1;Name=AZ1/IA1_2_c2_11637_57.406;Target=AZ1/IA1_2_c2_11637_57.406 1 296 -;Gap=M296;coverage=99.3;identity=98.6;matches=290;mismatches=4;indels=0;unknowns=2
###
Chr09	A2	EST_match	3231196	3232937	93	+	.	ID=AZ20/IA23_EST1D_30997_01_542_61.94_Cotton16_30997_01.path1;Name=AZ20/IA23_EST1D_30997_01_542_61.94_Cotton16_30997_01;Target=AZ20/IA23_EST1D_30997_01_542_61.94_Cotton16_30997_01 7 1347 -;Gap=M96 D6 M78 N392 M1071 D2 M17 D1 M79;coverage=99.6;identity=97.4;matches=1315;mismatches=26;indels=9;unknowns=0
###
Chr04	A2	EST_match	14306395	14308531	99	-	.	ID=AZ14/IA14_EST2D_06190_34.289_Cotton16_06190_01.path1;Name=AZ14/IA14_EST2D_06190_34.289_Cotton16_06190_01;Target=AZ14/IA14_EST2D_06190_34.289_Cotton16_06190_01 1 1268 -;Gap=M168 I2 M139 N109 M249 N223 M276 N78 M88 N156 M77 N193 M51 N112 M218;coverage=100.0;identity=98.7;matches=1252;mismatches=14;indels=2;unknowns=0
###
Chr13	A2	EST_match	58700545	58700810	95	.	.	ID=AZ18/IA8_c4_66214_28.873.path1;Name=AZ18/IA8_c4_66214_28.873;Target=AZ18/IA8_c4_66214_28.873 4 271 +;Gap=M175 I1 M6 I1 M85;coverage=98.9;identity=95.5;matches=252;mismatches=10;indels=2;unknowns=4
###
Chr07	A2	EST_match	23639342	23640750	100	+	.	ID=AZ21/IA20_GS2A_20396p609q3_30.111.path1;Name=AZ21/IA20_GS2A_20396p609q3_30.111;Target=AZ21/IA20_GS2A_20396p609q3_30.111 1 601 -;Gap=M141 N808 M460;coverage=100.0;identity=99.8;matches=573;mismatches=1;indels=0;unknowns=27
###
Chr07	A2	EST_match	23681514	23682931	100	+	.	ID=AZ21/IA20_GS2A_20396p609q3_30.111.path2;Name=AZ21/IA20_GS2A_20396p609q3_30.111;Target=AZ21/IA20_GS2A_20396p609q3_30.111 1 601 -;Gap=M141 N817 M460;coverage=100.0;identity=99.8;matches=573;mismatches=1;indels=0;unknowns=27
###
Chr07	A2	EST_match	71646924	71647224	97	.	.	ID=AZ16_17/IA22_c4_10256_70.052.path1;Name=AZ16_17/IA22_c4_10256_70.052;Target=AZ16_17/IA22_c4_10256_70.052 1 301 -;Gap=M301;coverage=100.0;identity=97.7;matches=292;mismatches=7;indels=0;unknowns=2
###
Chr05	A2	EST_match	77860739	77861038	98	.	.	ID=AZ6/IA16_c4_49539_26.022.path1;Name=AZ6/IA16_c4_49539_26.022;Target=AZ6/IA16_c4_49539_26.022 1 301 +;Gap=M190 I1 M110;coverage=100.0;identity=98.3;matches=295;mismatches=4;indels=1;unknowns=1
###
Chr13	A2	EST_match	122467623	122468914	100	-	.	ID=AZ29/IA13_GS2D_29961p594q4_17.416.path1;Name=AZ29/IA13_GS2D_29961p594q4_17.416;Target=AZ29/IA13_GS2D_29961p594q4_17.416 1 598 +;Gap=M329 N695 M241 I1 M27;coverage=99.5;identity=99.8;matches=584;mismatches=0;indels=1;unknowns=13
###
Chr09	A2	EST_match	62386765	62387046	98	.	.	ID=AZ24/IA5_c4_75610_55.952.path1;Name=AZ24/IA5_c4_75610_55.952;Target=AZ24/IA5_c4_75610_55.952 19 301 -;Gap=M194 I1 M88;coverage=94.0;identity=98.2;matches=277;mismatches=4;indels=1;unknowns=1
###
Chr07	A2	EST_match	96341206	96343505	100	-	.	ID=AZ16_17/IA22_EST1A_00010_17_14.334_Cotton16_00010_17.path1;Name=AZ16_17/IA22_EST1A_00010_17_14.334_Cotton16_00010_17;Target=AZ16_17/IA22_EST1A_00010_17_14.334_Cotton16_00010_17 1 1301 -;Gap=M407 N94 M274 N719 M173 N109 M210 N77 M237;coverage=99.2;identity=99.5;matches=1295;mismatches=6;indels=0;unknowns=0
###
Chr11	A2	EST_match	67273868	67276505	99	-	.	ID=AZ15/IA17_18_EST1A_00072_04_36.376_Cotton16_00072_04.path1;Name=AZ15/IA17_18_EST1A_00072_04_36.376_Cotton16_00072_04;Target=AZ15/IA17_18_EST1A_00072_04_36.376_Cotton16_00072_04 1 1357 -;Gap=M35 D4 M8 I1 M24 D6 M80 I1 M53 D2 M373 N292 M213 N94 M219 N192 M146 N693 M204;coverage=99.4;identity=97.4;matches=1333;mismatches=22;indels=14;unknowns=0
###
Chr04	A2	EST_match	14759569	14759873	79	.	.	ID=AZ14/IA14_c4_10606_32.992.path1;Name=AZ14/IA14_c4_10606_32.992;Target=AZ14/IA14_c4_10606_32.992 1 285 -;Gap=M38 D9 M12 D1 M13 D14 M146 I4 M72;coverage=94.7;identity=79.9;matches=246;mismatches=34;indels=28;unknowns=1
###
Chr11	A2	EST_match	119879303	119880400	97	.	.	ID=AZ8/IA26_EST1D_07319_01_230_0_Cotton16_07319_01.path1;Name=AZ8/IA26_EST1D_07319_01_230_0_Cotton16_07319_01;Target=AZ8/IA26_EST1D_07319_01_230_0_Cotton16_07319_01 1 1071 +;Gap=M32 D27 M1039;coverage=100.0;identity=97.2;matches=1067;mismatches=4;indels=27;unknowns=0
###
Chr08	A2	EST_match	4051521	4051820	91	.	.	ID=AZ9/IA4_ck_03436_15.923.path1;Name=AZ9/IA4_ck_03436_15.923;Target=AZ9/IA4_ck_03436_15.923 1 301 +;Gap=M175 D1 M12 I1 M99 I1 M13;coverage=100.0;identity=91.3;matches=272;mismatches=23;indels=3;unknowns=4
###
Chr09	A2	EST_match	4547419	4547995	91	.	.	ID=AZ20/IA23_ck_57041_54.527.path1;Name=AZ20/IA23_ck_57041_54.527;Target=AZ20/IA23_ck_57041_54.527 1 269 +;Gap=M77 D7 M37 D1 M33 N300 M122;coverage=98.5;identity=91.3;matches=252;mismatches=16;indels=8;unknowns=1
###
Chr09	A2	EST_match	70636942	70637239	98	.	.	ID=AZ24/IA5_ck_52689_85.127.path1;Name=AZ24/IA5_ck_52689_85.127;Target=AZ24/IA5_ck_52689_85.127 1 301 -;Gap=M11 I1 M19 I1 M10 I1 M258;coverage=100.0;identity=98.3;matches=293;mismatches=2;indels=3;unknowns=3
###
Chr12	A2	EST_match	14636059	14637187	100	-	.	ID=AZ2/IA3_GS2A_45293p258q9_24.63.path1;Name=AZ2/IA3_GS2A_45293p258q9_24.63;Target=AZ2/IA3_GS2A_45293p258q9_24.63 33 558 +;Gap=M220 N93 M110 N373 M80 N137 M116;coverage=94.3;identity=99.6;matches=504;mismatches=2;indels=0;unknowns=20
###
Chr12	A2	EST_match	93506552	93506887	85	.	.	ID=AZ1/IA1_2_c3_76188_52.035.path1;Name=AZ1/IA1_2_c3_76188_52.035;Target=AZ1/IA1_2_c3_76188_52.035 1 295 +;Gap=M44 I1 M54 D42 M86 D1 M69 I1 M40;coverage=100.0;identity=85.1;matches=285;mismatches=5;indels=45;unknowns=3
###
Chr01	A2	EST_match	28737638	28737916	84	.	.	ID=AZ21/IA20_c2_14514_15.31.path1;Name=AZ21/IA20_c2_14514_15.31;Target=AZ21/IA20_c2_14514_15.31 20 298 +;Gap=M181 D3 M35 I1 M30 I2 M30;coverage=92.7;identity=84.6;matches=237;mismatches=37;indels=6;unknowns=2
###
Chr13	A2	EST_match	110366813	110368139	99	+	.	ID=AZ18/IA8_GS1A_40993p488q27_7.441.path1;Name=AZ18/IA8_GS1A_40993p488q27_7.441;Target=AZ18/IA8_GS1A_40993p488q27_7.441 1 584 +;Gap=M226 N743 M358;coverage=97.2;identity=99.8;matches=566;mismatches=1;indels=0;unknowns=17
###
Chr02	A2	EST_match	68220418	68220707	96	.	.	ID=AZ30/IA31_c4_66700_26.316.path1;Name=AZ30/IA31_c4_66700_26.316;Target=AZ30/IA31_c4_66700_26.316 2 291 -;Gap=M4 I1 M21 I1 M33 I1 M146 D3 M83;coverage=99.7;identity=96.6;matches=282;mismatches=4;indels=6;unknowns=1
###
Chr10	A2	EST_match	65200096	65200360	82	.	.	ID=AZ32/IA30_ck_51389_40.744.path1;Name=AZ32/IA30_ck_51389_40.744;Target=AZ32/IA30_ck_51389_40.744 1 247 -;Gap=M121 D18 M126;coverage=82.1;identity=82.6;matches=218;mismatches=28;indels=18;unknowns=1
###
Chr07	A2	EST_match	96878269	96878549	99	.	.	ID=AZ16_17/IA22_c3_11606_31.833.path1;Name=AZ16_17/IA22_c3_11606_31.833;Target=AZ16_17/IA22_c3_11606_31.833 1 281 -;Gap=M281;coverage=93.4;identity=99.3;matches=278;mismatches=2;indels=0;unknowns=1
###
Chr07	A2	EST_match	75251446	75251727	99	.	.	ID=AZ16_17/IA22_ck_08110_66.837.path1;Name=AZ16_17/IA22_ck_08110_66.837;Target=AZ16_17/IA22_ck_08110_66.837 1 283 -;Gap=M41 I1 M241;coverage=94.0;identity=99.3;matches=280;mismatches=1;indels=1;unknowns=1
###
Chr13	A2	EST_match	43953027	43953327	97	.	.	ID=AZ18/IA8_c4_106170_28.402.path1;Name=AZ18/IA8_c4_106170_28.402;Target=AZ18/IA8_c4_106170_28.402 1 301 +;Gap=M301;coverage=100.0;identity=98.0;matches=293;mismatches=6;indels=0;unknowns=2
###
Chr03	A2	EST_match	76870353	76870637	97	.	.	ID=AZ10/IA7_c4_81753_15.53.path1;Name=AZ10/IA7_c4_81753_15.53;Target=AZ10/IA7_c4_81753_15.53 1 287 +;Gap=M108 I1 M21 I1 M156;coverage=95.3;identity=97.9;matches=280;mismatches=4;indels=2;unknowns=1
###
Chr07	A2	EST_match	80695017	80695285	83	.	.	ID=AZ21/IA20_c4_16632_0.path1;Name=AZ21/IA20_c4_16632_0;Target=AZ21/IA20_c4_16632_0 1 299 +;Gap=M16 I1 M49 I1 M5 I1 M18 I25 M52 I2 M129;coverage=99.3;identity=83.8;matches=249;mismatches=18;indels=30;unknowns=2
###
Chr02	A2	EST_match	95693956	95694252	98	.	.	ID=AZ30/IA24_c4_78149_0.path1;Name=AZ30/IA24_c4_78149_0;Target=AZ30/IA24_c4_78149_0 1 299 +;Gap=M29 I1 M255 I1 M13;coverage=100.0;identity=98.3;matches=292;mismatches=3;indels=2;unknowns=2
###
Chr10	A2	EST_match	7755291	7757015	100	+	.	ID=AZ32/IA30_GS1D_35377p470q22_0.path1;Name=AZ32/IA30_GS1D_35377p470q22_0;Target=AZ32/IA30_GS1D_35377p470q22_0 2 559 -;Gap=M45 N105 M40 N781 M364 N281 M109;coverage=95.7;identity=100.0;matches=548;mismatches=0;indels=0;unknowns=10
###
Chr09	A2	EST_match	1809643	1809912	82	.	.	ID=AZ7/IA25_c4_41050_49.641.path1;Name=AZ7/IA25_c4_41050_49.641;Target=AZ7/IA25_c4_41050_49.641 12 277 +;Gap=M83 D1 M10 I1 M70 D4 M102;coverage=88.4;identity=82.9;matches=223;mismatches=40;indels=6;unknowns=2
###
Chr09	A2	EST_match	3675138	3675443	88	.	.	ID=AZ20/IA23_c2_03579_55.944.path1;Name=AZ20/IA23_c2_03579_55.944;Target=AZ20/IA23_c2_03579_55.944 1 301 -;Gap=M80 I1 M7 I1 M10 I1 M91 D7 M81 D1 M29;coverage=100.0;identity=89.0;matches=274;mismatches=23;indels=11;unknowns=1
###
Chr05	A2	EST_match	29330289	29332306	98	-	.	ID=AZ12/IA27-29_GS2D_51331p736q38_65.472.path1;Name=AZ12/IA27-29_GS2D_51331p736q38_65.472;Target=AZ12/IA27-29_GS2D_51331p736q38_65.472 5 527 -;Gap=M83 N90 M294 N1405 M146;coverage=92.1;identity=99.2;matches=506;mismatches=4;indels=0;unknowns=13
###
Chr02	A2	EST_match	60361482	60361765	95	.	.	ID=AZ13/IA10_c4_09583_11.732.path1;Name=AZ13/IA10_c4_09583_11.732;Target=AZ13/IA10_c4_09583_11.732 6 290 +;Gap=M20 I1 M264;coverage=98.3;identity=95.6;matches=261;mismatches=11;indels=1;unknowns=12
###
Chr08	A2	EST_match	14129276	14129556	96	.	.	ID=AZ23/IA19_c2_22276_42.794.path1;Name=AZ23/IA19_c2_22276_42.794;Target=AZ23/IA19_c2_22276_42.794 14 301 +;Gap=M167 I7 M114;coverage=95.7;identity=96.9;matches=277;mismatches=2;indels=7;unknowns=2
###
Chr01	A2	EST_match	13043326	13044147	96	+	.	ID=AZ30/IA36_EST1A_32413_01_47.067_Cotton16_32413_01.path1;Name=AZ30/IA36_EST1A_32413_01_47.067_Cotton16_32413_01;Target=AZ30/IA36_EST1A_32413_01_47.067_Cotton16_32413_01 9 638 -;Gap=M3 D1 M124 N76 M250 N115 M253;coverage=98.6;identity=97.0;matches=612;mismatches=18;indels=1;unknowns=0
###
Chr13	A2	EST_match	26818629	26818916	88	.	.	ID=AZ4/IA37_c4_41113_0.path1;Name=AZ4/IA37_c4_41113_0;Target=AZ4/IA37_c4_41113_0 13 301 +;Gap=M114 I1 M56 I1 M25 I1 M47 D2 M44;coverage=96.0;identity=88.6;matches=257;mismatches=28;indels=5;unknowns=1
###
Chr07	A2	EST_match	5615508	5615804	87	.	.	ID=AZ4/IA37_c4_41113_0.path2;Name=AZ4/IA37_c4_41113_0;Target=AZ4/IA37_c4_41113_0 5 301 +;Gap=M122 I1 M62 I1 M67 D2 M44;coverage=98.7;identity=87.6;matches=261;mismatches=33;indels=4;unknowns=1
###
Chr10	A2	EST_match	16750175	16750471	92	.	.	ID=AZ32/IA30_ck_01124_26.397.path1;Name=AZ32/IA30_ck_01124_26.397;Target=AZ32/IA30_ck_01124_26.397 1 301 +;Gap=M20 I1 M71 I1 M14 I2 M192;coverage=100.0;identity=92.3;matches=276;mismatches=19;indels=4;unknowns=2
###
Chr03	A2	EST_match	128611797	128615376	98	.	.	ID=AZ10/IA7_c3_40233_0.path1;Name=AZ10/IA7_c3_40233_0;Target=AZ10/IA7_c3_40233_0 15 301 -;Gap=M148 I1 M56 I1 M34 N3295 M47;coverage=95.3;identity=98.2;matches=280;mismatches=3;indels=2;unknowns=2
###
Chr09	A2	EST_match	3291090	3291385	98	.	.	ID=AZ24/IA5_c4_09464_0.path1;Name=AZ24/IA5_c4_09464_0;Target=AZ24/IA5_c4_09464_0 1 301 +;Gap=M46 I1 M16 I1 M124 I1 M54 I1 M31 I1 M25;coverage=100.0;identity=98.0;matches=294;mismatches=1;indels=5;unknowns=1
###
Chr03	A2	EST_match	17970945	17971218	91	.	.	ID=AZ27/IA33_c4_28721_12.108.path1;Name=AZ27/IA33_c4_28721_12.108;Target=AZ27/IA33_c4_28721_12.108 1 274 +;Gap=M101 D1 M135 D1 M6 I2 M30;coverage=100.0;identity=91.3;matches=251;mismatches=20;indels=4;unknowns=1
###
Chr13	A2	EST_match	92251818	92252116	95	.	.	ID=AZ18/IA8_c4_75264_26.572.path1;Name=AZ18/IA8_c4_75264_26.572;Target=AZ18/IA8_c4_75264_26.572 1 301 +;Gap=M267 I1 M12 I1 M20;coverage=100.0;identity=95.3;matches=283;mismatches=12;indels=2;unknowns=4
###
Chr06	A2	EST_match	126476773	126477271	95	.	.	ID=AZ5/IA6_EST1A_46071_01_40.258_Cotton16_46071_01.path1;Name=AZ5/IA6_EST1A_46071_01_40.258_Cotton16_46071_01;Target=AZ5/IA6_EST1A_46071_01_40.258_Cotton16_46071_01 1 499 +;Gap=M499;coverage=97.8;identity=95.8;matches=478;mismatches=21;indels=0;unknowns=0
###
Chr11	A2	EST_match	74894327	74894596	99	.	.	ID=AZ15/IA17_18_c4_134286_46.328.path1;Name=AZ15/IA17_18_c4_134286_46.328;Target=AZ15/IA17_18_c4_134286_46.328 32 301 +;Gap=M270;coverage=89.7;identity=99.3;matches=266;mismatches=2;indels=0;unknowns=2
###
Chr04	A2	EST_match	35709718	35710013	96	.	.	ID=AZ33/IA32_c4_28198_51.856.path1;Name=AZ33/IA32_c4_28198_51.856;Target=AZ33/IA32_c4_28198_51.856 1 301 +;Gap=M20 I1 M85 I1 M12 I1 M6 I1 M131 I2 M13 D1 M28;coverage=100.0;identity=96.0;matches=288;mismatches=5;indels=7;unknowns=2
###
Chr03	A2	EST_match	82813196	82813492	93	.	.	ID=AZ33/IA32_c4_28198_51.856.path2;Name=AZ33/IA32_c4_28198_51.856;Target=AZ33/IA32_c4_28198_51.856 1 301 -;Gap=M34 I1 M7 I1 M109 D1 M23 I1 M2 I1 M58 I1 M63;coverage=100.0;identity=93.7;matches=281;mismatches=13;indels=6;unknowns=2
###
Chr03	A2	EST_match	71277655	71277940	97	.	.	ID=AZ10/IA7_c4_16854_18.782.path1;Name=AZ10/IA7_c4_16854_18.782;Target=AZ10/IA7_c4_16854_18.782 1 288 -;Gap=M57 I1 M56 I1 M173;coverage=95.7;identity=97.6;matches=280;mismatches=5;indels=2;unknowns=1
###
Chr11	A2	EST_match	77900967	77901261	89	.	.	ID=AZ15/IA17_18_c4_07089_49.51.path1;Name=AZ15/IA17_18_c4_07089_49.51;Target=AZ15/IA17_18_c4_07089_49.51 4 301 -;Gap=M172 I1 M39 I1 M33 I1 M51;coverage=99.0;identity=89.2;matches=265;mismatches=29;indels=3;unknowns=1
###
Chr07	A2	EST_match	12917030	12917318	86	.	.	ID=AZ15/IA17_18_c4_07089_49.51.path2;Name=AZ15/IA17_18_c4_07089_49.51;Target=AZ15/IA17_18_c4_07089_49.51 4 301 +;Gap=M53 I1 M12 I8 M224;coverage=99.0;identity=86.9;matches=258;mismatches=30;indels=9;unknowns=1
###
Chr10	A2	EST_match	100299930	100300226	96	.	.	ID=AZ19/IA15_c3_35478_31.826.path1;Name=AZ19/IA15_c3_35478_31.826;Target=AZ19/IA15_c3_35478_31.826 1 299 -;Gap=M15 I1 M55 I2 M189 D1 M37;coverage=99.3;identity=96.3;matches=286;mismatches=7;indels=4;unknowns=3
###
Chr08	A2	EST_match	1793639	1794304	87	.	.	ID=AZ9/IA4_EST2_18036_01_0_Cotton16_18036_01.path1;Name=AZ9/IA4_EST2_18036_01_0_Cotton16_18036_01;Target=AZ9/IA4_EST2_18036_01_0_Cotton16_18036_01 7 691 -;Gap=M61 I32 M64 I1 M257 D3 M46 D12 M23 I1 M200;coverage=97.7;identity=87.1;matches=610;mismatches=41;indels=49;unknowns=0
###
Chr08	A2	EST_match	121915683	121915979	93	.	.	ID=AZ9/IA4_ck_45985_66.836.path1;Name=AZ9/IA4_ck_45985_66.836;Target=AZ9/IA4_ck_45985_66.836 4 301 -;Gap=M56 I1 M241;coverage=99.0;identity=93.3;matches=277;mismatches=19;indels=1;unknowns=1
###
Chr02	A2	EST_match	97268239	97268558	95	.	.	ID=AZ13/IA10_c4_21328_38.672.path1;Name=AZ13/IA10_c4_21328_38.672;Target=AZ13/IA10_c4_21328_38.672 1 269 +;Gap=M72 I1 M51 I1 M25 D2 M24 N51 M95;coverage=89.4;identity=92.6;matches=249;mismatches=16;indels=4;unknowns=2
###
Chr04	A2	EST_match	24086686	24086982	91	.	.	ID=AZ14/IA14_cs_173_31.302.path1;Name=AZ14/IA14_cs_173_31.302;Target=AZ14/IA14_cs_173_31.302 1 301 +;Gap=M166 I1 M11 I2 M83 I1 M37;coverage=100.0;identity=91.3;matches=274;mismatches=22;indels=4;unknowns=1
###
Chr01	A2	EST_match	40242490	40242774	94	.	.	ID=AZ13/IA10_c4_68957_9.246.path1;Name=AZ13/IA10_c4_68957_9.246;Target=AZ13/IA10_c4_68957_9.246 25 296 -;Gap=M75 I1 M128 N27 M55;coverage=91.9;identity=94.2;matches=243;mismatches=14;indels=1;unknowns=1
###
Chr13	A2	EST_match	117247428	117247726	96	.	.	ID=AZ26/IA9_c4_43125_0.path1;Name=AZ26/IA9_c4_43125_0;Target=AZ26/IA9_c4_43125_0 2 301 +;Gap=M19 I1 M280;coverage=99.7;identity=96.7;matches=289;mismatches=9;indels=1;unknowns=1
###
Chr04	A2	EST_match	85886877	85887167	88	.	.	ID=AZ21/IA20_c4_46170_3.81.path1;Name=AZ21/IA20_c4_46170_3.81;Target=AZ21/IA20_c4_46170_3.81 8 299 +;Gap=M67 I1 M224;coverage=97.0;identity=88.7;matches=258;mismatches=32;indels=1;unknowns=1
###
Chr10	A2	EST_match	86017695	86017993	87	.	.	ID=AZ21/IA20_c4_46170_3.81.path2;Name=AZ21/IA20_c4_46170_3.81;Target=AZ21/IA20_c4_46170_3.81 1 299 -;Gap=M299;coverage=99.3;identity=87.6;matches=261;mismatches=37;indels=0;unknowns=1
###
Chr11	A2	EST_match	13538370	13538663	98	.	.	ID=AZ15/IA17_18_c3_28470_62.336.path1;Name=AZ15/IA17_18_c3_28470_62.336;Target=AZ15/IA17_18_c3_28470_62.336 1 297 -;Gap=M56 I1 M7 I1 M215 I1 M16;coverage=100.0;identity=99.0;matches=292;mismatches=0;indels=3;unknowns=2
###
Chr11	A2	EST_match	99661668	99661962	90	.	.	ID=AZ13/IA10_c2_114573_0.path1;Name=AZ13/IA10_c2_114573_0;Target=AZ13/IA10_c2_114573_0 2 297 +;Gap=M240 I1 M55;coverage=99.7;identity=90.8;matches=268;mismatches=26;indels=1;unknowns=1
###
Chr01	A2	EST_match	85704985	85705280	89	.	.	ID=AZ13/IA10_c2_114573_0.path2;Name=AZ13/IA10_c2_114573_0;Target=AZ13/IA10_c2_114573_0 2 297 +;Gap=M156 D1 M82 I1 M57;coverage=99.7;identity=89.9;matches=266;mismatches=28;indels=2;unknowns=1
###
Chr11	A2	EST_match	100179620	100180612	100	-	.	ID=AZ2/IA3_EST1D_27871_01_52.821_Cotton16_27871_02.path1;Name=AZ2/IA3_EST1D_27871_01_52.821_Cotton16_27871_02;Target=AZ2/IA3_EST1D_27871_01_52.821_Cotton16_27871_02 1 494 +;Gap=M470 N499 M24;coverage=100.0;identity=100.0;matches=494;mismatches=0;indels=0;unknowns=0
###
Chr05	A2	EST_match	37487605	37487902	88	.	.	ID=AZ32/IA30_c4_68073_35.965.path1;Name=AZ32/IA30_c4_68073_35.965;Target=AZ32/IA30_c4_68073_35.965 1 300 +;Gap=M208 I2 M90;coverage=99.7;identity=88.3;matches=263;mismatches=33;indels=2;unknowns=2
###
Chr01	A2	EST_match	104305058	104305351	87	.	.	ID=AZ32/IA30_c4_68073_35.965.path2;Name=AZ32/IA30_c4_68073_35.965;Target=AZ32/IA30_c4_68073_35.965 1 296 +;Gap=M182 I2 M112;coverage=98.3;identity=87.8;matches=258;mismatches=34;indels=2;unknowns=2
###
Chr08	A2	EST_match	126582169	126582465	88	.	.	ID=AZ9/IA4_c2_51863_83.62.path1;Name=AZ9/IA4_c2_51863_83.62;Target=AZ9/IA4_c2_51863_83.62 1 301 +;Gap=M27 I1 M159 I1 M17 I1 M15 D6 M16 I7 M57;coverage=100.0;identity=88.6;matches=271;mismatches=19;indels=16;unknowns=1
###
Chr09	A2	EST_match	1941766	1946094	95	-	.	ID=AZ20/IA23_EST1D_12374_68.554_Cotton16_12374_01.path1;Name=AZ20/IA23_EST1D_12374_68.554_Cotton16_12374_01;Target=AZ20/IA23_EST1D_12374_68.554_Cotton16_12374_01 24 1971 -;Gap=M50 D2 M9 D4 M12 D29 M20 D5 M47 I1 M307 N81 M249 N101 M139 N514 M219 N480 M376 N92 M268 N1074 M251;coverage=98.6;identity=94.5;matches=1879;mismatches=68;indels=41;unknowns=0
###
Chr11	A2	EST_match	52374585	52374875	86	.	.	ID=AZ7/IA25_c4_06564_49.032.path1;Name=AZ7/IA25_c4_06564_49.032;Target=AZ7/IA25_c4_06564_49.032 4 301 +;Gap=M60 I6 M30 I2 M118 D1 M82;coverage=99.0;identity=86.6;matches=258;mismatches=31;indels=9;unknowns=1
###
Chr08	A2	EST_match	120895561	120902111	96	+	.	ID=AZ9/IA4_c3_00986_63.78.path1;Name=AZ9/IA4_c3_00986_63.78;Target=AZ9/IA4_c3_00986_63.78 4 301 +;Gap=M12 I1 M51 I2 M39 I1 M26 I1 M3 I1 M28 D1 M18 D28 M52 N6230 M63;coverage=99.0;identity=82.2;matches=268;mismatches=23;indels=35;unknowns=1
###
Chr04	A2	EST_match	39579347	39579639	87	.	.	ID=AZ14/IA14_cs_12499_28.024.path1;Name=AZ14/IA14_cs_12499_28.024;Target=AZ14/IA14_cs_12499_28.024 3 301 +;Gap=M186 I1 M60 I3 M35 I2 M12;coverage=99.3;identity=87.8;matches=260;mismatches=30;indels=6;unknowns=3
###
Chr05	A2	EST_match	75028129	75028426	97	.	.	ID=AZ6/IA16_c3_58090_18.726.path1;Name=AZ6/IA16_c3_58090_18.726;Target=AZ6/IA16_c3_58090_18.726 1 301 +;Gap=M12 I1 M37 I1 M147 I1 M102;coverage=100.0;identity=97.3;matches=291;mismatches=5;indels=3;unknowns=2
###
Chr11	A2	EST_match	28564780	28565050	93	.	.	ID=AZ15/IA17_18_c3_63275_51.324.path1;Name=AZ15/IA17_18_c3_63275_51.324;Target=AZ15/IA17_18_c3_63275_51.324 1 272 +;Gap=M77 I3 M17 I1 M151 D3 M23;coverage=93.2;identity=93.4;matches=255;mismatches=11;indels=7;unknowns=2
###
Chr11	A2	EST_match	67614032	67811690	95	.	.	ID=AZ16_17/IA22_c4_117179_75.801.path1;Name=AZ16_17/IA22_c4_117179_75.801;Target=AZ16_17/IA22_c4_117179_75.801 1 284 +;Gap=M135 N6889 M11 N180774 M1 N1676 M7 N1105 M4 N6955 M59 I1 M43;coverage=100.0;identity=96.2;matches=251;mismatches=9;indels=1;unknowns=0
###
Chr10	A2	EST_match	37217440	37336648	91	.	.	ID=AZ16_17/IA22_c4_117179_75.801.path2;Name=AZ16_17/IA22_c4_117179_75.801;Target=AZ16_17/IA22_c4_117179_75.801 36 284 -;Gap=M41 I1 M43 I1 M21 N111512 M82 N7450 M60;coverage=87.7;identity=93.1;matches=231;mismatches=15;indels=2;unknowns=1
###
Chr07	A2	EST_match	7649993	7651707	99	+	.	ID=AZ16_17/IA22_GS1A_23155p1125q16_35.735.path1;Name=AZ16_17/IA22_GS1A_23155p1125q16_35.735;Target=AZ16_17/IA22_GS1A_23155p1125q16_35.735 1 461 -;Gap=M213 N204 M70 N729 M106 N321 M72;coverage=95.1;identity=99.8;matches=456;mismatches=1;indels=0;unknowns=4
###
Chr07	A2	EST_match	65794343	65794605	96	.	.	ID=AZ16_17/IA22_c4_40887_74.93.path1;Name=AZ16_17/IA22_c4_40887_74.93;Target=AZ16_17/IA22_c4_40887_74.93 1 266 +;Gap=M206 I2 M25 I1 M32;coverage=93.3;identity=97.0;matches=256;mismatches=5;indels=3;unknowns=2
###
Chr01	A2	EST_match	108634035	108634285	90	.	.	ID=AZ28/IA36_c4_00832_36.471.path1;Name=AZ28/IA36_c4_00832_36.471;Target=AZ28/IA36_c4_00832_36.471 1 251 +;Gap=M14 I1 M120 D1 M116;coverage=83.4;identity=90.0;matches=225;mismatches=23;indels=2;unknowns=2
###
Chr12	A2	EST_match	4986378	4986664	95	.	.	ID=AZ1/IA1_2_c4_63363_137.446.path1;Name=AZ1/IA1_2_c4_63363_137.446;Target=AZ1/IA1_2_c4_63363_137.446 1 293 +;Gap=M24 I1 M2 I1 M103 I1 M19 I1 M45 I1 M31 I1 M63;coverage=100.0;identity=95.9;matches=280;mismatches=6;indels=6;unknowns=1
###
Chr11	A2	EST_match	113226464	113226740	98	.	.	ID=AZ15/IA17_18_c4_26580_11.663.path1;Name=AZ15/IA17_18_c4_26580_11.663;Target=AZ15/IA17_18_c4_26580_11.663 3 279 -;Gap=M277;coverage=92.0;identity=98.9;matches=273;mismatches=3;indels=0;unknowns=1
###
Chr02	A2	EST_match	86456635	86456908	99	.	.	ID=AZ30/IA32_c4_73990_27.621.path1;Name=AZ30/IA32_c4_73990_27.621;Target=AZ30/IA32_c4_73990_27.621 1 275 +;Gap=M222 I1 M52;coverage=91.4;identity=99.3;matches=272;mismatches=1;indels=1;unknowns=1
###
Chr09	A2	EST_match	48724659	48729312	89	.	.	ID=AZ20/IA23_c4_101926_29.96.path1;Name=AZ20/IA23_c4_101926_29.96;Target=AZ20/IA23_c4_101926_29.96 31 272 +;Gap=M42 N4412 M200;coverage=88.6;identity=90.5;matches=218;mismatches=23;indels=0;unknowns=1
###
Chr13	A2	EST_match	13766711	13766977	91	.	.	ID=AZ15/IA17_18_c4_16509_48.674.path1;Name=AZ15/IA17_18_c4_16509_48.674;Target=AZ15/IA17_18_c4_16509_48.674 25 293 +;Gap=M148 I1 M21 I1 M98;coverage=89.4;identity=91.0;matches=244;mismatches=22;indels=2;unknowns=1
###
Chr04	A2	EST_match	12830101	12830377	90	.	.	ID=AZ15/IA17_18_c4_16509_48.674.path2;Name=AZ15/IA17_18_c4_16509_48.674;Target=AZ15/IA17_18_c4_16509_48.674 23 301 -;Gap=M105 I1 M21 I1 M151;coverage=92.7;identity=90.3;matches=251;mismatches=25;indels=2;unknowns=1
###
Chr04	A2	EST_match	82890780	82891054	96	.	.	ID=AZ14/IA14_c2_14014_26.69.path1;Name=AZ14/IA14_c2_14014_26.69;Target=AZ14/IA14_c2_14014_26.69 1 275 -;Gap=M81 D1 M125 I1 M68;coverage=100.0;identity=96.0;matches=264;mismatches=9;indels=2;unknowns=1
###
Chr10	A2	EST_match	9569998	9570274	92	.	.	ID=AZ32/IA30_c4_35467_10.048.path1;Name=AZ32/IA30_c4_35467_10.048;Target=AZ32/IA30_c4_35467_10.048 1 278 +;Gap=M241 I1 M36;coverage=100.0;identity=92.7;matches=254;mismatches=19;indels=1;unknowns=4
###
Chr01	A2	EST_match	74606917	74607217	97	.	.	ID=AZ30/IA25_c2_38857_18.553.path1;Name=AZ30/IA25_c2_38857_18.553;Target=AZ30/IA25_c2_38857_18.553 1 301 -;Gap=M301;coverage=100.0;identity=98.0;matches=293;mismatches=6;indels=0;unknowns=2
###
Chr01	A2	EST_match	26111187	26111659	100	-	.	ID=AZ13/IA10_GS1D_42198p123q14_3.45.path1;Name=AZ13/IA10_GS1D_42198p123q14_3.45;Target=AZ13/IA10_GS1D_42198p123q14_3.45 52 423 -;Gap=M62 D6 M8 I2 M81 D3 M197 N94 M22;coverage=87.9;identity=97.0;matches=354;mismatches=0;indels=11;unknowns=16
###
Chr06	A2	EST_match	22644076	22644373	95	.	.	ID=AZ5/IA6_c2_22447_75.074.path1;Name=AZ5/IA6_c2_22447_75.074;Target=AZ5/IA6_c2_22447_75.074 1 301 -;Gap=M54 I2 M181 I1 M63;coverage=100.0;identity=96.0;matches=286;mismatches=9;indels=3;unknowns=3
###
Chr07	A2	EST_match	22851431	22851728	91	.	.	ID=AZ21/IA20_ck_75214_19.19.path1;Name=AZ21/IA20_ck_75214_19.19;Target=AZ21/IA20_ck_75214_19.19 1 301 +;Gap=M29 I1 M115 I1 M123 I1 M31;coverage=100.0;identity=91.0;matches=273;mismatches=24;indels=3;unknowns=1
###
Chr03	A2	EST_match	32876129	32876420	92	.	.	ID=AZ10/IA7_ck_56835_12.218.path1;Name=AZ10/IA7_ck_56835_12.218;Target=AZ10/IA7_ck_56835_12.218 2 301 -;Gap=M151 I8 M141;coverage=99.7;identity=92.6;matches=277;mismatches=14;indels=8;unknowns=1
###
Chr11	A2	EST_match	53047108	53047400	92	.	.	ID=AZ10/IA7_ck_56835_12.218.path2;Name=AZ10/IA7_ck_56835_12.218;Target=AZ10/IA7_ck_56835_12.218 1 301 -;Gap=M151 I8 M142;coverage=100.0;identity=92.3;matches=277;mismatches=15;indels=8;unknowns=1
###
Chr13	A2	EST_match	34355050	34355336	97	.	.	ID=AZ18/IA8_c4_31345_29.714.path1;Name=AZ18/IA8_c4_31345_29.714;Target=AZ18/IA8_c4_31345_29.714 1 292 -;Gap=M188 I1 M7 I1 M37 I1 M26 I1 M12 I1 M17;coverage=100.0;identity=97.9;matches=285;mismatches=1;indels=5;unknowns=1
###
Chr09	A2	EST_match	1088032	1088323	91	.	.	ID=AZ7/IA25_c4_00602_48.375.path1;Name=AZ7/IA25_c4_00602_48.375;Target=AZ7/IA25_c4_00602_48.375 1 295 +;Gap=M16 I1 M182 I2 M94;coverage=100.0;identity=91.2;matches=268;mismatches=23;indels=3;unknowns=1
###
Chr06	A2	EST_match	124929944	124930756	94	.	.	ID=AZ31/IA31_EST1D_09108_01_52.743_Cotton16_09108_01.path1;Name=AZ31/IA31_EST1D_09108_01_52.743_Cotton16_09108_01;Target=AZ31/IA31_EST1D_09108_01_52.743_Cotton16_09108_01 1 801 +;Gap=M96 D7 M1 I7 M403 D12 M294;coverage=95.9;identity=94.4;matches=774;mismatches=20;indels=26;unknowns=0
###
Chr07	A2	EST_match	53248992	53249238	84	.	.	ID=AZ20/IA23_ck_77717_37.95.path1;Name=AZ20/IA23_ck_77717_37.95;Target=AZ20/IA23_ck_77717_37.95 6 257 +;Gap=M15 I1 M15 I1 M8 I1 M101 I1 M12 I1 M96;coverage=92.6;identity=84.4;matches=211;mismatches=34;indels=5;unknowns=2
###
Chr04	A2	EST_match	77567275	77567548	98	.	.	ID=AZ8/IA26_c2_01304_19.924.path1;Name=AZ8/IA26_c2_01304_19.924;Target=AZ8/IA26_c2_01304_19.924 27 301 +;Gap=M138 I1 M136;coverage=91.4;identity=98.5;matches=269;mismatches=3;indels=1;unknowns=2
###
Chr07	A2	EST_match	3734059	3734144	100	.	.	ID=AZ12/IA27-29_GS1D_23044p418q14_100.379.path1;Name=AZ12/IA27-29_GS1D_23044p418q14_100.379;Target=AZ12/IA27-29_GS1D_23044p418q14_100.379 1 86 +;Gap=M86;coverage=14.3;identity=100.0;matches=83;mismatches=0;indels=0;unknowns=3
###
Chr05	A2	EST_match	16577440	16578398	100	+	.	ID=AZ12/IA27-29_GS1D_23044p418q14_100.379.path2;Name=AZ12/IA27-29_GS1D_23044p418q14_100.379;Target=AZ12/IA27-29_GS1D_23044p418q14_100.379 87 601 -;Gap=M95 N293 M124 N152 M169 I1 M126;coverage=85.7;identity=99.8;matches=493;mismatches=0;indels=1;unknowns=21
###
Chr10	A2	EST_match	28957841	28958468	100	-	.	ID=AZ19/IA15_GS1A_32899p478q21_30.315.path1;Name=AZ19/IA15_GS1A_32899p478q21_30.315;Target=AZ19/IA15_GS1A_32899p478q21_30.315 1 525 +;Gap=M426 N103 M99;coverage=87.4;identity=100.0;matches=504;mismatches=0;indels=0;unknowns=21
###
Chr03	A2	EST_match	4027119	4027391	97	.	.	ID=AZ25/IA11_12_ck_09867_40.079.path1;Name=AZ25/IA11_12_ck_09867_40.079;Target=AZ25/IA11_12_ck_09867_40.079 1 277 -;Gap=M64 I1 M24 I1 M11 I1 M134 I1 M40;coverage=92.0;identity=97.8;matches=270;mismatches=2;indels=4;unknowns=1
###
Chr12	A2	EST_match	36239840	36243451	81	+	.	ID=AZ2/IA3_c4_09140_0.396.path1;Name=AZ2/IA3_c4_09140_0.396;Target=AZ2/IA3_c4_09140_0.396 4 270 +;Gap=M217 N3342 M1 D3 M49;coverage=96.7;identity=89.2;matches=239;mismatches=26;indels=3;unknowns=2
###
Chr09	A2	EST_match	70325590	70325671	100	.	.	ID=AZ5/IA6_GS1A_14865p560q19_77.798.path1;Name=AZ5/IA6_GS1A_14865p560q19_77.798;Target=AZ5/IA6_GS1A_14865p560q19_77.798 1 82 +;Gap=M82;coverage=13.6;identity=100.0;matches=81;mismatches=0;indels=0;unknowns=1
###
Chr06	A2	EST_match	12336851	12338632	100	-	.	ID=AZ5/IA6_GS1A_14865p560q19_77.798.path2;Name=AZ5/IA6_GS1A_14865p560q19_77.798;Target=AZ5/IA6_GS1A_14865p560q19_77.798 83 601 +;Gap=M346 N1263 M173;coverage=86.4;identity=100.0;matches=512;mismatches=0;indels=0;unknowns=7
###
Chr11	A2	EST_match	80581707	80581989	90	.	.	ID=AZ14/IA14_c4_50627_30.11.path1;Name=AZ14/IA14_c4_50627_30.11;Target=AZ14/IA14_c4_50627_30.11 13 300 +;Gap=M168 I2 M3 D1 M29 I1 M6 I1 M9 I1 M16 I1 M51;coverage=95.7;identity=90.6;matches=260;mismatches=20;indels=7;unknowns=2
###
Chr05	A2	EST_match	78801575	78801838	91	.	.	ID=AZ14/IA14_c4_50627_30.11.path2;Name=AZ14/IA14_c4_50627_30.11;Target=AZ14/IA14_c4_50627_30.11 33 301 +;Gap=M150 I1 M31 I1 M6 I1 M9 I1 M16 I1 M52;coverage=89.4;identity=91.4;matches=244;mismatches=18;indels=5;unknowns=2
###
Chr10	A2	EST_match	76991838	76992117	95	.	.	ID=AZ10/IA7_c4_15143_15.126.path1;Name=AZ10/IA7_c4_15143_15.126;Target=AZ10/IA7_c4_15143_15.126 1 267 +;Gap=M154 N14 M63 I1 M49;coverage=98.2;identity=97.4;matches=258;mismatches=6;indels=1;unknowns=2
###
Chr05	A2	EST_match	23118601	23119633	95	.	.	ID=AZ12/IA27-29_EST2D_20572_84.155_Cotton16_20572_01.path1;Name=AZ12/IA27-29_EST2D_20572_84.155_Cotton16_20572_01;Target=AZ12/IA27-29_EST2D_20572_84.155_Cotton16_20572_01 30 1075 -;Gap=M558 I12 M115 I1 M360;coverage=97.3;identity=95.5;matches=999;mismatches=34;indels=13;unknowns=0
###
Chr10	A2	EST_match	92207915	92208170	88	.	.	ID=AZ32/IA30_c4_38839_30.804.path1;Name=AZ32/IA30_c4_38839_30.804;Target=AZ32/IA30_c4_38839_30.804 15 271 +;Gap=M220 I1 M36;coverage=93.8;identity=88.2;matches=225;mismatches=29;indels=1;unknowns=2
###
Chr04	A2	EST_match	31989790	31990082	84	.	.	ID=AZ20/IA23_ck_03448_39.125.path1;Name=AZ20/IA23_ck_03448_39.125;Target=AZ20/IA23_ck_03448_39.125 8 301 -;Gap=M62 I1 M231;coverage=97.7;identity=84.8;matches=246;mismatches=43;indels=1;unknowns=4
###
Chr07	A2	EST_match	83350765	83350934	85	.	.	ID=AZ20/IA23_ck_03448_39.125.path2;Name=AZ20/IA23_ck_03448_39.125;Target=AZ20/IA23_ck_03448_39.125 67 236 -;Gap=M170;coverage=56.5;identity=85.1;matches=143;mismatches=25;indels=0;unknowns=2
###
Chr07	A2	EST_match	83369219	83369517	97	.	.	ID=AZ16_17/IA22_c4_04889_77.134.path1;Name=AZ16_17/IA22_c4_04889_77.134;Target=AZ16_17/IA22_c4_04889_77.134 1 301 -;Gap=M31 I1 M240 I1 M28;coverage=100.0;identity=98.0;matches=293;mismatches=4;indels=2;unknowns=2
###
Chr09	A2	EST_match	14702821	14703099	85	.	.	ID=AZ26/IA9_c2_79759_21.134.path1;Name=AZ26/IA9_c2_79759_21.134;Target=AZ26/IA9_c2_79759_21.134 3 298 -;Gap=M131 I17 M148;coverage=98.3;identity=85.4;matches=252;mismatches=26;indels=17;unknowns=1
###
Chr08	A2	EST_match	16025862	16026142	84	.	.	ID=AZ26/IA9_c2_79759_21.134.path2;Name=AZ26/IA9_c2_79759_21.134;Target=AZ26/IA9_c2_79759_21.134 3 298 -;Gap=M136 I16 M29 D1 M115;coverage=98.3;identity=84.8;matches=251;mismatches=28;indels=17;unknowns=1
###
Chr01	A2	EST_match	41145587	41145883	91	.	.	ID=AZ13/IA10_ck_44780_2.771.path1;Name=AZ13/IA10_ck_44780_2.771;Target=AZ13/IA10_ck_44780_2.771 1 301 +;Gap=M182 I1 M15 I1 M23 I1 M13 I1 M64;coverage=100.0;identity=91.3;matches=273;mismatches=22;indels=4;unknowns=2
###
Chr11	A2	EST_match	446406	447256	95	.	.	ID=AZ7/IA25_EST1D_31942_01_643_108.652_Cotton16_31942_01.path1;Name=AZ7/IA25_EST1D_31942_01_643_108.652_Cotton16_31942_01;Target=AZ7/IA25_EST1D_31942_01_643_108.652_Cotton16_31942_01 42 898 -;Gap=M35 I1 M18 I5 M4 D6 M66 I6 M722;coverage=80.6;identity=95.4;matches=823;mismatches=22;indels=18;unknowns=0
###
Chr13	A2	EST_match	35289770	35289919	90	.	.	ID=AZ26/IA9_c3_01023_22.324.path1;Name=AZ26/IA9_c3_01023_22.324;Target=AZ26/IA9_c3_01023_22.324 1 150 -;Gap=M150;coverage=49.8;identity=90.0;matches=135;mismatches=15;indels=0;unknowns=0
###
Chr06	A2	EST_match	127032311	127034742	94	-	.	ID=AZ31/IA31_EST1D_32193_01_61.054_Cotton16_32193_01.path1;Name=AZ31/IA31_EST1D_32193_01_61.054_Cotton16_32193_01;Target=AZ31/IA31_EST1D_32193_01_61.054_Cotton16_32193_01 1 948 +;Gap=M18 I6 M491 N810 M102 N680 M331;coverage=100.0;identity=96.0;matches=910;mismatches=32;indels=6;unknowns=0
###
Chr07	A2	EST_match	19376206	19376500	95	.	.	ID=AZ16_17/IA22_cs_1083_54.222.path1;Name=AZ16_17/IA22_cs_1083_54.222;Target=AZ16_17/IA22_cs_1083_54.222 1 301 -;Gap=M26 I1 M26 I1 M80 I1 M133 I2 M9 I1 M21;coverage=100.0;identity=95.3;matches=284;mismatches=8;indels=6;unknowns=3
###
Chr05	A2	EST_match	2541138	2541345	90	.	.	ID=AZ12/IA27-29_c4_131801_156.219.path1;Name=AZ12/IA27-29_c4_131801_156.219;Target=AZ12/IA27-29_c4_131801_156.219 10 219 -;Gap=M62 I1 M23 I1 M123;coverage=69.8;identity=90.4;matches=189;mismatches=18;indels=2;unknowns=1
###
Chr02	A2	EST_match	87941531	87941827	97	.	.	ID=AZ30/IA33_c4_26482_30.14.path1;Name=AZ30/IA33_c4_26482_30.14;Target=AZ30/IA33_c4_26482_30.14 1 301 +;Gap=M52 I1 M7 I1 M90 I1 M121 I1 M27;coverage=100.0;identity=97.3;matches=292;mismatches=4;indels=4;unknowns=1
###
Chr11	A2	EST_match	18309537	18309779	86	.	.	ID=AZ14/IA14_c2_50716_43.143.path1;Name=AZ14/IA14_c2_50716_43.143;Target=AZ14/IA14_c2_50716_43.143 1 248 +;Gap=M7 D1 M25 I1 M80 I12 M50 D2 M8 D4 M4 D1 M61;coverage=82.9;identity=86.7;matches=221;mismatches=13;indels=21;unknowns=1
###
Chr04	A2	EST_match	5589488	5589725	89	.	.	ID=AZ14/IA14_c2_50716_43.143.path2;Name=AZ14/IA14_c2_50716_43.143;Target=AZ14/IA14_c2_50716_43.143 1 231 -;Gap=M49 D3 M8 D4 M136 I1 M29 D1 M8;coverage=77.3;identity=89.1;matches=212;mismatches=17;indels=9;unknowns=1
###
Chr06	A2	EST_match	76890285	76890565	89	.	.	ID=AZ27/IA33_c4_39031_14.169.path1;Name=AZ27/IA33_c4_39031_14.169;Target=AZ27/IA33_c4_39031_14.169 1 286 -;Gap=M83 I3 M33 I1 M9 I1 M156;coverage=97.6;identity=89.8;matches=256;mismatches=24;indels=5;unknowns=1
###
Chr03	A2	EST_match	92551839	92552119	89	.	.	ID=AZ27/IA33_c4_39031_14.169.path2;Name=AZ27/IA33_c4_39031_14.169;Target=AZ27/IA33_c4_39031_14.169 1 285 -;Gap=M83 I3 M32 I1 M166;coverage=97.3;identity=89.4;matches=254;mismatches=26;indels=4;unknowns=1
###
Chr12	A2	EST_match	31172453	31174029	98	.	.	ID=AZ1/IA1_2_EST1A_00152_58.817_Cotton16_00152_01.path1;Name=AZ1/IA1_2_EST1A_00152_58.817_Cotton16_00152_01;Target=AZ1/IA1_2_EST1A_00152_58.817_Cotton16_00152_01 49 1628 -;Gap=M34 D1 M1310 I4 M232;coverage=97.1;identity=98.6;matches=1559;mismatches=17;indels=5;unknowns=0
###
Chr07	A2	EST_match	92828710	92828984	82	.	.	ID=AZ7/IA25_c3_11416_42.53.path1;Name=AZ7/IA25_c3_11416_42.53;Target=AZ7/IA25_c3_11416_42.53 6 281 +;Gap=M28 I1 M5 I1 M6 I1 M10 D1 M157 D1 M67;coverage=96.2;identity=82.7;matches=229;mismatches=43;indels=5;unknowns=1
###
Chr05	A2	EST_match	34569007	34569195	84	.	.	ID=AZ7/IA25_c3_11416_42.53.path2;Name=AZ7/IA25_c3_11416_42.53;Target=AZ7/IA25_c3_11416_42.53 89 281 +;Gap=M33 I3 M73 I1 M83;coverage=67.2;identity=84.9;matches=163;mismatches=25;indels=4;unknowns=1
###
Chr07	A2	EST_match	94262144	94262442	88	.	.	ID=AZ22/IA21_c4_14630_0.path1;Name=AZ22/IA21_c4_14630_0;Target=AZ22/IA21_c4_14630_0 1 301 -;Gap=M238 I1 M10 I1 M51;coverage=100.0;identity=88.7;matches=266;mismatches=32;indels=2;unknowns=1
###
Chr05	A2	EST_match	15407053	15407427	88	.	.	ID=AZ12/IA27-29_c2_04598_103.23.path1;Name=AZ12/IA27-29_c2_04598_103.23;Target=AZ12/IA27-29_c2_04598_103.23 1 301 -;Gap=M3 D1 M42 D5 M28 N64 M47 I1 M7 D11 M39 I4 M47 I1 M81;coverage=100.0;identity=87.7;matches=277;mismatches=16;indels=23;unknowns=1
###
Chr12	A2	EST_match	36721160	36947925	84	.	.	ID=AZ14/IA14_c4_07376_0.path1;Name=AZ14/IA14_c4_07376_0;Target=AZ14/IA14_c4_07376_0 18 298 -;Gap=M29 I1 M24 D6 M93 N34300 M12 N32052 M2 N16273 M6 N4266 M4 N790 M10 N12942 M3 N119813 M1 N6124 M16;coverage=93.4;identity=88.4;matches=183;mismatches=17;indels=7;unknowns=0
###
Chr09	A2	EST_match	58682216	58684161	99	-	.	ID=AZ24/IA5_EST1A_07380_01_44.702_Cotton16_07380_01.path1;Name=AZ24/IA5_EST1A_07380_01_44.702_Cotton16_07380_01;Target=AZ24/IA5_EST1A_07380_01_44.702_Cotton16_07380_01 124 1368 -;Gap=M138 I10 M91 I3 M417 N423 M160 N291 M426;coverage=91.0;identity=97.8;matches=1218;mismatches=14;indels=13;unknowns=0
###
Chr03	A2	EST_match	49446296	49448451	98	-	.	ID=AZ10/IA7_EST2A_00002_034_11.814_Cotton16_00002_034.path1;Name=AZ10/IA7_EST2A_00002_034_11.814_Cotton16_00002_034;Target=AZ10/IA7_EST2A_00002_034_11.814_Cotton16_00002_034 31 1408 -;Gap=M97 D11 M88 D30 M129 D27 M178 N83 M247 N517 M120 N110 M519;coverage=97.9;identity=93.5;matches=1352;mismatches=26;indels=68;unknowns=0
###
Chr10	A2	EST_match	61118498	61118726	88	.	.	ID=AZ14/IA14_c4_07561_28.685.path1;Name=AZ14/IA14_c4_07561_28.685;Target=AZ14/IA14_c4_07561_28.685 50 277 +;Gap=M38 I1 M98 D1 M43 D1 M48;coverage=80.9;identity=88.6;matches=203;mismatches=23;indels=3;unknowns=1
###
Chr03	A2	EST_match	122670520	122670809	93	.	.	ID=AZ27/IA33_c4_43075_17.327.path1;Name=AZ27/IA33_c4_43075_17.327;Target=AZ27/IA33_c4_43075_17.327 11 301 +;Gap=M38 I2 M23 D1 M61 I1 M144 D1 M22;coverage=96.7;identity=93.2;matches=272;mismatches=15;indels=5;unknowns=1
###
Chr03	A2	EST_match	73355668	73355965	90	.	.	ID=AZ27/IA33_c4_43075_17.327.path2;Name=AZ27/IA33_c4_43075_17.327;Target=AZ27/IA33_c4_43075_17.327 2 299 -;Gap=M150 D3 M12 I1 M95 I1 M30 I1 M8;coverage=99.0;identity=90.3;matches=271;mismatches=23;indels=6;unknowns=1
###
Chr02	A2	EST_match	6900313	6900580	93	.	.	ID=AZ28/IA36_c4_42671_13.812.path1;Name=AZ28/IA36_c4_42671_13.812;Target=AZ28/IA36_c4_42671_13.812 45 301 +;Gap=M48 I1 M41 D1 M59 D11 M108;coverage=85.4;identity=93.3;matches=249;mismatches=5;indels=13;unknowns=2
###
Chr01	A2	EST_match	78797533	78797806	78	.	.	ID=AZ9/IA4_c4_56022_37.589.path1;Name=AZ9/IA4_c4_56022_37.589;Target=AZ9/IA4_c4_56022_37.589 8 294 -;Gap=M40 I12 M176 I1 M58;coverage=95.3;identity=78.9;matches=224;mismatches=47;indels=13;unknowns=3
###
Chr05	A2	EST_match	96222661	96225897	91	-	.	ID=AZ12/IA27-29_EST2_29942_0_Cotton16_29942_01.path1;Name=AZ12/IA27-29_EST2_29942_0_Cotton16_29942_01;Target=AZ12/IA27-29_EST2_29942_0_Cotton16_29942_01 5 1197 -;Gap=M142 D2 M274 N91 M113 N82 M81 N91 M53 N188 M109 N142 M60 N629 M83 N117 M155 N88 M24 D2 M30 N616 M25 I4 M40;coverage=99.7;identity=96.7;matches=1157;mismatches=32;indels=8;unknowns=0
###
Chr10	A2	EST_match	104861620	105312523	100	.	.	ID=AZ2/IA3_ck_08344_10.418.path1;Name=AZ2/IA3_ck_08344_10.418;Target=AZ2/IA3_ck_08344_10.418 75 205 +;Gap=M80 N450813 M11;coverage=45.2;identity=84.4;matches=76;mismatches=14;indels=0;unknowns=1
###
Chr08	A2	EST_match	120777397	120777440	90	.	.	ID=AZ2/IA3_ck_08344_10.418.path2;Name=AZ2/IA3_ck_08344_10.418;Target=AZ2/IA3_ck_08344_10.418 227 270 +;Gap=M44;coverage=15.2;identity=90.9;matches=40;mismatches=4;indels=0;unknowns=0
###
Chr08	A2	EST_match	115003522	115003647	92	.	.	ID=AZ9/IA4_c4_14095_51.757.path1;Name=AZ9/IA4_c4_14095_51.757;Target=AZ9/IA4_c4_14095_51.757 1 126 -;Gap=M31 I1 M36 I1 M10 D2 M47;coverage=41.9;identity=92.2;matches=118;mismatches=6;indels=4;unknowns=0
###
Chr11	A2	EST_match	116282348	116282567	95	.	.	ID=AZ7/IA25_c4_38231_0.path1;Name=AZ7/IA25_c4_38231_0;Target=AZ7/IA25_c4_38231_0 1 217 -;Gap=M11 D1 M120 I1 M39 D1 M18 D2 M28;coverage=77.5;identity=95.9;matches=211;mismatches=4;indels=5;unknowns=1
###
Chr06	A2	EST_match	61771846	61772100	94	.	.	ID=AZ15/IA17_18_ck_24378_42.294.path1;Name=AZ15/IA17_18_ck_24378_42.294;Target=AZ15/IA17_18_ck_24378_42.294 30 286 +;Gap=M174 I1 M57 I1 M24;coverage=89.9;identity=94.1;matches=240;mismatches=13;indels=2;unknowns=2
###
Chr02	A2	EST_match	40290957	40291211	93	.	.	ID=AZ15/IA17_18_ck_24378_42.294.path2;Name=AZ15/IA17_18_ck_24378_42.294;Target=AZ15/IA17_18_ck_24378_42.294 30 286 +;Gap=M174 I1 M57 I1 M24;coverage=89.9;identity=93.7;matches=239;mismatches=14;indels=2;unknowns=2
###
Chr13	A2	EST_match	109568909	109569140	87	.	.	ID=AZ26/IA9_c4_63317_15.93.path1;Name=AZ26/IA9_c4_63317_15.93;Target=AZ26/IA9_c4_63317_15.93 69 301 -;Gap=M167 I1 M65;coverage=77.4;identity=87.5;matches=203;mismatches=28;indels=1;unknowns=1
###
Chr06	A2	EST_match	116480704	116480876	92	.	.	ID=AZ31/IA31_c4_65202_42.033.path1;Name=AZ31/IA31_c4_65202_42.033;Target=AZ31/IA31_c4_65202_42.033 1 176 +;Gap=M29 I1 M110 I1 M10 I1 M24;coverage=58.5;identity=92.0;matches=161;mismatches=11;indels=3;unknowns=1
###
Chr01	A2	EST_match	19897061	19897184	85	.	.	ID=AZ31/IA31_c4_65202_42.033.path2;Name=AZ31/IA31_c4_65202_42.033;Target=AZ31/IA31_c4_65202_42.033 177 297 +;Gap=M54 D1 M9 D1 M50 D1 M8;coverage=40.2;identity=85.5;matches=106;mismatches=15;indels=3;unknowns=0
###
Chr11	A2	EST_match	33505247	33505509	89	.	.	ID=AZ28/IA36_c4_54008_0.path1;Name=AZ28/IA36_c4_54008_0;Target=AZ28/IA36_c4_54008_0 36 291 -;Gap=M12 I2 M71 D9 M171;coverage=85.0;identity=89.7;matches=235;mismatches=16;indels=11;unknowns=3
###
Chr10	A2	EST_match	24498787	24499053	89	.	.	ID=AZ28/IA36_c4_54008_0.path2;Name=AZ28/IA36_c4_54008_0;Target=AZ28/IA36_c4_54008_0 19 277 +;Gap=M13 I1 M168 D9 M77;coverage=86.0;identity=89.4;matches=237;mismatches=18;indels=10;unknowns=3
###
Chr08	A2	EST_match	26126044	26622525	92	.	.	ID=AZ20/IA23_c2_10958_38.773.path1;Name=AZ20/IA23_c2_10958_38.773;Target=AZ20/IA23_c2_10958_38.773 1 219 -;Gap=M14 N5584 M4 N14814 M1 N475941 M124;coverage=72.8;identity=93.0;matches=133;mismatches=10;indels=0;unknowns=0
###
Chr11	A2	EST_match	97088236	97088306	87	.	.	ID=AZ20/IA23_c2_10958_38.773.path2;Name=AZ20/IA23_c2_10958_38.773;Target=AZ20/IA23_c2_10958_38.773 220 290 -;Gap=M71;coverage=23.6;identity=87.3;matches=62;mismatches=9;indels=0;unknowns=0
###
Chr11	A2	EST_match	116984521	116984872	95	-	.	ID=AZ20/IA23_GS1D_53810p1475q16_44.379.path1;Name=AZ20/IA23_GS1D_53810p1475q16_44.379;Target=AZ20/IA23_GS1D_53810p1475q16_44.379 3 219 -;Gap=M16 N134 M109 I1 M30 D1 M6 D1 M55;coverage=36.1;identity=96.3;matches=207;mismatches=5;indels=3;unknowns=4
###
Chr09	A2	EST_match	9359318	9359699	100	.	.	ID=AZ20/IA23_GS1D_53810p1475q16_44.379.path2;Name=AZ20/IA23_GS1D_53810p1475q16_44.379;Target=AZ20/IA23_GS1D_53810p1475q16_44.379 220 601 +;Gap=M382;coverage=63.6;identity=100.0;matches=367;mismatches=0;indels=0;unknowns=15
###
Chr05	A2	EST_match	86583896	86584094	85	.	.	ID=AZ19/IA15_c4_12475_45.929.path1;Name=AZ19/IA15_c4_12475_45.929;Target=AZ19/IA15_c4_12475_45.929 87 284 -;Gap=M29 D1 M169;coverage=69.7;identity=85.4;matches=169;mismatches=28;indels=1;unknowns=1
###
Chr01	A2	EST_match	97381297	97419122	87	.	.	ID=AZ19/IA15_c4_12475_45.929.path2;Name=AZ19/IA15_c4_12475_45.929;Target=AZ19/IA15_c4_12475_45.929 95 284 +;Gap=M7 N37635 M16 D1 M62 D1 M12 I1 M92;coverage=66.9;identity=88.0;matches=168;mismatches=20;indels=3;unknowns=1
###
Chr02	A2	EST_match	87099329	87099608	85	.	.	ID=AZ5/IA6_c4_48216_70.407.path1;Name=AZ5/IA6_c4_48216_70.407;Target=AZ5/IA6_c4_48216_70.407 5 281 +;Gap=M58 D3 M219;coverage=92.0;identity=85.7;matches=239;mismatches=37;indels=3;unknowns=1
###
Chr06	A2	EST_match	14575779	14585378	84	-	.	ID=AZ5/IA6_c4_48216_70.407.path2;Name=AZ5/IA6_c4_48216_70.407;Target=AZ5/IA6_c4_48216_70.407 1 243 -;Gap=M34 N9352 M1 D2 M27 D3 M181;coverage=80.7;identity=85.8;matches=212;mismatches=30;indels=5;unknowns=1
###
Chr07	A2	EST_match	57748698	57748811	84	.	.	ID=AZ28/IA36_c4_42065_16.42.path1;Name=AZ28/IA36_c4_42065_16.42;Target=AZ28/IA36_c4_42065_16.42 77 190 +;Gap=M114;coverage=37.9;identity=84.1;matches=95;mismatches=18;indels=0;unknowns=1
###
Chr01	A2	EST_match	45596348	45613644	100	.	.	ID=AZ28/IA36_c4_42065_16.42.path2;Name=AZ28/IA36_c4_42065_16.42;Target=AZ28/IA36_c4_42065_16.42 72 111 +;Gap=M6 N1069 M1 N7692 M4 N505 M5 N7991 M24;coverage=13.3;identity=100.0;matches=40;mismatches=0;indels=0;unknowns=0
###
Chr05	A2	EST_match	96085348	96085643	91	.	.	ID=AZ33/IA32_c4_132881_0.path1;Name=AZ33/IA32_c4_132881_0;Target=AZ33/IA32_c4_132881_0 1 301 +;Gap=M27 I1 M114 I1 M135 I3 M20;coverage=100.0;identity=91.7;matches=275;mismatches=20;indels=5;unknowns=1
###
Chr05	A2	EST_match	96055209	96055504	89	.	.	ID=AZ33/IA32_c4_132881_0.path2;Name=AZ33/IA32_c4_132881_0;Target=AZ33/IA32_c4_132881_0 1 301 +;Gap=M27 I1 M114 I1 M134 I1 M4 I2 M17;coverage=100.0;identity=89.0;matches=267;mismatches=28;indels=5;unknowns=1
###
Chr08	A2	EST_match	104613900	104614117	84	.	.	ID=AZ32/IA30_ck_07710_38.698.path1;Name=AZ32/IA30_ck_07710_38.698;Target=AZ32/IA30_ck_07710_38.698 1 218 -;Gap=M218;coverage=72.4;identity=84.3;matches=183;mismatches=34;indels=0;unknowns=1
###
Chr12	A2	EST_match	45180476	45180593	83	.	.	ID=AZ32/IA30_ck_07710_38.698.path2;Name=AZ32/IA30_ck_07710_38.698;Target=AZ32/IA30_ck_07710_38.698 12 129 -;Gap=M118;coverage=39.2;identity=83.9;matches=99;mismatches=19;indels=0;unknowns=0
###
Chr10	A2	EST_match	24498799	24524764	100	.	.	ID=AZ26/IA9_c4_00395_26.151.path1;Name=AZ26/IA9_c4_00395_26.151;Target=AZ26/IA9_c4_00395_26.151 1 252 +;Gap=M167 I1 M68 N4399 M3 N14036 M4 N7280 M9;coverage=83.7;identity=89.2;matches=223;mismatches=26;indels=1;unknowns=2
###
Chr04	A2	EST_match	67624388	67632914	100	.	.	ID=AZ26/IA9_c4_00395_26.151.path2;Name=AZ26/IA9_c4_00395_26.151;Target=AZ26/IA9_c4_00395_26.151 1 220 -;Gap=M6 N8308 M41 I1 M172;coverage=73.1;identity=90.4;matches=197;mismatches=20;indels=1;unknowns=2
###
Chr01	A2	EST_match	107636691	107636834	89	.	.	ID=AZ28/IA36_c4_52610_30.63.path1;Name=AZ28/IA36_c4_52610_30.63;Target=AZ28/IA36_c4_52610_30.63 1 150 -;Gap=M104 I1 M1 I1 M9 I3 M3 I1 M27;coverage=49.8;identity=89.3;matches=134;mismatches=10;indels=6;unknowns=0
###
Chr13	A2	EST_match	60831114	60831381	87	.	.	ID=AZ20/IA23_c4_54518_42.957.path1;Name=AZ20/IA23_c4_54518_42.957;Target=AZ20/IA23_c4_54518_42.957 1 268 +;Gap=M268;coverage=89.0;identity=87.3;matches=233;mismatches=34;indels=0;unknowns=1
###
Chr07	A2	EST_match	34089079	34089346	87	.	.	ID=AZ20/IA23_c4_54518_42.957.path2;Name=AZ20/IA23_c4_54518_42.957;Target=AZ20/IA23_c4_54518_42.957 1 268 -;Gap=M268;coverage=89.0;identity=87.3;matches=233;mismatches=34;indels=0;unknowns=1
###
Chr04	A2	EST_match	14002824	14003031	85	.	.	ID=AZ6/IA16_c4_15623_25.905.path1;Name=AZ6/IA16_c4_15623_25.905;Target=AZ6/IA16_c4_15623_25.905 72 280 +;Gap=M154 I1 M54;coverage=72.3;identity=85.6;matches=178;mismatches=29;indels=1;unknowns=1
###
Chr04	A2	EST_match	13414333	13414436	91	.	.	ID=AZ6/IA16_c4_15623_25.905.path2;Name=AZ6/IA16_c4_15623_25.905;Target=AZ6/IA16_c4_15623_25.905 73 176 -;Gap=M104;coverage=36.0;identity=91.3;matches=94;mismatches=9;indels=0;unknowns=1
###
Chr08	A2	EST_match	51517534	51517636	91	.	.	ID=AZ13/IA10_ck_03349_2.391.path1;Name=AZ13/IA10_ck_03349_2.391;Target=AZ13/IA10_ck_03349_2.391 36 138 +;Gap=M103;coverage=34.2;identity=91.3;matches=94;mismatches=9;indels=0;unknowns=0
###
Chr03	A2	EST_match	92610391	92610540	86	.	.	ID=AZ13/IA10_ck_03349_2.391.path2;Name=AZ13/IA10_ck_03349_2.391;Target=AZ13/IA10_ck_03349_2.391 34 184 +;Gap=M122 I1 M28;coverage=50.2;identity=86.0;matches=129;mismatches=20;indels=1;unknowns=1
###
Chr02	A2	EST_match	36974381	36974480	87	.	.	ID=AZ14/IA14_c4_75611_30.103.path1;Name=AZ14/IA14_c4_75611_30.103;Target=AZ14/IA14_c4_75611_30.103 88 185 -;Gap=M17 D2 M81;coverage=32.6;identity=87.9;matches=87;mismatches=10;indels=2;unknowns=1
###
Chr10	A2	EST_match	41983917	41984016	87	.	.	ID=AZ14/IA14_c4_75611_30.103.path2;Name=AZ14/IA14_c4_75611_30.103;Target=AZ14/IA14_c4_75611_30.103 84 183 +;Gap=M100;coverage=33.2;identity=87.9;matches=87;mismatches=12;indels=0;unknowns=1
###
Chr02	A2	EST_match	26644086	26703394	86	.	.	ID=AZ27/IA33_c4_58196_13.273.path1;Name=AZ27/IA33_c4_58196_13.273;Target=AZ27/IA33_c4_58196_13.273 55 301 -;Gap=M43 D1 M15 I1 M15 I1 M72 D1 M45 I4 M40 N31267 M4 N21643 M3 N6156 M4;coverage=82.1;identity=87.5;matches=217;mismatches=23;indels=8;unknowns=1
###
Chr02	A2	EST_match	56941804	56942072	83	.	.	ID=AZ27/IA33_c4_58196_13.273.path2;Name=AZ27/IA33_c4_58196_13.273;Target=AZ27/IA33_c4_58196_13.273 29 301 -;Gap=M59 I3 M12 I1 M73 D2 M39 I4 M47 D1 M19 D1 M16;coverage=90.7;identity=83.7;matches=231;mismatches=33;indels=12;unknowns=1
###
Chr04	A2	EST_match	37533684	38585727	92	.	.	ID=AZ1/IA1_2_c4_02426_55.302.path1;Name=AZ1/IA1_2_c4_02426_55.302;Target=AZ1/IA1_2_c4_02426_55.302 9 296 -;Gap=M80 N4559 M9 N14476 M3 N38959 M4 N7491 M6 N3713 M12 N982574 M158;coverage=95.7;identity=92.6;matches=249;mismatches=20;indels=0;unknowns=3
###
Chr02	A2	EST_match	40249046	40260033	88	.	.	ID=AZ1/IA1_2_c4_02426_55.302.path2;Name=AZ1/IA1_2_c4_02426_55.302;Target=AZ1/IA1_2_c4_02426_55.302 1 301 -;Gap=M79 N6180 M1 N3999 M2 N543 M99 I1 M85;coverage=100.0;identity=90.5;matches=239;mismatches=24;indels=1;unknowns=3
###
Chr13	A2	EST_match	91671752	91718425	85	.	.	ID=AZ26/IA9_c4_39365_32.781.path1;Name=AZ26/IA9_c4_39365_32.781;Target=AZ26/IA9_c4_39365_32.781 86 254 -;Gap=M111 N12592 M4 N5562 M4 N6900 M6 N1509 M4 N986 M16 N3100 M8 N8889 M4 N6967 M12;coverage=56.1;identity=88.6;matches=148;mismatches=19;indels=0;unknowns=2
###
Chr04	A2	EST_match	24015388	24094776	83	.	.	ID=AZ26/IA9_c4_39365_32.781.path2;Name=AZ26/IA9_c4_39365_32.781;Target=AZ26/IA9_c4_39365_32.781 113 284 +;Gap=M6 N13446 M9 N4593 M8 N6202 M10 N12909 M9 N8087 M11 N16313 M4 N6453 M4 N11214 M111;coverage=57.1;identity=87.6;matches=149;mismatches=21;indels=0;unknowns=2
###
Chr04	A2	EST_match	13427192	14163436	100	.	.	ID=AZ2/IA3_c4_23726_27.508.path1;Name=AZ2/IA3_c4_23726_27.508;Target=AZ2/IA3_c4_23726_27.508 9 214 -;Gap=M6 N7228 M3 N35501 M18 N640244 M12 N10431 M2 N16069 M1 N3125 M16 N5639 M8 N4317 M6 N7448 M8 N6070 M15 I2 M3 I5 M15 D1 M59;coverage=68.4;identity=83.3;matches=150;mismatches=22;indels=8;unknowns=0
###
Chr10	A2	EST_match	66262874	66285363	100	.	.	ID=AZ2/IA3_c4_23726_27.508.path2;Name=AZ2/IA3_c4_23726_27.508;Target=AZ2/IA3_c4_23726_27.508 161 223 +;Gap=M24 I1 M14 N15023 M8 N3452 M9 N3953 M7;coverage=20.9;identity=92.1;matches=58;mismatches=4;indels=1;unknowns=0
###
Chr13	A2	EST_match	115163904	115164122	80	.	.	ID=AZ2/IA3_c4_05109_0.path1;Name=AZ2/IA3_c4_05109_0;Target=AZ2/IA3_c4_05109_0 26 244 +;Gap=M219;coverage=72.8;identity=80.6;matches=175;mismatches=42;indels=0;unknowns=2
###
Chr07	A2	EST_match	53421439	53421491	84	.	.	ID=AZ2/IA3_c4_05109_0.path2;Name=AZ2/IA3_c4_05109_0;Target=AZ2/IA3_c4_05109_0 245 297 +;Gap=M53;coverage=17.6;identity=84.9;matches=45;mismatches=8;indels=0;unknowns=0
###
Chr10	A2	EST_match	38133782	38134080	97	.	.	ID=AZ30/IA37_c4_127304_53.566.path1;Name=AZ30/IA37_c4_127304_53.566;Target=AZ30/IA37_c4_127304_53.566 1 301 -;Gap=M183 I1 M95 I1 M21;coverage=100.0;identity=98.0;matches=293;mismatches=4;indels=2;unknowns=2
###
Chr10	A2	EST_match	98456096	98456394	97	.	.	ID=AZ30/IA37_c4_127304_53.566.path2;Name=AZ30/IA37_c4_127304_53.566;Target=AZ30/IA37_c4_127304_53.566 1 301 +;Gap=M21 I1 M95 I1 M183;coverage=100.0;identity=98.0;matches=293;mismatches=4;indels=2;unknowns=2
###
Chr04	A2	EST_match	51099202	51336099	100	.	.	ID=AZ33/IA32_c2_03553_46.02.path1;Name=AZ33/IA32_c2_03553_46.02;Target=AZ33/IA32_c2_03553_46.02 4 180 -;Gap=M10 N236721 M167;coverage=58.8;identity=92.6;matches=163;mismatches=13;indels=0;unknowns=1
###
Chr03	A2	EST_match	86874774	86874891	89	.	.	ID=AZ33/IA32_c2_03553_46.02.path2;Name=AZ33/IA32_c2_03553_46.02;Target=AZ33/IA32_c2_03553_46.02 181 299 -;Gap=M57 I1 M61;coverage=39.5;identity=89.9;matches=107;mismatches=11;indels=1;unknowns=0
###
Chr11	A2	EST_match	105466210	105469850	63	.	.	ID=AZ7/IA25_c4_18678_22.103.path1;Name=AZ7/IA25_c4_18678_22.103;Target=AZ7/IA25_c4_18678_22.103 1 196 +;Gap=M57 N424 M32 I1 M33 N2981 M32 D41 M41;coverage=65.1;identity=78.4;matches=185;mismatches=9;indels=42;unknowns=1
###
