##gff-version   3
# Generated by GMAP version 2018-07-04 using call:  gmap.avx2 -D . -d D5 -t 150 -n 2 -f 4 QTLtargetseqsFixed.fasta
Chr09	D5	EST_match	10145729	10146526	100	-	.	ID=AZ11/IA34_GS2D_4259p2093q25_12.706.path1;Name=AZ11/IA34_GS2D_4259p2093q25_12.706;Target=AZ11/IA34_GS2D_4259p2093q25_12.706 1 601 +;Gap=M107 N122 M405 N75 M89;coverage=100.0;identity=100.0;matches=590;mismatches=0;indels=0;unknowns=11
###
Chr04	D5	EST_match	45600186	45600485	91	.	.	ID=AZ23/IA19_c4_21262_30.337.path1;Name=AZ23/IA19_c4_21262_30.337;Target=AZ23/IA19_c4_21262_30.337 1 299 +;Gap=M40 D1 M259;coverage=99.3;identity=91.3;matches=272;mismatches=25;indels=1;unknowns=2
###
Chr11	D5	EST_match	20872428	20872728	90	.	.	ID=AZ32/IA30_ck_07710_38.698.path1;Name=AZ32/IA30_ck_07710_38.698;Target=AZ32/IA30_ck_07710_38.698 1 301 -;Gap=M301;coverage=100.0;identity=90.3;matches=271;mismatches=29;indels=0;unknowns=1
###
Chr08	D5	EST_match	54535057	54536415	100	+	.	ID=AZ1/IA1_2_GS1A_45602p538q15_117.787.path1;Name=AZ1/IA1_2_GS1A_45602p538q15_117.787;Target=AZ1/IA1_2_GS1A_45602p538q15_117.787 1 601 -;Gap=M38 N89 M136 N667 M223 D1 M37 D1 M167;coverage=100.0;identity=99.7;matches=586;mismatches=0;indels=2;unknowns=15
###
Chr09	D5	EST_match	8039914	8040214	99	.	.	ID=AZ12/IA27-29_c4_09461_130.404.path1;Name=AZ12/IA27-29_c4_09461_130.404;Target=AZ12/IA27-29_c4_09461_130.404 1 301 +;Gap=M301;coverage=100.0;identity=99.3;matches=298;mismatches=2;indels=0;unknowns=1
###
Chr04	D5	EST_match	34843141	34843440	97	.	.	ID=AZ9/IA4_c4_56022_37.589.path1;Name=AZ9/IA4_c4_56022_37.589;Target=AZ9/IA4_c4_56022_37.589 1 301 +;Gap=M252 I1 M48;coverage=100.0;identity=97.3;matches=289;mismatches=7;indels=1;unknowns=4
###
Chr06	D5	EST_match	14893309	14893609	98	.	.	ID=AZ20/IA23_c2_10958_38.773.path1;Name=AZ20/IA23_c2_10958_38.773;Target=AZ20/IA23_c2_10958_38.773 1 301 -;Gap=M301;coverage=100.0;identity=98.3;matches=295;mismatches=5;indels=0;unknowns=1
###
Chr12	D5	EST_match	4182223	4182521	99	.	.	ID=AZ14/IA14_c4_25634_8.625.path1;Name=AZ14/IA14_c4_25634_8.625;Target=AZ14/IA14_c4_25634_8.625 1 301 -;Gap=M107 I1 M7 I1 M185;coverage=100.0;identity=99.3;matches=297;mismatches=0;indels=2;unknowns=2
###
Chr01	D5	EST_match	29328346	29328647	95	.	.	ID=AZ21/IA20_c2_28117_9.261.path1;Name=AZ21/IA20_c2_28117_9.261;Target=AZ21/IA20_c2_28117_9.261 1 301 +;Gap=M66 D1 M235;coverage=100.0;identity=95.3;matches=284;mismatches=13;indels=1;unknowns=4
###
Chr11	D5	EST_match	18174407	18174707	94	.	.	ID=AZ19/IA15_c4_18411_23.885.path1;Name=AZ19/IA15_c4_18411_23.885;Target=AZ19/IA15_c4_18411_23.885 1 301 +;Gap=M301;coverage=100.0;identity=94.7;matches=284;mismatches=16;indels=0;unknowns=1
###
Chr12	D5	EST_match	5317469	5317762	93	.	.	ID=AZ6/IA16_c3_40633_0.436.path1;Name=AZ6/IA16_c3_40633_0.436;Target=AZ6/IA16_c3_40633_0.436 1 301 -;Gap=M169 I3 M10 D1 M14 I4 M89 I1 M11;coverage=100.0;identity=93.7;matches=282;mismatches=10;indels=9;unknowns=1
###
Chr06	D5	EST_match	12357527	12357826	95	.	.	ID=AZ20/IA23_ck_03448_39.125.path1;Name=AZ20/IA23_ck_03448_39.125;Target=AZ20/IA23_ck_03448_39.125 1 301 -;Gap=M62 I1 M238;coverage=100.0;identity=96.0;matches=285;mismatches=11;indels=1;unknowns=4
###
Chr09	D5	EST_match	51762864	51763149	100	.	.	ID=AZ12/IA27-29_c4_42998_30.067.path1;Name=AZ12/IA27-29_c4_42998_30.067;Target=AZ12/IA27-29_c4_42998_30.067 1 286 +;Gap=M286;coverage=100.0;identity=100.0;matches=284;mismatches=0;indels=0;unknowns=2
###
Chr07	D5	EST_match	53145325	53145620	97	.	.	ID=AZ7/IA25_ck_36210_71.429.path1;Name=AZ7/IA25_ck_36210_71.429;Target=AZ7/IA25_ck_36210_71.429 1 301 -;Gap=M37 I1 M9 I1 M15 I1 M95 I1 M89 I1 M51;coverage=100.0;identity=97.9;matches=286;mismatches=1;indels=5;unknowns=9
###
Chr09	D5	EST_match	13339264	13339864	100	.	.	ID=AZ11/IA34_GS2A_29117p378q3_25.273.path1;Name=AZ11/IA34_GS2A_29117p378q3_25.273;Target=AZ11/IA34_GS2A_29117p378q3_25.273 1 601 +;Gap=M601;coverage=100.0;identity=100.0;matches=578;mismatches=0;indels=0;unknowns=23
###
Chr09	D5	EST_match	55685566	55685863	97	.	.	ID=AZ14/IA14_c4_75611_30.103.path1;Name=AZ14/IA14_c4_75611_30.103;Target=AZ14/IA14_c4_75611_30.103 1 299 -;Gap=M257 I1 M41;coverage=99.3;identity=98.0;matches=292;mismatches=5;indels=1;unknowns=1
###
Chr03	D5	EST_match	16537222	16537520	92	.	.	ID=AZ10/IA7_c4_44293_17.644.path1;Name=AZ10/IA7_c4_44293_17.644;Target=AZ10/IA7_c4_44293_17.644 1 299 -;Gap=M299;coverage=99.3;identity=92.6;matches=275;mismatches=22;indels=0;unknowns=2
###
Chr09	D5	EST_match	29461022	29461323	98	.	.	ID=AZ12/IA27-29_c3_76821_49.245.path1;Name=AZ12/IA27-29_c3_76821_49.245;Target=AZ12/IA27-29_c3_76821_49.245 1 301 +;Gap=M212 D2 M17 I1 M71;coverage=100.0;identity=98.0;matches=294;mismatches=3;indels=3;unknowns=3
###
Chr07	D5	EST_match	41634871	41635170	98	.	.	ID=AZ7/IA25_c4_41050_49.641.path1;Name=AZ7/IA25_c4_41050_49.641;Target=AZ7/IA25_c4_41050_49.641 1 301 +;Gap=M106 I1 M194;coverage=100.0;identity=99.0;matches=296;mismatches=2;indels=1;unknowns=2
###
Chr08	D5	EST_match	38767588	38768398	99	-	.	ID=AZ1/IA1_2_GS2D_22731p558q11_70.159.path1;Name=AZ1/IA1_2_GS2D_22731p558q11_70.159;Target=AZ1/IA1_2_GS2D_22731p558q11_70.159 1 601 -;Gap=M90 N94 M137 N116 M374;coverage=100.0;identity=99.7;matches=590;mismatches=2;indels=0;unknowns=9
###
Chr03	D5	EST_match	8168399	8168676	96	.	.	ID=AZ25/IA11_12_c4_27824_83.382.path1;Name=AZ25/IA11_12_c4_27824_83.382;Target=AZ25/IA11_12_c4_27824_83.382 19 291 +;Gap=M48 D3 M48 D2 M177;coverage=93.8;identity=96.8;matches=268;mismatches=4;indels=5;unknowns=1
###
Chr01	D5	EST_match	4716720	4717044	91	.	.	ID=AZ21/IA20_c2_89198_45.577.path1;Name=AZ21/IA20_c2_89198_45.577;Target=AZ21/IA20_c2_89198_45.577 1 301 +;Gap=M22 D24 M279;coverage=100.0;identity=92.0;matches=298;mismatches=2;indels=24;unknowns=1
###
Chr12	D5	EST_match	13298816	13299114	98	.	.	ID=AZ14/IA14_c4_23248_39.443.path1;Name=AZ14/IA14_c4_23248_39.443;Target=AZ14/IA14_c4_23248_39.443 1 301 -;Gap=M57 I1 M43 I1 M199;coverage=100.0;identity=98.3;matches=294;mismatches=3;indels=2;unknowns=2
###
Chr09	D5	EST_match	12930129	12930402	89	.	.	ID=AZ12/IA27-29_c2_04598_103.23.path1;Name=AZ12/IA27-29_c2_04598_103.23;Target=AZ12/IA27-29_c2_04598_103.23 1 301 -;Gap=M178 I26 M15 I1 M81;coverage=100.0;identity=89.7;matches=269;mismatches=4;indels=27;unknowns=1
###
Chr05	D5	EST_match	11219783	11220083	99	.	.	ID=AZ27/IA33_c3_96157_4.946.path1;Name=AZ27/IA33_c3_96157_4.946;Target=AZ27/IA33_c3_96157_4.946 1 301 -;Gap=M301;coverage=100.0;identity=99.0;matches=297;mismatches=3;indels=0;unknowns=1
###
Chr10	D5	EST_match	53457973	53458271	93	.	.	ID=AZ31/IA31_c4_10294_43.701.path1;Name=AZ31/IA31_c4_10294_43.701;Target=AZ31/IA31_c4_10294_43.701 1 301 +;Gap=M196 I1 M14 I1 M89;coverage=100.0;identity=93.7;matches=281;mismatches=17;indels=2;unknowns=1
###
Chr12	D5	EST_match	3997692	3997990	98	.	.	ID=AZ14/IA14_c4_07376_0.path1;Name=AZ14/IA14_c4_07376_0;Target=AZ14/IA14_c4_07376_0 1 301 +;Gap=M69 I1 M195 I1 M35;coverage=100.0;identity=98.7;matches=295;mismatches=2;indels=2;unknowns=2
###
Chr11	D5	EST_match	20200386	20201851	100	+	.	ID=AZ32/IA30_GS1_11360p399q15_38.91.path1;Name=AZ32/IA30_GS1_11360p399q15_38.91;Target=AZ32/IA30_GS1_11360p399q15_38.91 1 601 -;Gap=M82 N254 M105 N287 M129 N119 M104 N113 M91 N92 M90;coverage=100.0;identity=100.0;matches=591;mismatches=0;indels=0;unknowns=10
###
Chr02	D5	EST_match	24162849	24163142	96	.	.	ID=AZ13/IA10_ck_03349_2.391.path1;Name=AZ13/IA10_ck_03349_2.391;Target=AZ13/IA10_ck_03349_2.391 7 301 +;Gap=M224 I1 M70;coverage=98.0;identity=96.9;matches=285;mismatches=8;indels=1;unknowns=1
###
Chr05	D5	EST_match	24893816	24894111	87	.	.	ID=AZ27/IA33_c4_58196_13.273.path1;Name=AZ27/IA33_c4_58196_13.273;Target=AZ27/IA33_c4_58196_13.273 3 301 -;Gap=M58 I1 M16 I1 M70 D1 M49 I2 M102;coverage=99.3;identity=88.0;matches=263;mismatches=31;indels=5;unknowns=1
###
Chr06	D5	EST_match	1277170	1277470	97	.	.	ID=AZ20/IA23_c4_15967_72.283.path1;Name=AZ20/IA23_c4_15967_72.283;Target=AZ20/IA23_c4_15967_72.283 1 301 -;Gap=M301;coverage=100.0;identity=98.0;matches=292;mismatches=6;indels=0;unknowns=3
###
Chr06	D5	EST_match	39588381	39588671	94	.	.	ID=AZ20/IA23_c4_09929_0.path1;Name=AZ20/IA23_c4_09929_0;Target=AZ20/IA23_c4_09929_0 1 301 +;Gap=M42 I10 M60 D1 M42 I1 M146;coverage=100.0;identity=94.7;matches=285;mismatches=4;indels=12;unknowns=1
###
Chr11	D5	EST_match	5496648	5496946	99	.	.	ID=AZ19/IA15_c4_30426_51.53.path1;Name=AZ19/IA15_c4_30426_51.53;Target=AZ19/IA15_c4_30426_51.53 1 299 +;Gap=M299;coverage=99.3;identity=99.7;matches=293;mismatches=1;indels=0;unknowns=5
###
Chr13	D5	EST_match	30156371	30156669	98	.	.	ID=AZ26/IA9_c2_79759_21.134.path1;Name=AZ26/IA9_c2_79759_21.134;Target=AZ26/IA9_c2_79759_21.134 3 301 -;Gap=M299;coverage=99.3;identity=98.7;matches=293;mismatches=4;indels=0;unknowns=2
###
Chr06	D5	EST_match	45808909	45810610	100	-	.	ID=AZ24/IA5_GS1A_33747p375q14_110.625.path1;Name=AZ24/IA5_GS1A_33747p375q14_110.625;Target=AZ24/IA5_GS1A_33747p375q14_110.625 1 601 -;Gap=M139 N134 M84 N203 M167 N688 M49 N76 M162;coverage=100.0;identity=100.0;matches=583;mismatches=0;indels=0;unknowns=18
###
Chr01	D5	EST_match	13781664	13781964	93	.	.	ID=AZ16_17/IA22_c2_11322_47.783.path1;Name=AZ16_17/IA22_c2_11322_47.783;Target=AZ16_17/IA22_c2_11322_47.783 1 301 -;Gap=M301;coverage=100.0;identity=94.0;matches=281;mismatches=18;indels=0;unknowns=2
###
Chr06	D5	EST_match	11402762	11405066	97	+	.	ID=AZ24/IA5_GS2A_33155p425q9_34.042.path1;Name=AZ24/IA5_GS2A_33155p425q9_34.042;Target=AZ24/IA5_GS2A_33155p425q9_34.042 1 601 +;Gap=M66 N1557 M81 N147 M454;coverage=100.0;identity=97.8;matches=580;mismatches=13;indels=0;unknowns=8
###
Chr06	D5	EST_match	11846172	11846471	99	.	.	ID=AZ20/IA23_c4_51260_32.195.path1;Name=AZ20/IA23_c4_51260_32.195;Target=AZ20/IA23_c4_51260_32.195 1 301 -;Gap=M159 I1 M141;coverage=100.0;identity=99.3;matches=297;mismatches=1;indels=1;unknowns=2
###
Chr13	D5	EST_match	16499345	16499645	97	.	.	ID=AZ26/IA9_c3_01023_22.324.path1;Name=AZ26/IA9_c3_01023_22.324;Target=AZ26/IA9_c3_01023_22.324 1 301 -;Gap=M301;coverage=100.0;identity=97.3;matches=292;mismatches=8;indels=0;unknowns=1
###
Chr08	D5	EST_match	40093349	40093649	98	.	.	ID=AZ2/IA3_ck_02331_17.464.path1;Name=AZ2/IA3_ck_02331_17.464;Target=AZ2/IA3_ck_02331_17.464 1 301 -;Gap=M301;coverage=100.0;identity=98.7;matches=296;mismatches=4;indels=0;unknowns=1
###
Chr04	D5	EST_match	51475714	51475972	84	.	.	ID=AZ9/IA4_c4_14095_51.757.path1;Name=AZ9/IA4_c4_14095_51.757;Target=AZ9/IA4_c4_14095_51.757 1 301 -;Gap=M31 I30 M73 I1 M29 I12 M74 D1 M51;coverage=100.0;identity=84.1;matches=253;mismatches=4;indels=44;unknowns=1
###
Chr07	D5	EST_match	1021401	1021700	98	.	.	ID=AZ6/IA16_c2_114307_15.911.path1;Name=AZ6/IA16_c2_114307_15.911;Target=AZ6/IA16_c2_114307_15.911 1 301 +;Gap=M209 I1 M91;coverage=100.0;identity=99.0;matches=296;mismatches=2;indels=1;unknowns=2
###
Chr05	D5	EST_match	13939801	13940075	97	.	.	ID=AZ27/IA33_c2_52817_6.326.path1;Name=AZ27/IA33_c2_52817_6.326;Target=AZ27/IA33_c2_52817_6.326 1 275 -;Gap=M275;coverage=100.0;identity=97.1;matches=265;mismatches=8;indels=0;unknowns=2
###
Chr01	D5	EST_match	53142294	53142578	92	.	.	ID=AZ22/IA21_c4_00098_4.944.path1;Name=AZ22/IA21_c4_00098_4.944;Target=AZ22/IA21_c4_00098_4.944 1 301 +;Gap=M231 I16 M54;coverage=100.0;identity=92.7;matches=278;mismatches=6;indels=16;unknowns=1
###
Chr05	D5	EST_match	368918	370590	100	-	.	ID=AZ25/IA11_12_GS1A_41016p474q13_0.path1;Name=AZ25/IA11_12_GS1A_41016p474q13_0;Target=AZ25/IA11_12_GS1A_41016p474q13_0 1 601 -;Gap=M106 N112 M60 N505 M198 N110 M188 N345 M49;coverage=100.0;identity=100.0;matches=586;mismatches=0;indels=0;unknowns=15
###
Chr03	D5	EST_match	24100607	24100908	97	.	.	ID=AZ28/IA36_c4_42065_16.42.path1;Name=AZ28/IA36_c4_42065_16.42;Target=AZ28/IA36_c4_42065_16.42 1 301 +;Gap=M226 D1 M75;coverage=100.0;identity=97.3;matches=292;mismatches=7;indels=1;unknowns=2
###
Chr05	D5	EST_match	13477081	13477353	97	.	.	ID=AZ27/IA33_c4_28721_12.108.path1;Name=AZ27/IA33_c4_28721_12.108;Target=AZ27/IA33_c4_28721_12.108 1 274 +;Gap=M235 I1 M38;coverage=100.0;identity=97.4;matches=266;mismatches=6;indels=1;unknowns=1
###
Chr07	D5	EST_match	9356240	9356539	99	.	.	ID=AZ7/IA25_c4_13985_4.995.path1;Name=AZ7/IA25_c4_13985_4.995;Target=AZ7/IA25_c4_13985_4.995 1 301 -;Gap=M222 I1 M78;coverage=100.0;identity=99.0;matches=297;mismatches=2;indels=1;unknowns=1
###
Chr03	D5	EST_match	36203819	36204114	87	.	.	ID=AZ10/IA7_c3_28441_6.75.path1;Name=AZ10/IA7_c3_28441_6.75;Target=AZ10/IA7_c3_28441_6.75 1 293 -;Gap=M163 I1 M7 D5 M21 I1 M100;coverage=100.0;identity=87.9;matches=261;mismatches=29;indels=7;unknowns=1
###
Chr03	D5	EST_match	6247709	6248007	96	.	.	ID=AZ25/IA11_12_c4_71167_79.774.path1;Name=AZ25/IA11_12_c4_71167_79.774;Target=AZ25/IA11_12_c4_71167_79.774 1 301 +;Gap=M158 I1 M57 I1 M84;coverage=100.0;identity=96.0;matches=288;mismatches=10;indels=2;unknowns=1
###
Chr02	D5	EST_match	22543888	22544185	94	.	.	ID=AZ13/IA10_ck_44780_2.771.path1;Name=AZ13/IA10_ck_44780_2.771;Target=AZ13/IA10_ck_44780_2.771 1 301 -;Gap=M63 I1 M10 I1 M43 I1 M182;coverage=100.0;identity=95.0;matches=284;mismatches=12;indels=3;unknowns=2
###
Chr05	D5	EST_match	28036599	28036897	86	.	.	ID=AZ18/IA8_c4_120178_27.419.path1;Name=AZ18/IA8_c4_120178_27.419;Target=AZ18/IA8_c4_120178_27.419 1 299 +;Gap=M299;coverage=99.3;identity=86.6;matches=258;mismatches=40;indels=0;unknowns=1
###
Chr02	D5	EST_match	29245110	29245408	97	.	.	ID=AZ7/IA25_c4_06564_49.032.path1;Name=AZ7/IA25_c4_06564_49.032;Target=AZ7/IA25_c4_06564_49.032 1 301 +;Gap=M99 I2 M200;coverage=100.0;identity=97.7;matches=293;mismatches=5;indels=2;unknowns=1
###
Chr08	D5	EST_match	20577722	20578019	94	.	.	ID=AZ2/IA3_c4_05109_0.path1;Name=AZ2/IA3_c4_05109_0;Target=AZ2/IA3_c4_05109_0 1 298 +;Gap=M298;coverage=99.0;identity=94.9;matches=281;mismatches=15;indels=0;unknowns=2
###
Chr08	D5	EST_match	2724694	2724993	96	.	.	ID=AZ1/IA1_2_c4_13563_25.945.path1;Name=AZ1/IA1_2_c4_13563_25.945;Target=AZ1/IA1_2_c4_13563_25.945 1 301 -;Gap=M119 I1 M181;coverage=100.0;identity=96.3;matches=289;mismatches=10;indels=1;unknowns=1
###
Chr05	D5	EST_match	15240935	15241231	84	.	.	ID=AZ30/IA24_c3_05004_18.404.path1;Name=AZ30/IA24_c3_05004_18.404;Target=AZ30/IA24_c3_05004_18.404 3 301 -;Gap=M95 I1 M8 I1 M78 I2 M11 I2 M12 D4 M89;coverage=99.3;identity=84.0;matches=252;mismatches=38;indels=10;unknowns=3
###
Chr06	D5	EST_match	48945763	48946063	92	.	.	ID=AZ24/IA5_c4_08158_134.99.path1;Name=AZ24/IA5_c4_08158_134.99;Target=AZ24/IA5_c4_08158_134.99 1 301 +;Gap=M301;coverage=100.0;identity=92.7;matches=278;mismatches=22;indels=0;unknowns=1
###
Chr12	D5	EST_match	25730113	25730381	93	.	.	ID=AZ14/IA14_c4_07752_35.133.path1;Name=AZ14/IA14_c4_07752_35.133;Target=AZ14/IA14_c4_07752_35.133 1 271 -;Gap=M59 I1 M87 I1 M123;coverage=100.0;identity=93.7;matches=253;mismatches=15;indels=2;unknowns=1
###
Chr11	D5	EST_match	52958403	52958680	91	.	.	ID=AZ32/IA30_c4_103648_19.557.path1;Name=AZ32/IA30_c4_103648_19.557;Target=AZ32/IA30_c4_103648_19.557 2 283 +;Gap=M122 I1 M14 I1 M19 I1 M65 I1 M58;coverage=99.6;identity=91.0;matches=254;mismatches=21;indels=4;unknowns=3
###
Chr06	D5	EST_match	34575333	34575608	98	.	.	ID=AZ20/IA23_c3_66591_25.313.path1;Name=AZ20/IA23_c3_66591_25.313;Target=AZ20/IA23_c3_66591_25.313 1 278 -;Gap=M79 I1 M118 I1 M79;coverage=100.0;identity=98.9;matches=274;mismatches=1;indels=2;unknowns=1
###
Chr11	D5	EST_match	23637611	23637911	99	.	.	ID=AZ32/IA30_c4_06280_32.48.path1;Name=AZ32/IA30_c4_06280_32.48;Target=AZ32/IA30_c4_06280_32.48 1 301 +;Gap=M301;coverage=100.0;identity=99.0;matches=297;mismatches=3;indels=0;unknowns=1
###
Chr02	D5	EST_match	10539211	10539488	89	.	.	ID=AZ30/IA35_c4_01365_42.218.path1;Name=AZ30/IA35_c4_01365_42.218;Target=AZ30/IA35_c4_01365_42.218 10 301 +;Gap=M129 I1 M11 I13 M138;coverage=97.0;identity=89.4;matches=261;mismatches=17;indels=14;unknowns=0
###
Chr13	D5	EST_match	36533240	36533539	97	.	.	ID=AZ26/IA9_c4_39365_32.781.path1;Name=AZ26/IA9_c4_39365_32.781;Target=AZ26/IA9_c4_39365_32.781 1 301 -;Gap=M247 I1 M53;coverage=100.0;identity=97.7;matches=292;mismatches=6;indels=1;unknowns=2
###
Chr04	D5	EST_match	60765814	60766328	100	-	.	ID=AZ9/IA4_GS2D_31703p59q3_97.905.path1;Name=AZ9/IA4_GS2D_31703p59q3_97.905;Target=AZ9/IA4_GS2D_31703p59q3_97.905 5 359 +;Gap=M320 N160 M35;coverage=98.9;identity=100.0;matches=345;mismatches=0;indels=0;unknowns=10
###
Chr01	D5	EST_match	17098358	17098657	96	.	.	ID=AZ21/IA20_ck_75214_19.19.path1;Name=AZ21/IA20_ck_75214_19.19;Target=AZ21/IA20_ck_75214_19.19 1 301 +;Gap=M29 I1 M271;coverage=100.0;identity=96.7;matches=290;mismatches=9;indels=1;unknowns=1
###
Chr05	D5	EST_match	6829039	6829315	84	.	.	ID=AZ25/IA11_12_c4_61975_60.386.path1;Name=AZ25/IA11_12_c4_61975_60.386;Target=AZ25/IA11_12_c4_61975_60.386 1 301 -;Gap=M178 I24 M99;coverage=100.0;identity=84.3;matches=253;mismatches=23;indels=24;unknowns=1
###
Chr08	D5	EST_match	37489882	37490170	98	.	.	ID=AZ2/IA3_ck_08344_10.418.path1;Name=AZ2/IA3_ck_08344_10.418;Target=AZ2/IA3_ck_08344_10.418 1 290 +;Gap=M226 I1 M63;coverage=100.0;identity=98.6;matches=285;mismatches=3;indels=1;unknowns=1
###
Chr12	D5	EST_match	25460472	25460771	98	.	.	ID=AZ14/IA14_c4_12071_34.737.path1;Name=AZ14/IA14_c4_12071_34.737;Target=AZ14/IA14_c4_12071_34.737 1 301 -;Gap=M216 I1 M84;coverage=100.0;identity=98.3;matches=294;mismatches=4;indels=1;unknowns=2
###
Chr12	D5	EST_match	24354530	24354690	98	.	.	ID=AZ14/IA14_c4_10606_32.992.path1;Name=AZ14/IA14_c4_10606_32.992;Target=AZ14/IA14_c4_10606_32.992 1 161 +;Gap=M161;coverage=53.5;identity=98.1;matches=156;mismatches=3;indels=0;unknowns=2
###
Chr13	D5	EST_match	46387889	46388188	96	.	.	ID=AZ26/IA9_c4_63317_15.93.path1;Name=AZ26/IA9_c4_63317_15.93;Target=AZ26/IA9_c4_63317_15.93 1 301 -;Gap=M167 I1 M133;coverage=100.0;identity=96.7;matches=290;mismatches=9;indels=1;unknowns=1
###
Chr13	D5	EST_match	10775730	10776027	97	.	.	ID=AZ26/IA9_c4_11191_29.963.path1;Name=AZ26/IA9_c4_11191_29.963;Target=AZ26/IA9_c4_11191_29.963 1 301 +;Gap=M45 I1 M77 I1 M10 I1 M166;coverage=100.0;identity=97.7;matches=292;mismatches=4;indels=3;unknowns=2
###
Chr10	D5	EST_match	60943668	60946223	100	+	.	ID=AZ5/IA6_GS2D_39816p508q23_11.702.path1;Name=AZ5/IA6_GS2D_39816p508q23_11.702;Target=AZ5/IA6_GS2D_39816p508q23_11.702 4 601 -;Gap=M34 N705 M160 N651 M148 N92 M78 N426 M85 N84 M93;coverage=99.5;identity=100.0;matches=583;mismatches=0;indels=0;unknowns=15
###
Chr11	D5	EST_match	26512830	26513601	99	-	.	ID=AZ19/IA15_GS1A_34804p1288q26_43.039.path1;Name=AZ19/IA15_GS1A_34804p1288q26_43.039;Target=AZ19/IA15_GS1A_34804p1288q26_43.039 1 570 +;Gap=M343 N116 M102 N86 M125;coverage=99.7;identity=99.6;matches=559;mismatches=2;indels=0;unknowns=9
###
Chr11	D5	EST_match	17995282	17998909	100	+	.	ID=AZ19/IA15_GS1A_43230p229q17_32.084.path1;Name=AZ19/IA15_GS1A_43230p229q17_32.084;Target=AZ19/IA15_GS1A_43230p229q17_32.084 1 529 -;Gap=M57 N582 M70 N2517 M402;coverage=100.0;identity=100.0;matches=508;mismatches=0;indels=0;unknowns=21
###
Chr03	D5	EST_match	41036491	41036743	78	.	.	ID=AZ28/IA36_c4_52610_30.63.path1;Name=AZ28/IA36_c4_52610_30.63;Target=AZ28/IA36_c4_52610_30.63 1 301 +;Gap=M27 I2 M14 I2 M100 I19 M5 D1 M69 I5 M3 I21 M34;coverage=100.0;identity=78.1;matches=236;mismatches=16;indels=50;unknowns=0
###
Chr07	D5	EST_match	7103943	7104218	98	.	.	ID=AZ7/IA25_c4_38231_0.path1;Name=AZ7/IA25_c4_38231_0;Target=AZ7/IA25_c4_38231_0 1 277 +;Gap=M206 D1 M14 I1 M16 I1 M39;coverage=98.9;identity=98.2;matches=272;mismatches=2;indels=3;unknowns=1
###
Chr07	D5	EST_match	14823194	14823474	76	.	.	ID=AZ7/IA25_c4_18678_22.103.path1;Name=AZ7/IA25_c4_18678_22.103;Target=AZ7/IA25_c4_18678_22.103 58 301 -;Gap=M3 I1 M38 I1 M10 I1 M10 I1 M6 I1 M15 I1 M2 I1 M55 D41 M33 D4 M26 I1 M38;coverage=81.1;identity=76.0;matches=219;mismatches=16;indels=53;unknowns=1
###
Chr12	D5	EST_match	33346252	33346551	98	.	.	ID=AZ14/IA14_c4_02071_66.901.path1;Name=AZ14/IA14_c4_02071_66.901;Target=AZ14/IA14_c4_02071_66.901 1 300 -;Gap=M300;coverage=99.7;identity=98.3;matches=293;mismatches=5;indels=0;unknowns=2
###
Chr08	D5	EST_match	787225	787495	94	.	.	ID=AZ1/IA1_2_c2_34964_0.path1;Name=AZ1/IA1_2_c2_34964_0;Target=AZ1/IA1_2_c2_34964_0 1 271 +;Gap=M271;coverage=99.3;identity=94.4;matches=255;mismatches=15;indels=0;unknowns=1
###
Chr13	D5	EST_match	51808765	51809061	98	.	.	ID=AZ26/IA9_c2_58393_2.685.path1;Name=AZ26/IA9_c2_58393_2.685;Target=AZ26/IA9_c2_58393_2.685 1 301 +;Gap=M29 I1 M123 I1 M12 I1 M38 I1 M95;coverage=100.0;identity=98.3;matches=295;mismatches=1;indels=4;unknowns=1
###
Chr05	D5	EST_match	44540026	44540326	99	.	.	ID=AZ27/IA33_c4_00223_15.251.path1;Name=AZ27/IA33_c4_00223_15.251;Target=AZ27/IA33_c4_00223_15.251 1 301 -;Gap=M301;coverage=100.0;identity=99.3;matches=298;mismatches=2;indels=0;unknowns=1
###
Chr01	D5	EST_match	20827695	20827996	95	.	.	ID=AZ21/IA20_c2_14514_15.31.path1;Name=AZ21/IA20_c2_14514_15.31;Target=AZ21/IA20_c2_14514_15.31 1 301 -;Gap=M33 I1 M26 I1 M39 D3 M201;coverage=100.0;identity=95.4;matches=288;mismatches=9;indels=5;unknowns=2
###
Chr08	D5	EST_match	47151625	47152225	99	.	.	ID=AZ1/IA1_2_GS2A_2514p880q5_95.221.path1;Name=AZ1/IA1_2_GS2A_2514p880q5_95.221;Target=AZ1/IA1_2_GS2A_2514p880q5_95.221 1 601 -;Gap=M601;coverage=100.0;identity=99.7;matches=594;mismatches=2;indels=0;unknowns=5
###
Chr04	D5	EST_match	62002797	62004509	100	-	.	ID=AZ9/IA4_GS1D_35048p234q13_115.128.path1;Name=AZ9/IA4_GS1D_35048p234q13_115.128;Target=AZ9/IA4_GS1D_35048p234q13_115.128 1 534 +;Gap=M192 N108 M24 N1070 M229 D1 M89;coverage=100.0;identity=99.8;matches=520;mismatches=0;indels=1;unknowns=14
###
Chr07	D5	EST_match	46154706	46154999	91	.	.	ID=AZ15/IA17_18_c4_110219_64.074.path1;Name=AZ15/IA17_18_c4_110219_64.074;Target=AZ15/IA17_18_c4_110219_64.074 1 295 -;Gap=M161 I1 M19 I1 M14 D1 M99;coverage=100.0;identity=91.8;matches=267;mismatches=21;indels=3;unknowns=5
###
Chr01	D5	EST_match	52580785	52581083	92	.	.	ID=AZ22/IA21_c4_14630_0.path1;Name=AZ22/IA21_c4_14630_0;Target=AZ22/IA21_c4_14630_0 1 301 -;Gap=M238 I1 M10 I1 M51;coverage=100.0;identity=92.3;matches=277;mismatches=21;indels=2;unknowns=1
###
Chr12	D5	EST_match	21183431	21184227	97	+	.	ID=AZ33/IA32_GS2A_30957p652q17_44.957.path1;Name=AZ33/IA32_GS2A_30957p652q17_44.957;Target=AZ33/IA32_GS2A_30957p652q17_44.957 1 601 -;Gap=M423 N96 M80 N100 M98;coverage=100.0;identity=97.8;matches=580;mismatches=13;indels=0;unknowns=8
###
Chr06	D5	EST_match	4087404	4087702	98	.	.	ID=AZ20/IA23_c2_03579_55.944.path1;Name=AZ20/IA23_c2_03579_55.944;Target=AZ20/IA23_c2_03579_55.944 1 301 -;Gap=M80 I1 M7 I1 M11 I1 M171 D1 M29;coverage=100.0;identity=98.3;matches=296;mismatches=1;indels=4;unknowns=1
###
Chr12	D5	EST_match	21910533	21910814	98	.	.	ID=AZ14/IA14_c4_07561_28.685.path1;Name=AZ14/IA14_c4_07561_28.685;Target=AZ14/IA14_c4_07561_28.685 1 282 -;Gap=M282;coverage=100.0;identity=98.2;matches=276;mismatches=5;indels=0;unknowns=1
###
Chr11	D5	EST_match	34494359	34494659	98	.	.	ID=AZ32/IA30_ck_51389_40.744.path1;Name=AZ32/IA30_ck_51389_40.744;Target=AZ32/IA30_ck_51389_40.744 1 301 -;Gap=M301;coverage=100.0;identity=98.3;matches=295;mismatches=5;indels=0;unknowns=1
###
Chr13	D5	EST_match	48549792	48550379	94	.	.	ID=AZ18/IA8_GS2A_42831p351q12_0.path1;Name=AZ18/IA8_GS2A_42831p351q12_0;Target=AZ18/IA8_GS2A_42831p351q12_0 2 601 -;Gap=M486 I12 M102;coverage=99.8;identity=94.2;matches=557;mismatches=22;indels=12;unknowns=9
###
Chr04	D5	EST_match	4246093	4246693	99	.	.	ID=AZ9/IA4_GS1D_51879p342q31_19.889.path1;Name=AZ9/IA4_GS1D_51879p342q31_19.889;Target=AZ9/IA4_GS1D_51879p342q31_19.889 1 601 -;Gap=M601;coverage=100.0;identity=99.8;matches=576;mismatches=1;indels=0;unknowns=24
###
Chr01	D5	EST_match	11296670	11297951	100	-	.	ID=AZ21/IA20_GS2D_35645p625q31_25.673.path1;Name=AZ21/IA20_GS2D_35645p625q31_25.673;Target=AZ21/IA20_GS2D_35645p625q31_25.673 9 601 +;Gap=M79 N108 M131 N114 M104 N201 M86 N164 M82 N102 M111;coverage=98.7;identity=100.0;matches=583;mismatches=0;indels=0;unknowns=10
###
Chr08	D5	EST_match	44750810	44751102	92	.	.	ID=AZ2/IA3_c4_23726_27.508.path1;Name=AZ2/IA3_c4_23726_27.508;Target=AZ2/IA3_c4_23726_27.508 1 301 +;Gap=M159 I1 M28 I1 M12 I1 M19 I1 M2 I2 M7 I2 M66;coverage=100.0;identity=92.3;matches=277;mismatches=15;indels=8;unknowns=1
###
Chr07	D5	EST_match	58257923	58260109	100	+	.	ID=AZ7/IA25_GS2D_55913p499q20_88.934.path1;Name=AZ7/IA25_GS2D_55913p499q20_88.934;Target=AZ7/IA25_GS2D_55913p499q20_88.934 1 600 +;Gap=M175 N1587 M425;coverage=99.8;identity=100.0;matches=586;mismatches=0;indels=0;unknowns=14
###
Chr07	D5	EST_match	51387156	51388577	97	+	.	ID=AZ7/IA25_GS1D_16639p444q33_60.862.path1;Name=AZ7/IA25_GS1D_16639p444q33_60.862;Target=AZ7/IA25_GS1D_16639p444q33_60.862 1 568 +;Gap=M58 I1 M200 N848 M189 D1 M40 D6 M80;coverage=98.4;identity=98.4;matches=552;mismatches=1;indels=8;unknowns=14
###
Chr07	D5	EST_match	25779811	25780109	90	.	.	ID=AZ5/IA6_c4_16762_58.511.path1;Name=AZ5/IA6_c4_16762_58.511;Target=AZ5/IA6_c4_16762_58.511 1 301 +;Gap=M174 I3 M9 D1 M115;coverage=100.0;identity=90.4;matches=272;mismatches=25;indels=4;unknowns=1
###
Chr08	D5	EST_match	55732644	55733227	99	-	.	ID=AZ4/IA37_GS2A_7310p1793q4A_10.067.path1;Name=AZ4/IA37_GS2A_7310p1793q4A_10.067;Target=AZ4/IA37_GS2A_7310p1793q4A_10.067 1 503 +;Gap=M271 N81 M232;coverage=100.0;identity=99.6;matches=495;mismatches=2;indels=0;unknowns=6
###
Chr09	D5	EST_match	2166392	2166689	95	.	.	ID=AZ12/IA27-29_c4_131801_156.219.path1;Name=AZ12/IA27-29_c4_131801_156.219;Target=AZ12/IA27-29_c4_131801_156.219 1 301 -;Gap=M45 I1 M19 I1 M76 I1 M28 I1 M113 D1 M16;coverage=100.0;identity=95.7;matches=288;mismatches=8;indels=5;unknowns=1
###
Chr06	D5	EST_match	26814094	26814389	92	.	.	ID=AZ14/IA14_c4_50627_30.11.path1;Name=AZ14/IA14_c4_50627_30.11;Target=AZ14/IA14_c4_50627_30.11 1 301 -;Gap=M49 I1 M11 D7 M11 I10 M36 I1 M182;coverage=100.0;identity=92.2;matches=282;mismatches=5;indels=19;unknowns=2
###
Chr04	D5	EST_match	55846828	55848675	100	-	.	ID=AZ23/IA19_GS2D_28817p642q3_11.672.path1;Name=AZ23/IA19_GS2D_28817p642q3_11.672;Target=AZ23/IA19_GS2D_28817p642q3_11.672 1 601 +;Gap=M32 N70 M170 N290 M246 N887 M153;coverage=100.0;identity=100.0;matches=587;mismatches=0;indels=0;unknowns=14
###
Chr01	D5	EST_match	54469289	54471246	100	+	.	ID=AZ16_17/IA22_GS1A_20202p545q14_26.824.path1;Name=AZ16_17/IA22_GS1A_20202p545q14_26.824;Target=AZ16_17/IA22_GS1A_20202p545q14_26.824 1 601 +;Gap=M476 N1357 M125;coverage=100.0;identity=100.0;matches=588;mismatches=0;indels=0;unknowns=13
###
Chr03	D5	EST_match	43260593	43261823	100	-	.	ID=AZ28/IA36_GS2A_31261p665q3_48.212.path1;Name=AZ28/IA36_GS2A_31261p665q3_48.212;Target=AZ28/IA36_GS2A_31261p665q3_48.212 1 601 -;Gap=M465 N630 M136;coverage=100.0;identity=100.0;matches=580;mismatches=0;indels=0;unknowns=21
###
Chr06	D5	EST_match	4992662	4992941	94	.	.	ID=AZ20/IA23_ck_57041_54.527.path1;Name=AZ20/IA23_ck_57041_54.527;Target=AZ20/IA23_ck_57041_54.527 1 273 +;Gap=M77 D7 M196;coverage=100.0;identity=94.6;matches=264;mismatches=8;indels=7;unknowns=1
###
Chr03	D5	EST_match	11267660	11267968	95	.	.	ID=AZ28/IA36_c4_54008_0.path1;Name=AZ28/IA36_c4_54008_0;Target=AZ28/IA36_c4_54008_0 1 301 -;Gap=M95 D9 M175 I1 M30;coverage=100.0;identity=95.1;matches=292;mismatches=5;indels=10;unknowns=3
###
Chr07	D5	EST_match	1638251	1639470	100	+	.	ID=AZ8/IA26_GS1_39607p88q23_19.521.path1;Name=AZ8/IA26_GS1_39607p88q23_19.521;Target=AZ8/IA26_GS1_39607p88q23_19.521 2 388 +;Gap=M112 N457 M66 N129 M127 N247 M82;coverage=99.7;identity=100.0;matches=374;mismatches=0;indels=0;unknowns=13
###
Chr02	D5	EST_match	5931327	5931927	99	.	.	ID=AZ28/IA36_GS1D_40185p764q19_4.629.path1;Name=AZ28/IA36_GS1D_40185p764q19_4.629;Target=AZ28/IA36_GS1D_40185p764q19_4.629 1 601 +;Gap=M601;coverage=100.0;identity=99.7;matches=586;mismatches=2;indels=0;unknowns=13
###
Chr05	D5	EST_match	39861469	39861743	94	.	.	ID=AZ27/IA33_c4_39031_14.169.path1;Name=AZ27/IA33_c4_39031_14.169;Target=AZ27/IA33_c4_39031_14.169 4 286 -;Gap=M79 I7 M33 I1 M163;coverage=96.6;identity=94.7;matches=267;mismatches=7;indels=8;unknowns=1
###
Chr04	D5	EST_match	55974651	55974951	99	.	.	ID=AZ9/IA4_ck_45985_66.836.path1;Name=AZ9/IA4_ck_45985_66.836;Target=AZ9/IA4_ck_45985_66.836 1 301 -;Gap=M301;coverage=100.0;identity=99.0;matches=297;mismatches=3;indels=0;unknowns=1
###
Chr08	D5	EST_match	54411563	54412235	100	+	.	ID=AZ1/IA1_2_GS1A_35252p459q21_116.727.path1;Name=AZ1/IA1_2_GS1A_35252p459q21_116.727;Target=AZ1/IA1_2_GS1A_35252p459q21_116.727 1 601 -;Gap=M175 N73 M314 I1 M111;coverage=100.0;identity=99.8;matches=580;mismatches=0;indels=1;unknowns=20
###
Chr07	D5	EST_match	13160674	13160992	77	.	.	ID=AZ19/IA15_c4_08951_19.869.path1;Name=AZ19/IA15_c4_08951_19.869;Target=AZ19/IA15_c4_08951_19.869 3 290 -;Gap=M7 D6 M52 D24 M33 I1 M111 D1 M4 D1 M80;coverage=95.7;identity=77.4;matches=246;mismatches=39;indels=33;unknowns=2
###
Chr03	D5	EST_match	41726174	41726473	97	.	.	ID=AZ28/IA36_c4_00832_36.471.path1;Name=AZ28/IA36_c4_00832_36.471;Target=AZ28/IA36_c4_00832_36.471 1 301 -;Gap=M284 I1 M16;coverage=100.0;identity=97.3;matches=291;mismatches=7;indels=1;unknowns=2
###
Chr08	D5	EST_match	29047907	29048207	97	.	.	ID=AZ2/IA3_c2_04522_4.964.path1;Name=AZ2/IA3_c2_04522_4.964;Target=AZ2/IA3_c2_04522_4.964 1 301 +;Gap=M301;coverage=100.0;identity=97.0;matches=291;mismatches=9;indels=0;unknowns=1
###
Chr06	D5	EST_match	3581336	3581637	94	.	.	ID=AZ20/IA23_c2_67586_57.349.path1;Name=AZ20/IA23_c2_67586_57.349;Target=AZ20/IA23_c2_67586_57.349 1 301 +;Gap=M108 D2 M79 I1 M113;coverage=100.0;identity=94.0;matches=283;mismatches=15;indels=3;unknowns=2
###
Chr12	D5	EST_match	19389336	19389614	96	.	.	ID=AZ14/IA14_c4_35576_29.939.path1;Name=AZ14/IA14_c4_35576_29.939;Target=AZ14/IA14_c4_35576_29.939 1 283 +;Gap=M218 I1 M9 I2 M8 I1 M44;coverage=100.0;identity=96.1;matches=271;mismatches=7;indels=4;unknowns=1
###
Chr02	D5	EST_match	59824585	59824866	89	.	.	ID=AZ30/IA24_c4_78149_0.path1;Name=AZ30/IA24_c4_78149_0;Target=AZ30/IA24_c4_78149_0 4 285 +;Gap=M26 I1 M59 D1 M196;coverage=94.3;identity=89.7;matches=252;mismatches=27;indels=2;unknowns=2
###
Chr04	D5	EST_match	11909027	11909329	98	.	.	ID=AZ9/IA4_c2_04080_31.744.path1;Name=AZ9/IA4_c2_04080_31.744;Target=AZ9/IA4_c2_04080_31.744 1 301 +;Gap=M112 D2 M189;coverage=100.0;identity=98.0;matches=296;mismatches=4;indels=2;unknowns=1
###
Chr09	D5	EST_match	14231127	14232751	97	+	.	ID=AZ11/IA34_GS1_48876p1060q15_19.843.path1;Name=AZ11/IA34_GS1_48876p1060q15_19.843;Target=AZ11/IA34_GS1_48876p1060q15_19.843 1 601 +;Gap=M36 N415 M96 N329 M45 N98 M90 N85 M72 N97 M262;coverage=100.0;identity=98.8;matches=587;mismatches=7;indels=0;unknowns=7
###
Chr10	D5	EST_match	6859104	6859388	82	.	.	ID=AZ24/IA5_c3_37342_72.213.path1;Name=AZ24/IA5_c3_37342_72.213;Target=AZ24/IA5_c3_37342_72.213 2 289 -;Gap=M103 I1 M61 I1 M28 I1 M93;coverage=99.3;identity=82.2;matches=236;mismatches=48;indels=3;unknowns=1
###
Chr08	D5	EST_match	33425405	33425687	81	.	.	ID=AZ24/IA5_c3_37342_72.213.path2;Name=AZ24/IA5_c3_37342_72.213;Target=AZ24/IA5_c3_37342_72.213 2 287 +;Gap=M87 I1 M69 I1 M25 I1 M102;coverage=98.6;identity=81.8;matches=233;mismatches=49;indels=3;unknowns=1
###
Chr06	D5	EST_match	9370171	9370470	96	.	.	ID=AZ20/IA23_c4_54518_42.957.path1;Name=AZ20/IA23_c4_54518_42.957;Target=AZ20/IA23_c4_54518_42.957 1 301 +;Gap=M96 I1 M204;coverage=100.0;identity=96.0;matches=288;mismatches=11;indels=1;unknowns=1
###
Chr01	D5	EST_match	42557551	42557849	95	.	.	ID=AZ21/IA20_c4_46170_3.81.path1;Name=AZ21/IA20_c4_46170_3.81;Target=AZ21/IA20_c4_46170_3.81 1 299 -;Gap=M299;coverage=99.3;identity=95.3;matches=284;mismatches=14;indels=0;unknowns=1
###
Chr01	D5	EST_match	41063378	41063672	94	.	.	ID=AZ21/IA20_c4_16632_0.path1;Name=AZ21/IA20_c4_16632_0;Target=AZ21/IA20_c4_16632_0 1 301 +;Gap=M66 I1 M5 I1 M38 I3 M54 I1 M3 I1 M10 D1 M118;coverage=100.0;identity=94.0;matches=282;mismatches=10;indels=8;unknowns=2
###
Chr04	D5	EST_match	51359632	51359902	92	.	.	ID=AZ23/IA19_c4_29690_18.184.path1;Name=AZ23/IA19_c4_29690_18.184;Target=AZ23/IA19_c4_29690_18.184 1 271 -;Gap=M271;coverage=100.0;identity=92.2;matches=247;mismatches=21;indels=0;unknowns=3
###
Chr05	D5	EST_match	19241443	19241744	98	.	.	ID=AZ27/IA33_c4_13201_13.531.path1;Name=AZ27/IA33_c4_13201_13.531;Target=AZ27/IA33_c4_13201_13.531 1 301 -;Gap=M295 D1 M6;coverage=100.0;identity=98.7;matches=297;mismatches=3;indels=1;unknowns=1
###
Chr02	D5	EST_match	22846290	22846579	96	.	.	ID=AZ13/IA10_c4_68957_9.246.path1;Name=AZ13/IA10_c4_68957_9.246;Target=AZ13/IA10_c4_68957_9.246 1 296 +;Gap=M91 I1 M27 I4 M92 I1 M80;coverage=100.0;identity=96.9;matches=286;mismatches=3;indels=6;unknowns=1
###
Chr08	D5	EST_match	45864648	45865765	100	+	.	ID=AZ2/IA3_GS2A_45293p258q9_24.63.path1;Name=AZ2/IA3_GS2A_45293p258q9_24.63;Target=AZ2/IA3_GS2A_45293p258q9_24.63 31 558 +;Gap=M118 N137 M80 N360 M110 N93 M220;coverage=94.6;identity=100.0;matches=508;mismatches=0;indels=0;unknowns=20
###
Chr07	D5	EST_match	19177165	19177633	99	.	.	ID=AZ7/IA25_GS2D_41103p205q20_33.242.path1;Name=AZ7/IA25_GS2D_41103p205q20_33.242;Target=AZ7/IA25_GS2D_41103p205q20_33.242 29 498 +;Gap=M18 I1 M451;coverage=93.1;identity=99.8;matches=449;mismatches=0;indels=1;unknowns=20
###
Chr02	D5	EST_match	47675389	47675684	97	.	.	ID=AZ13/IA10_c2_114573_0.path1;Name=AZ13/IA10_c2_114573_0;Target=AZ13/IA10_c2_114573_0 1 297 +;Gap=M239 I1 M57;coverage=100.0;identity=97.6;matches=289;mismatches=6;indels=1;unknowns=1
###
Chr13	D5	EST_match	56974764	56976003	100	-	.	ID=AZ29/IA13_GS2D_29961p594q4_17.416.path1;Name=AZ29/IA13_GS2D_29961p594q4_17.416;Target=AZ29/IA13_GS2D_29961p594q4_17.416 1 598 +;Gap=M329 N642 M269;coverage=99.5;identity=100.0;matches=585;mismatches=0;indels=0;unknowns=13
###
Chr08	D5	EST_match	55275400	55275698	95	.	.	ID=AZ4/IA37_c4_41113_0.path1;Name=AZ4/IA37_c4_41113_0;Target=AZ4/IA37_c4_41113_0 1 301 +;Gap=M126 I1 M61 I1 M66 D1 M1 I1 M44;coverage=100.0;identity=95.3;matches=287;mismatches=10;indels=4;unknowns=1
###
Chr11	D5	EST_match	38359622	38359916	94	.	.	ID=AZ32/IA30_c4_54688_43.423.path1;Name=AZ32/IA30_c4_54688_43.423;Target=AZ32/IA30_c4_54688_43.423 3 301 -;Gap=M53 I1 M122 I1 M4 I1 M54 I1 M62;coverage=99.3;identity=94.6;matches=282;mismatches=12;indels=4;unknowns=1
###
Chr13	D5	EST_match	922569	922859	92	.	.	ID=AZ34/IA35_c4_09008_0.path1;Name=AZ34/IA35_c4_09008_0;Target=AZ34/IA35_c4_09008_0 1 301 +;Gap=M70 D1 M29 I1 M22 I1 M8 I1 M88 I8 M73;coverage=100.0;identity=92.4;matches=278;mismatches=11;indels=12;unknowns=1
###
Chr01	D5	EST_match	27803927	27806457	100	+	.	ID=AZ21/IA20_GS1_41582p272q16_10.076.path1;Name=AZ21/IA20_GS1_41582p272q16_10.076;Target=AZ21/IA20_GS1_41582p272q16_10.076 26 572 +;Gap=M17 D2 M117 N389 M135 N1280 M188 N313 M90;coverage=95.6;identity=99.6;matches=525;mismatches=0;indels=2;unknowns=22
###
Chr13	D5	EST_match	2279335	2280018	100	-	.	ID=AZ18/IA8_GS1A_34972p1090q20_57.907.path1;Name=AZ18/IA8_GS1A_34972p1090q20_57.907;Target=AZ18/IA8_GS1A_34972p1090q20_57.907 1 601 +;Gap=M501 N83 M100;coverage=100.0;identity=99.7;matches=581;mismatches=2;indels=0;unknowns=18
###
Chr09	D5	EST_match	23707140	23709142	100	-	.	ID=AZ12/IA27-29_GS2D_51331p736q38_65.472.path1;Name=AZ12/IA27-29_GS2D_51331p736q38_65.472;Target=AZ12/IA27-29_GS2D_51331p736q38_65.472 5 540 -;Gap=M83 N89 M294 N1378 M159;coverage=94.4;identity=100.0;matches=523;mismatches=0;indels=0;unknowns=13
###
Chr10	D5	EST_match	47813513	47813813	94	.	.	ID=AZ5/IA6_c2_56561_54.203.path1;Name=AZ5/IA6_c2_56561_54.203;Target=AZ5/IA6_c2_56561_54.203 1 300 +;Gap=M54 D1 M246;coverage=99.7;identity=94.0;matches=282;mismatches=17;indels=1;unknowns=1
###
Chr09	D5	EST_match	16747616	16747916	98	.	.	ID=AZ12/IA27-29_c4_06690_90.535.path1;Name=AZ12/IA27-29_c4_06690_90.535;Target=AZ12/IA27-29_c4_06690_90.535 1 301 -;Gap=M301;coverage=100.0;identity=98.7;matches=296;mismatches=4;indels=0;unknowns=1
###
Chr09	D5	EST_match	67611717	67612299	96	.	.	ID=AZ33/IA32_GS2A_52376p385q16_24.3.path1;Name=AZ33/IA32_GS2A_52376p385q16_24.3;Target=AZ33/IA32_GS2A_52376p385q16_24.3 15 601 +;Gap=M38 I2 M44 I1 M28 I2 M346 D1 M126;coverage=97.7;identity=96.9;matches=559;mismatches=12;indels=6;unknowns=11
###
Chr13	D5	EST_match	16518004	16518293	93	.	.	ID=AZ26/IA9_c4_18034_28.376.path1;Name=AZ26/IA9_c4_18034_28.376;Target=AZ26/IA9_c4_18034_28.376 1 301 -;Gap=M35 I1 M18 I3 M13 I1 M4 I1 M60 I1 M8 I1 M17 I3 M135;coverage=100.0;identity=93.0;matches=279;mismatches=10;indels=11;unknowns=1
###
Chr07	D5	EST_match	32386688	32386979	96	.	.	ID=AZ7/IA25_c4_00602_48.375.path1;Name=AZ7/IA25_c4_00602_48.375;Target=AZ7/IA25_c4_00602_48.375 1 295 -;Gap=M90 I2 M184 I1 M18;coverage=100.0;identity=96.9;matches=285;mismatches=6;indels=3;unknowns=1
###
Chr13	D5	EST_match	53223400	53223697	96	.	.	ID=AZ14/IA14_c4_03381_29.72.path1;Name=AZ14/IA14_c4_03381_29.72;Target=AZ14/IA14_c4_03381_29.72 1 301 -;Gap=M54 I1 M67 I1 M58 I1 M119;coverage=100.0;identity=96.3;matches=289;mismatches=8;indels=3;unknowns=1
###
Chr09	D5	EST_match	25326541	25327309	100	+	.	ID=AZ6/IA16_GS2A_48587p409q3_7.027.path1;Name=AZ6/IA16_GS2A_48587p409q3_7.027;Target=AZ6/IA16_GS2A_48587p409q3_7.027 1 601 -;Gap=M66 N82 M102 N86 M433;coverage=100.0;identity=99.8;matches=579;mismatches=1;indels=0;unknowns=21
###
Chr05	D5	EST_match	53360147	53362423	100	+	.	ID=AZ27/IA33_GS2D_35199p530q21_0.path1;Name=AZ27/IA33_GS2D_35199p530q21_0;Target=AZ27/IA33_GS2D_35199p530q21_0 1 601 -;Gap=M154 N1676 M447;coverage=100.0;identity=100.0;matches=581;mismatches=0;indels=0;unknowns=20
###
Chr02	D5	EST_match	14044618	14044915	94	.	.	ID=AZ30/IA34_c4_10335_35.218.path1;Name=AZ30/IA34_c4_10335_35.218;Target=AZ30/IA34_c4_10335_35.218 6 301 +;Gap=M120 D5 M6 I1 M10 I1 M78 I1 M79;coverage=98.3;identity=94.3;matches=283;mismatches=9;indels=8;unknowns=1
###
Chr07	D5	EST_match	51766766	51767049	81	.	.	ID=AZ15/IA17_18_c3_28470_62.336.path1;Name=AZ15/IA17_18_c3_28470_62.336;Target=AZ15/IA17_18_c3_28470_62.336 1 293 -;Gap=M51 I1 M8 I1 M109 I7 M4 I2 M41 D3 M52 I1 M16;coverage=98.7;identity=81.6;matches=240;mismatches=39;indels=15;unknowns=2
###
Chr10	D5	EST_match	61045827	61047167	100	+	.	ID=AZ5/IA6_GS2A_37928p339q7_0.path1;Name=AZ5/IA6_GS2A_37928p339q7_0;Target=AZ5/IA6_GS2A_37928p339q7_0 2 601 -;Gap=M45 N102 M136 N639 M419;coverage=99.8;identity=100.0;matches=576;mismatches=0;indels=0;unknowns=24
###
Chr08	D5	EST_match	46305943	46306650	100	+	.	ID=AZ1/IA1_2_GS2A_37259p664q5_95.199.path1;Name=AZ1/IA1_2_GS2A_37259p664q5_95.199;Target=AZ1/IA1_2_GS2A_37259p664q5_95.199 1 601 -;Gap=M198 N107 M403;coverage=100.0;identity=100.0;matches=573;mismatches=0;indels=0;unknowns=28
###
Chr09	D5	EST_match	65387785	65388385	100	.	.	ID=AZ14/IA14_GS1_3305p954q19_25.983.path1;Name=AZ14/IA14_GS1_3305p954q19_25.983;Target=AZ14/IA14_GS1_3305p954q19_25.983 1 601 -;Gap=M601;coverage=100.0;identity=100.0;matches=580;mismatches=0;indels=0;unknowns=21
###
Chr09	D5	EST_match	65463862	65464462	100	.	.	ID=AZ14/IA14_GS1_3305p954q19_25.983.path2;Name=AZ14/IA14_GS1_3305p954q19_25.983;Target=AZ14/IA14_GS1_3305p954q19_25.983 1 601 -;Gap=M601;coverage=100.0;identity=100.0;matches=580;mismatches=0;indels=0;unknowns=21
###
Chr11	D5	EST_match	23423522	23423814	92	.	.	ID=AZ19/IA15_c4_28291_39.075.path1;Name=AZ19/IA15_c4_28291_39.075;Target=AZ19/IA15_c4_28291_39.075 4 298 -;Gap=M14 D1 M229 I3 M49;coverage=98.7;identity=92.2;matches=272;mismatches=19;indels=4;unknowns=1
###
Chr10	D5	EST_match	51711481	51711778	95	.	.	ID=AZ31/IA31_c4_65202_42.033.path1;Name=AZ31/IA31_c4_65202_42.033;Target=AZ31/IA31_c4_65202_42.033 1 301 -;Gap=M147 I1 M12 I1 M109 I1 M30;coverage=100.0;identity=95.3;matches=286;mismatches=11;indels=3;unknowns=1
###
Chr02	D5	EST_match	2986178	2986778	99	.	.	ID=AZ30/IA38_GS1_37852p566q20_70.109.path1;Name=AZ30/IA38_GS1_37852p566q20_70.109;Target=AZ30/IA38_GS1_37852p566q20_70.109 2 601 +;Gap=M405 D1 M195;coverage=99.8;identity=99.8;matches=585;mismatches=0;indels=1;unknowns=15
###
Chr09	D5	EST_match	24787593	24788866	99	+	.	ID=AZ12/IA27-29_EST1D_23510_01_60.653_Cotton16_23510_01.path1;Name=AZ12/IA27-29_EST1D_23510_01_60.653_Cotton16_23510_01;Target=AZ12/IA27-29_EST1D_23510_01_60.653_Cotton16_23510_01 2 1095 -;Gap=M50 I1 M185 N93 M130 N88 M728;coverage=99.9;identity=99.2;matches=1085;mismatches=8;indels=1;unknowns=0
###
Chr08	D5	EST_match	32334805	32335080	97	.	.	ID=AZ2/IA3_c4_09140_0.396.path1;Name=AZ2/IA3_c4_09140_0.396;Target=AZ2/IA3_c4_09140_0.396 1 276 -;Gap=M276;coverage=100.0;identity=97.4;matches=267;mismatches=7;indels=0;unknowns=2
###
Chr11	D5	EST_match	12623789	12624089	96	.	.	ID=AZ32/IA30_c4_68073_35.965.path1;Name=AZ32/IA30_c4_68073_35.965;Target=AZ32/IA30_c4_68073_35.965 1 301 +;Gap=M301;coverage=100.0;identity=97.0;matches=290;mismatches=9;indels=0;unknowns=2
###
Chr06	D5	EST_match	2180346	2182076	100	+	.	ID=AZ20/IA23_EST1D_30997_01_542_61.94_Cotton16_30997_01.path1;Name=AZ20/IA23_EST1D_30997_01_542_61.94_Cotton16_30997_01;Target=AZ20/IA23_EST1D_30997_01_542_61.94_Cotton16_30997_01 7 1347 -;Gap=M174 N390 M1167;coverage=99.6;identity=100.0;matches=1341;mismatches=0;indels=0;unknowns=0
###
Chr05	D5	EST_match	34339212	34339512	96	.	.	ID=AZ12/IA27-29_c4_01235_40.path1;Name=AZ12/IA27-29_c4_01235_40;Target=AZ12/IA27-29_c4_01235_40 1 301 -;Gap=M245 I1 M22 D1 M33;coverage=100.0;identity=97.0;matches=288;mismatches=7;indels=2;unknowns=5
###
Chr09	D5	EST_match	37772480	37772779	96	.	.	ID=AZ12/IA27-29_c4_01235_40.path2;Name=AZ12/IA27-29_c4_01235_40;Target=AZ12/IA27-29_c4_01235_40 1 301 -;Gap=M245 I1 M55;coverage=100.0;identity=96.6;matches=286;mismatches=9;indels=1;unknowns=5
###
Chr13	D5	EST_match	15772175	15772463	91	.	.	ID=AZ23/IA19_c4_05939_39.696.path1;Name=AZ23/IA19_c4_05939_39.696;Target=AZ23/IA19_c4_05939_39.696 1 288 +;Gap=M227 D1 M61;coverage=99.3;identity=92.0;matches=264;mismatches=22;indels=1;unknowns=2
###
Chr08	D5	EST_match	48676926	48677211	89	.	.	ID=AZ23/IA19_c4_05939_39.696.path2;Name=AZ23/IA19_c4_05939_39.696;Target=AZ23/IA19_c4_05939_39.696 4 290 -;Gap=M62 D1 M163 I1 M58 I1 M2;coverage=99.0;identity=89.9;matches=257;mismatches=26;indels=3;unknowns=2
###
Chr03	D5	EST_match	7242355	7242652	91	.	.	ID=AZ30/IA30_c4_77850_25.852.path1;Name=AZ30/IA30_c4_77850_25.852;Target=AZ30/IA30_c4_77850_25.852 1 300 -;Gap=M128 I1 M118 I1 M52;coverage=99.7;identity=91.6;matches=274;mismatches=23;indels=2;unknowns=1
###
Chr08	D5	EST_match	15456877	15457176	91	.	.	ID=AZ30/IA30_c4_77850_25.852.path2;Name=AZ30/IA30_c4_77850_25.852;Target=AZ30/IA30_c4_77850_25.852 1 301 +;Gap=M167 I1 M133;coverage=100.0;identity=91.3;matches=274;mismatches=25;indels=1;unknowns=1
###
Chr09	D5	EST_match	19043922	19044988	99	.	.	ID=AZ12/IA27-29_EST2D_20572_84.155_Cotton16_20572_01.path1;Name=AZ12/IA27-29_EST2D_20572_84.155_Cotton16_20572_01;Target=AZ12/IA27-29_EST2D_20572_84.155_Cotton16_20572_01 9 1075 -;Gap=M1067;coverage=99.3;identity=99.2;matches=1058;mismatches=9;indels=0;unknowns=0
###
Chr07	D5	EST_match	10732504	10732758	87	.	.	ID=AZ15/IA17_18_cs_1288_0.path1;Name=AZ15/IA17_18_cs_1288_0;Target=AZ15/IA17_18_cs_1288_0 11 263 +;Gap=M235 D4 M1 I2 M15;coverage=95.8;identity=87.8;matches=224;mismatches=25;indels=6;unknowns=2
###
Chr12	D5	EST_match	24088985	24091097	100	+	.	ID=AZ14/IA14_EST2D_06190_34.289_Cotton16_06190_01.path1;Name=AZ14/IA14_EST2D_06190_34.289_Cotton16_06190_01;Target=AZ14/IA14_EST2D_06190_34.289_Cotton16_06190_01 1 1268 -;Gap=M218 N81 M51 N192 M77 N157 M88 N82 M276 N224 M249 N109 M309;coverage=100.0;identity=99.9;matches=1267;mismatches=1;indels=0;unknowns=0
###
Chr02	D5	EST_match	11395834	11396652	98	+	.	ID=AZ30/IA36_EST1A_32413_01_47.067_Cotton16_32413_01.path1;Name=AZ30/IA36_EST1A_32413_01_47.067_Cotton16_32413_01;Target=AZ30/IA36_EST1A_32413_01_47.067_Cotton16_32413_01 9 639 -;Gap=M4 D1 M124 N76 M250 N111 M253;coverage=98.7;identity=99.2;matches=627;mismatches=4;indels=1;unknowns=0
###
Chr10	D5	EST_match	58811643	58813899	99	-	.	ID=AZ31/IA31_EST1D_32193_01_61.054_Cotton16_32193_01.path1;Name=AZ31/IA31_EST1D_32193_01_61.054_Cotton16_32193_01;Target=AZ31/IA31_EST1D_32193_01_61.054_Cotton16_32193_01 1 948 +;Gap=M515 N648 M102 N661 M331;coverage=100.0;identity=98.5;matches=934;mismatches=14;indels=0;unknowns=0
###
Chr09	D5	EST_match	13827792	13829662	97	-	.	ID=AZ11/IA34_EST1A_04360_0_Cotton16_04360_01.path1;Name=AZ11/IA34_EST1A_04360_0_Cotton16_04360_01;Target=AZ11/IA34_EST1A_04360_0_Cotton16_04360_01 1 838 -;Gap=M236 N98 M28 N935 M574;coverage=100.0;identity=98.2;matches=823;mismatches=15;indels=0;unknowns=0
###
Chr09	D5	EST_match	70129492	70132820	98	-	.	ID=AZ12/IA27-29_EST2_29942_0_Cotton16_29942_01.path1;Name=AZ12/IA27-29_EST2_29942_0_Cotton16_29942_01;Target=AZ12/IA27-29_EST2_29942_0_Cotton16_29942_01 5 1197 -;Gap=M416 N89 M113 N82 M81 N91 M53 N188 M109 N145 M60 N669 M83 N116 M155 N90 M24 D2 M30 N664 M69;coverage=99.7;identity=99.4;matches=1188;mismatches=5;indels=2;unknowns=0
###
Chr06	D5	EST_match	20664857	20668863	90	.	.	ID=AZ20/IA23_c4_101926_29.96.path1;Name=AZ20/IA23_c4_101926_29.96;Target=AZ20/IA23_c4_101926_29.96 6 273 -;Gap=M54 N3739 M214;coverage=98.2;identity=96.6;matches=258;mismatches=9;indels=0;unknowns=1
###
Chr01	D5	EST_match	17535837	17537096	100	+	.	ID=AZ21/IA20_GS2A_20396p609q3_30.111.path1;Name=AZ21/IA20_GS2A_20396p609q3_30.111;Target=AZ21/IA20_GS2A_20396p609q3_30.111 1 601 -;Gap=M141 N659 M460;coverage=100.0;identity=99.8;matches=573;mismatches=1;indels=0;unknowns=27
###
Chr05	D5	EST_match	20151675	20153854	97	+	.	ID=AZ10/IA7_EST2A_00002_034_11.814_Cotton16_00002_034.path1;Name=AZ10/IA7_EST2A_00002_034_11.814_Cotton16_00002_034;Target=AZ10/IA7_EST2A_00002_034_11.814_Cotton16_00002_034 6 1408 -;Gap=M519 N110 M120 N516 M247 N83 M178 D27 M128 N31 M88 D11 M122;coverage=99.6;identity=95.2;matches=1371;mismatches=31;indels=38;unknowns=0
###
Chr01	D5	EST_match	54386401	54388701	100	-	.	ID=AZ16_17/IA22_EST1A_00010_17_14.334_Cotton16_00010_17.path1;Name=AZ16_17/IA22_EST1A_00010_17_14.334_Cotton16_00010_17;Target=AZ16_17/IA22_EST1A_00010_17_14.334_Cotton16_00010_17 1 1301 -;Gap=M407 N94 M274 N722 M173 N108 M210 N76 M237;coverage=99.2;identity=98.5;matches=1281;mismatches=20;indels=0;unknowns=0
###
Chr11	D5	EST_match	21382121	21382393	96	.	.	ID=AZ32/IA30_c4_38839_30.804.path1;Name=AZ32/IA30_c4_38839_30.804;Target=AZ32/IA30_c4_38839_30.804 1 274 -;Gap=M38 I1 M235;coverage=100.0;identity=96.7;matches=263;mismatches=8;indels=1;unknowns=2
###
Chr06	D5	EST_match	2008620	2012863	100	-	.	ID=AZ20/IA23_EST1D_12374_68.554_Cotton16_12374_01.path1;Name=AZ20/IA23_EST1D_12374_68.554_Cotton16_12374_01;Target=AZ20/IA23_EST1D_12374_68.554_Cotton16_12374_01 5 1971 -;Gap=M465 N80 M249 N101 M139 N511 M219 N481 M376 N75 M268 N1029 M251;coverage=99.6;identity=99.9;matches=1965;mismatches=2;indels=0;unknowns=0
###
Chr04	D5	EST_match	2935237	2935508	89	.	.	ID=AZ23/IA19_c4_37895_68.595.path1;Name=AZ23/IA19_c4_37895_68.595;Target=AZ23/IA19_c4_37895_68.595 14 301 -;Gap=M25 D1 M57 I2 M49 I1 M11 I14 M35 I1 M71 D1 M22;coverage=95.7;identity=89.3;matches=258;mismatches=11;indels=20;unknowns=1
###
Chr11	D5	EST_match	57548165	57549894	97	+	.	ID=AZ32/IA30_GS1D_35377p470q22_0.path1;Name=AZ32/IA30_GS1D_35377p470q22_0;Target=AZ32/IA30_GS1D_35377p470q22_0 2 559 -;Gap=M45 N106 M40 N786 M364 N280 M109;coverage=95.7;identity=99.6;matches=546;mismatches=2;indels=0;unknowns=10
###
Chr10	D5	EST_match	20632783	20633066	91	.	.	ID=AZ19/IA15_c4_12475_45.929.path1;Name=AZ19/IA15_c4_12475_45.929;Target=AZ19/IA15_c4_12475_45.929 1 284 +;Gap=M284;coverage=100.0;identity=91.2;matches=258;mismatches=25;indels=0;unknowns=1
###
Chr04	D5	EST_match	3656240	3656536	95	.	.	ID=AZ9/IA4_ck_03436_15.923.path1;Name=AZ9/IA4_ck_03436_15.923;Target=AZ9/IA4_ck_03436_15.923 1 298 +;Gap=M187 I1 M110;coverage=99.0;identity=95.6;matches=281;mismatches=12;indels=1;unknowns=4
###
Chr10	D5	EST_match	36076251	36076528	80	.	.	ID=AZ1/IA1_2_c2_11637_57.406.path1;Name=AZ1/IA1_2_c2_11637_57.406;Target=AZ1/IA1_2_c2_11637_57.406 6 283 +;Gap=M278;coverage=93.3;identity=80.8;matches=223;mismatches=53;indels=0;unknowns=2
###
Chr07	D5	EST_match	48096741	48097023	86	.	.	ID=AZ10/IA7_c4_81753_15.53.path1;Name=AZ10/IA7_c4_81753_15.53;Target=AZ10/IA7_c4_81753_15.53 1 286 +;Gap=M108 I1 M27 I2 M148;coverage=95.0;identity=86.7;matches=247;mismatches=35;indels=3;unknowns=1
###
Chr01	D5	EST_match	32163395	32163676	84	.	.	ID=AZ10/IA7_c4_81753_15.53.path2;Name=AZ10/IA7_c4_81753_15.53;Target=AZ10/IA7_c4_81753_15.53 1 286 -;Gap=M70 I1 M77 I2 M26 I1 M109;coverage=95.0;identity=84.9;matches=242;mismatches=39;indels=4;unknowns=1
###
Chr11	D5	EST_match	10861174	10861470	90	.	.	ID=AZ5/IA6_c3_86518_74.938.path1;Name=AZ5/IA6_c3_86518_74.938;Target=AZ5/IA6_c3_86518_74.938 5 301 +;Gap=M297;coverage=98.7;identity=90.5;matches=268;mismatches=28;indels=0;unknowns=1
###
Chr13	D5	EST_match	52066036	52066335	99	.	.	ID=AZ26/IA9_c4_43125_0.path1;Name=AZ26/IA9_c4_43125_0;Target=AZ26/IA9_c4_43125_0 1 301 +;Gap=M20 I1 M280;coverage=100.0;identity=99.7;matches=299;mismatches=0;indels=1;unknowns=1
###
Chr06	D5	EST_match	39690223	39690520	98	.	.	ID=AZ24/IA5_ck_52689_85.127.path1;Name=AZ24/IA5_ck_52689_85.127;Target=AZ24/IA5_ck_52689_85.127 1 301 -;Gap=M13 I1 M17 I1 M10 I1 M258;coverage=100.0;identity=98.7;matches=294;mismatches=1;indels=3;unknowns=3
###
Chr13	D5	EST_match	47037764	47039106	98	+	.	ID=AZ18/IA8_GS1A_40993p488q27_7.441.path1;Name=AZ18/IA8_GS1A_40993p488q27_7.441;Target=AZ18/IA8_GS1A_40993p488q27_7.441 1 601 +;Gap=M226 N747 M353 I5 M17;coverage=100.0;identity=99.1;matches=579;mismatches=0;indels=5;unknowns=17
###
Chr11	D5	EST_match	43294679	43294954	94	.	.	ID=AZ32/IA30_c4_47698_29.457.path1;Name=AZ32/IA30_c4_47698_29.457;Target=AZ32/IA30_c4_47698_29.457 1 279 -;Gap=M152 I2 M37 I1 M87;coverage=92.7;identity=94.6;matches=263;mismatches=12;indels=3;unknowns=1
###
Chr08	D5	EST_match	30116102	30116401	90	.	.	ID=AZ16_17/IA22_c4_49169_79.95.path1;Name=AZ16_17/IA22_c4_49169_79.95;Target=AZ16_17/IA22_c4_49169_79.95 1 300 +;Gap=M77 D1 M135 I1 M87;coverage=99.7;identity=90.3;matches=271;mismatches=27;indels=2;unknowns=1
###
Chr05	D5	EST_match	39480509	39480809	89	.	.	ID=AZ16_17/IA22_c4_49169_79.95.path2;Name=AZ16_17/IA22_c4_49169_79.95;Target=AZ16_17/IA22_c4_49169_79.95 1 300 -;Gap=M50 D1 M33 I1 M139 D1 M77;coverage=99.7;identity=89.0;matches=268;mismatches=30;indels=3;unknowns=1
###
Chr07	D5	EST_match	3920709	3921803	96	.	.	ID=AZ8/IA26_EST1D_07319_01_230_0_Cotton16_07319_01.path1;Name=AZ8/IA26_EST1D_07319_01_230_0_Cotton16_07319_01;Target=AZ8/IA26_EST1D_07319_01_230_0_Cotton16_07319_01 1 1071 -;Gap=M1039 D24 M32;coverage=100.0;identity=96.1;matches=1052;mismatches=19;indels=24;unknowns=0
###
Chr01	D5	EST_match	35387400	35387681	93	.	.	ID=AZ16_17/IA22_ck_08110_66.837.path1;Name=AZ16_17/IA22_ck_08110_66.837;Target=AZ16_17/IA22_ck_08110_66.837 1 283 -;Gap=M41 I1 M97 D1 M53 I1 M90;coverage=94.0;identity=94.0;matches=266;mismatches=14;indels=3;unknowns=1
###
Chr10	D5	EST_match	58370289	58370787	99	.	.	ID=AZ5/IA6_EST1A_46071_01_40.258_Cotton16_46071_01.path1;Name=AZ5/IA6_EST1A_46071_01_40.258_Cotton16_46071_01;Target=AZ5/IA6_EST1A_46071_01_40.258_Cotton16_46071_01 1 499 +;Gap=M499;coverage=97.8;identity=99.6;matches=497;mismatches=2;indels=0;unknowns=0
###
Chr04	D5	EST_match	21418532	21418829	94	.	.	ID=AZ5/IA6_c4_09782_44.84.path1;Name=AZ5/IA6_c4_09782_44.84;Target=AZ5/IA6_c4_09782_44.84 1 300 -;Gap=M277 I2 M21;coverage=99.7;identity=94.3;matches=282;mismatches=15;indels=2;unknowns=1
###
Chr12	D5	EST_match	16566976	16567256	93	.	.	ID=AZ6/IA16_c2_31256_16.678.path1;Name=AZ6/IA16_c2_31256_16.678;Target=AZ6/IA16_c2_31256_16.678 21 301 +;Gap=M281;coverage=93.4;identity=93.9;matches=263;mismatches=17;indels=0;unknowns=1
###
Chr04	D5	EST_match	1573634	1574342	96	.	.	ID=AZ9/IA4_EST2_18036_01_0_Cotton16_18036_01.path1;Name=AZ9/IA4_EST2_18036_01_0_Cotton16_18036_01;Target=AZ9/IA4_EST2_18036_01_0_Cotton16_18036_01 7 701 -;Gap=M68 D4 M1 D6 M1 D6 M97 I1 M326 I1 M200;coverage=99.1;identity=96.3;matches=685;mismatches=8;indels=18;unknowns=0
###
Chr01	D5	EST_match	50253642	50256164	73	.	.	ID=AZ18/IA8_c4_54754_29.095.path1;Name=AZ18/IA8_c4_54754_29.095;Target=AZ18/IA8_c4_54754_29.095 4 298 -;Gap=M43 I8 M56 I25 M28 N1173 M1 N419 M8 N600 M1 N128 M66;coverage=98.0;identity=78.3;matches=184;mismatches=18;indels=33;unknowns=1
###
Chr04	D5	EST_match	55322110	55322392	98	.	.	ID=AZ9/IA4_c3_00986_63.78.path1;Name=AZ9/IA4_c3_00986_63.78;Target=AZ9/IA4_c3_00986_63.78 17 301 +;Gap=M51 I1 M42 I1 M190;coverage=94.7;identity=98.2;matches=279;mismatches=3;indels=2;unknowns=1
###
Chr09	D5	EST_match	58446155	58446415	88	.	.	ID=AZ14/IA14_cs_12499_28.024.path1;Name=AZ14/IA14_cs_12499_28.024;Target=AZ14/IA14_cs_12499_28.024 22 285 -;Gap=M37 I2 M54 I1 M170;coverage=87.7;identity=88.1;matches=230;mismatches=28;indels=3;unknowns=3
###
Chr09	D5	EST_match	10413707	10413957	90	.	.	ID=AZ11/IA34_c4_36190_5.888.path1;Name=AZ11/IA34_c4_36190_5.888;Target=AZ11/IA34_c4_36190_5.888 36 297 -;Gap=M153 I6 M19 I2 M14 I3 M9 I1 M4 I2 M7 D3 M42;coverage=87.0;identity=90.5;matches=239;mismatches=8;indels=17;unknowns=1
###
Chr02	D5	EST_match	48044564	48044849	99	.	.	ID=AZ13/IA10_c4_09583_11.732.path1;Name=AZ13/IA10_c4_09583_11.732;Target=AZ13/IA10_c4_09583_11.732 4 290 -;Gap=M263 I1 M23;coverage=99.0;identity=99.3;matches=273;mismatches=1;indels=1;unknowns=12
###
Chr06	D5	EST_match	37143678	37143929	87	.	.	ID=AZ24/IA5_c4_38063_67.794.path1;Name=AZ24/IA5_c4_38063_67.794;Target=AZ24/IA5_c4_38063_67.794 2 271 -;Gap=M173 I19 M29 D1 M49;coverage=95.4;identity=87.8;matches=237;mismatches=13;indels=20;unknowns=1
###
Chr01	D5	EST_match	6569896	6571607	98	+	.	ID=AZ16_17/IA22_GS1A_23155p1125q16_35.735.path1;Name=AZ16_17/IA22_GS1A_23155p1125q16_35.735;Target=AZ16_17/IA22_GS1A_23155p1125q16_35.735 1 461 -;Gap=M213 N204 M70 N721 M106 N326 M72;coverage=95.1;identity=99.3;matches=454;mismatches=3;indels=0;unknowns=4
###
Chr04	D5	EST_match	56330057	56330326	90	.	.	ID=AZ23/IA19_c4_44618_0.path1;Name=AZ23/IA19_c4_44618_0;Target=AZ23/IA19_c4_44618_0 1 276 +;Gap=M6 I1 M150 I1 M54 D1 M28 I5 M31;coverage=100.0;identity=90.2;matches=248;mismatches=19;indels=8;unknowns=2
###
Chr12	D5	EST_match	35305399	35305687	93	.	.	ID=AZ14/IA14_c4_34293_87.637.path1;Name=AZ14/IA14_c4_34293_87.637;Target=AZ14/IA14_c4_34293_87.637 1 301 +;Gap=M24 I12 M265;coverage=100.0;identity=93.0;matches=279;mismatches=9;indels=12;unknowns=1
###
Chr09	D5	EST_match	45074795	45075038	92	.	.	ID=AZ6/IA16_c4_06920_26.146.path1;Name=AZ6/IA16_c4_06920_26.146;Target=AZ6/IA16_c4_06920_26.146 45 289 -;Gap=M216 I1 M28;coverage=84.8;identity=92.2;matches=225;mismatches=18;indels=1;unknowns=1
###
Chr04	D5	EST_match	22034085	22034337	90	.	.	ID=AZ15/IA17_18_c4_16509_48.674.path1;Name=AZ15/IA17_18_c4_16509_48.674;Target=AZ15/IA17_18_c4_16509_48.674 42 296 -;Gap=M100 I1 M21 I1 M132;coverage=84.7;identity=90.2;matches=229;mismatches=23;indels=2;unknowns=1
###
Chr12	D5	EST_match	10600548	10600977	93	.	.	ID=AZ6/IA16_c4_12480_27.971.path1;Name=AZ6/IA16_c4_12480_27.971;Target=AZ6/IA16_c4_12480_27.971 1 300 -;Gap=M167 N128 M72 D2 M61;coverage=99.7;identity=91.4;matches=275;mismatches=24;indels=2;unknowns=1
###
Chr11	D5	EST_match	52297091	52297386	97	.	.	ID=AZ32/IA30_ck_01124_26.397.path1;Name=AZ32/IA30_ck_01124_26.397;Target=AZ32/IA30_ck_01124_26.397 1 300 -;Gap=M185 I1 M9 I1 M6 I1 M75 I1 M21;coverage=99.7;identity=97.3;matches=290;mismatches=4;indels=4;unknowns=2
###
Chr12	D5	EST_match	11259510	11259810	98	.	.	ID=AZ14/IA14_c4_00820_24.762.path1;Name=AZ14/IA14_c4_00820_24.762;Target=AZ14/IA14_c4_00820_24.762 1 301 +;Gap=M301;coverage=100.0;identity=98.7;matches=296;mismatches=4;indels=0;unknowns=1
###
Chr10	D5	EST_match	8884782	8885957	100	+	.	ID=AZ5/IA6_GS1A_19003p436q20_76.134.path1;Name=AZ5/IA6_GS1A_19003p436q20_76.134;Target=AZ5/IA6_GS1A_19003p436q20_76.134 2 601 -;Gap=M164 N449 M249 N128 M166 I1 M20;coverage=99.8;identity=99.8;matches=580;mismatches=0;indels=1;unknowns=19
###
Chr13	D5	EST_match	37305805	37404342	89	.	.	ID=AZ1/IA1_2_c4_36660_56.141.path1;Name=AZ1/IA1_2_c4_36660_56.141;Target=AZ1/IA1_2_c4_36660_56.141 4 300 +;Gap=M44 D43 M40 N6747 M7 N7383 M1 N2019 M9 N6885 M8 N28 M2 N7227 M5 N5396 M5 N637 M6 N15994 M6 N23865 M5 N1593 M2 N19344 M3 N1127 M107;coverage=98.7;identity=79.5;matches=233;mismatches=17;indels=43;unknowns=0
###
Chr02	D5	EST_match	54081099	54081374	96	.	.	ID=AZ13/IA10_c4_09232_13.414.path1;Name=AZ13/IA10_c4_09232_13.414;Target=AZ13/IA10_c4_09232_13.414 4 276 +;Gap=M92 I1 M19 I1 M105 D5 M55;coverage=90.7;identity=96.8;matches=268;mismatches=2;indels=7;unknowns=1
###
Chr04	D5	EST_match	45918727	45919029	92	.	.	ID=AZ23/IA19_c2_02349_29.743.path1;Name=AZ23/IA19_c2_02349_29.743;Target=AZ23/IA19_c2_02349_29.743 1 301 -;Gap=M15 D3 M249 I1 M36;coverage=100.0;identity=92.4;matches=280;mismatches=19;indels=4;unknowns=1
###
Chr07	D5	EST_match	32632408	32635004	98	+	.	ID=AZ15/IA17_18_EST1A_00072_04_36.376_Cotton16_00072_04.path1;Name=AZ15/IA17_18_EST1A_00072_04_36.376_Cotton16_00072_04;Target=AZ15/IA17_18_EST1A_00072_04_36.376_Cotton16_00072_04 1 1332 -;Gap=M179 N680 M146 N192 M219 N93 M213 N300 M575;coverage=97.6;identity=99.5;matches=1326;mismatches=6;indels=0;unknowns=0
###
Chr08	D5	EST_match	15549077	15549362	85	.	.	ID=AZ5/IA6_c4_07635_58.762.path1;Name=AZ5/IA6_c4_07635_58.762;Target=AZ5/IA6_c4_07635_58.762 4 289 +;Gap=M286;coverage=95.0;identity=85.2;matches=242;mismatches=42;indels=0;unknowns=2
###
Chr07	D5	EST_match	37854969	37855256	84	.	.	ID=AZ5/IA6_c4_07635_58.762.path2;Name=AZ5/IA6_c4_07635_58.762;Target=AZ5/IA6_c4_07635_58.762 2 289 +;Gap=M288;coverage=95.7;identity=84.6;matches=242;mismatches=44;indels=0;unknowns=2
###
Chr05	D5	EST_match	20755627	20755902	78	.	.	ID=AZ16_17/IA22_c2_48642_52.678.path1;Name=AZ16_17/IA22_c2_48642_52.678;Target=AZ16_17/IA22_c2_48642_52.678 1 234 +;Gap=M70 I3 M10 D1 M49 D44 M102;coverage=77.7;identity=78.7;matches=218;mismatches=11;indels=48;unknowns=2
###
Chr02	D5	EST_match	19379907	19380376	100	-	.	ID=AZ13/IA10_GS1D_42198p123q14_3.45.path1;Name=AZ13/IA10_GS1D_42198p123q14_3.45;Target=AZ13/IA10_GS1D_42198p123q14_3.45 52 423 -;Gap=M62 D4 M288 N94 M22;coverage=87.9;identity=98.9;matches=355;mismatches=0;indels=4;unknowns=17
###
Chr12	D5	EST_match	30379826	30380127	96	.	.	ID=AZ14/IA14_c2_50716_43.143.path1;Name=AZ14/IA14_c2_50716_43.143;Target=AZ14/IA14_c2_50716_43.143 1 299 +;Gap=M32 I1 M241 D1 M19 D3 M6;coverage=100.0;identity=96.7;matches=292;mismatches=5;indels=5;unknowns=1
###
Chr07	D5	EST_match	36451426	36451704	88	.	.	ID=AZ6/IA16_c4_17535_22.287.path1;Name=AZ6/IA16_c4_17535_22.287;Target=AZ6/IA16_c4_17535_22.287 4 283 +;Gap=M97 I1 M91 D1 M27 I1 M19 D1 M13 I1 M30;coverage=93.0;identity=89.0;matches=250;mismatches=26;indels=5;unknowns=1
###
Chr07	D5	EST_match	20126523	20126819	89	.	.	ID=AZ16_17/IA22_c4_05239_64.164.path1;Name=AZ16_17/IA22_c4_05239_64.164;Target=AZ16_17/IA22_c4_05239_64.164 1 298 +;Gap=M112 I1 M185;coverage=99.0;identity=89.6;matches=266;mismatches=30;indels=1;unknowns=1
###
Chr09	D5	EST_match	41622109	41622408	89	.	.	ID=AZ16_17/IA22_c4_05239_64.164.path2;Name=AZ16_17/IA22_c4_05239_64.164;Target=AZ16_17/IA22_c4_05239_64.164 1 301 +;Gap=M112 I1 M188;coverage=100.0;identity=89.3;matches=268;mismatches=31;indels=1;unknowns=1
###
Chr06	D5	EST_match	20247493	20247746	89	.	.	ID=AZ5/IA6_c4_57424_46.431.path1;Name=AZ5/IA6_c4_57424_46.431;Target=AZ5/IA6_c4_57424_46.431 45 301 +;Gap=M136 I3 M118;coverage=85.4;identity=89.1;matches=228;mismatches=25;indels=3;unknowns=1
###
Chr03	D5	EST_match	41825822	41828416	99	-	.	ID=AZ10/IA7_EST1A_24254_01_821_40.944_Cotton16_24254_01.path1;Name=AZ10/IA7_EST1A_24254_01_821_40.944_Cotton16_24254_01;Target=AZ10/IA7_EST1A_24254_01_821_40.944_Cotton16_24254_01 1 2102 -;Gap=M87 D3 M91 D2 M623 N223 M162 N103 M614 N85 M156 N77 M369;coverage=99.9;identity=99.2;matches=2091;mismatches=11;indels=5;unknowns=0
###
Chr11	D5	EST_match	45788977	45789598	99	+	.	ID=AZ19/IA15_GS1A_32899p478q21_30.315.path1;Name=AZ19/IA15_GS1A_32899p478q21_30.315;Target=AZ19/IA15_GS1A_32899p478q21_30.315 1 525 +;Gap=M99 N97 M426;coverage=87.4;identity=99.8;matches=503;mismatches=1;indels=0;unknowns=21
###
Chr08	D5	EST_match	51061035	51154106	90	.	.	ID=AZ15/IA17_18_c4_26580_11.663.path1;Name=AZ15/IA17_18_c4_26580_11.663;Target=AZ15/IA17_18_c4_26580_11.663 5 289 +;Gap=M107 I1 M1 N57090 M8 N3241 M6 N193 M10 N32276 M62 D1 M69 I1 M8;coverage=94.7;identity=89.7;matches=245;mismatches=25;indels=3;unknowns=1
###
Chr08	D5	EST_match	37044174	37052748	79	.	.	ID=AZ15/IA17_18_c4_26580_11.663.path2;Name=AZ15/IA17_18_c4_26580_11.663;Target=AZ15/IA17_18_c4_26580_11.663 1 301 -;Gap=M7 I1 M13 I1 M68 D1 M54 D8 M20 N1731 M10 N6537 M16 I1 M110;coverage=100.0;identity=83.8;matches=259;mismatches=38;indels=12;unknowns=1
###
Chr06	D5	EST_match	21115134	21115384	94	.	.	ID=AZ24/IA5_c2_06367_34.537.path1;Name=AZ24/IA5_c2_06367_34.537;Target=AZ24/IA5_c2_06367_34.537 1 251 +;Gap=M251;coverage=83.4;identity=94.4;matches=236;mismatches=14;indels=0;unknowns=1
###
Chr04	D5	EST_match	59586455	59586751	96	.	.	ID=AZ9/IA4_c2_51863_83.62.path1;Name=AZ9/IA4_c2_51863_83.62;Target=AZ9/IA4_c2_51863_83.62 1 301 +;Gap=M27 I1 M159 I1 M17 I1 M11 I1 M83;coverage=100.0;identity=96.7;matches=290;mismatches=6;indels=4;unknowns=1
###
Chr10	D5	EST_match	12173800	12174093	88	.	.	ID=AZ16_17/IA22_c4_32659_60.772.path1;Name=AZ16_17/IA22_c4_32659_60.772;Target=AZ16_17/IA22_c4_32659_60.772 1 301 -;Gap=M25 I1 M8 I1 M45 I1 M29 I1 M115 I3 M72;coverage=100.0;identity=88.7;matches=266;mismatches=27;indels=7;unknowns=1
###
Chr11	D5	EST_match	56058610	56058886	97	.	.	ID=AZ32/IA30_c4_35467_10.048.path1;Name=AZ32/IA30_c4_35467_10.048;Target=AZ32/IA30_c4_35467_10.048 1 278 -;Gap=M36 I1 M241;coverage=100.0;identity=97.4;matches=267;mismatches=6;indels=1;unknowns=4
###
Chr06	D5	EST_match	34135395	34135675	89	.	.	ID=AZ24/IA5_c4_75610_55.952.path1;Name=AZ24/IA5_c4_75610_55.952;Target=AZ24/IA5_c4_75610_55.952 1 299 -;Gap=M146 I15 M31 I1 M85 I1 M10 I1 M9;coverage=99.3;identity=89.6;matches=268;mismatches=13;indels=18;unknowns=0
###
Chr09	D5	EST_match	34239862	34240120	89	.	.	ID=AZ6/IA16_c4_40214_27.354.path1;Name=AZ6/IA16_c4_40214_27.354;Target=AZ6/IA16_c4_40214_27.354 2 260 +;Gap=M259;coverage=86.0;identity=89.1;matches=230;mismatches=28;indels=0;unknowns=1
###
Chr06	D5	EST_match	24861817	24862107	87	.	.	ID=AZ15/IA17_18_c4_94051_44.147.path1;Name=AZ15/IA17_18_c4_94051_44.147;Target=AZ15/IA17_18_c4_94051_44.147 1 292 -;Gap=M222 I1 M69;coverage=100.0;identity=87.5;matches=253;mismatches=35;indels=1;unknowns=3
###
Chr10	D5	EST_match	17134751	17135025	87	.	.	ID=AZ15/IA17_18_c4_94051_44.147.path2;Name=AZ15/IA17_18_c4_94051_44.147;Target=AZ15/IA17_18_c4_94051_44.147 17 292 -;Gap=M218 I1 M57;coverage=94.5;identity=87.9;matches=240;mismatches=32;indels=1;unknowns=3
###
Chr05	D5	EST_match	42038331	42038490	88	.	.	ID=AZ6/IA16_c4_49539_26.022.path1;Name=AZ6/IA16_c4_49539_26.022;Target=AZ6/IA16_c4_49539_26.022 2 163 -;Gap=M74 I1 M23 I1 M63;coverage=53.8;identity=88.2;matches=142;mismatches=17;indels=2;unknowns=1
###
Chr13	D5	EST_match	30565368	30565567	86	.	.	ID=AZ23/IA19_c4_34400_36.318.path1;Name=AZ23/IA19_c4_34400_36.318;Target=AZ23/IA19_c4_34400_36.318 78 277 -;Gap=M200;coverage=66.4;identity=86.4;matches=172;mismatches=27;indels=0;unknowns=1
###
Chr09	D5	EST_match	63725487	63725783	95	.	.	ID=AZ14/IA14_cs_173_31.302.path1;Name=AZ14/IA14_cs_173_31.302;Target=AZ14/IA14_cs_173_31.302 1 301 -;Gap=M30 I1 M87 I1 M14 I1 M54 I1 M112;coverage=100.0;identity=95.7;matches=287;mismatches=9;indels=4;unknowns=1
###
Chr08	D5	EST_match	3714704	3714994	97	.	.	ID=AZ1/IA1_2_c4_49399_41.698.path1;Name=AZ1/IA1_2_c4_49399_41.698;Target=AZ1/IA1_2_c4_49399_41.698 4 301 -;Gap=M69 I1 M42 I1 M76 I1 M19 I1 M4 I1 M60 I1 M13 I1 M8;coverage=99.0;identity=97.6;matches=288;mismatches=0;indels=7;unknowns=3
###
Chr08	D5	EST_match	9127108	9127252	89	.	.	ID=AZ15/IA17_18_ck_24378_42.294.path1;Name=AZ15/IA17_18_ck_24378_42.294;Target=AZ15/IA17_18_ck_24378_42.294 31 175 +;Gap=M145;coverage=50.7;identity=89.5;matches=128;mismatches=15;indels=0;unknowns=2
###
Chr03	D5	EST_match	6195916	6196211	96	.	.	ID=AZ28/IA36_c4_42671_13.812.path1;Name=AZ28/IA36_c4_42671_13.812;Target=AZ28/IA36_c4_42671_13.812 3 301 -;Gap=M106 D1 M97 I1 M55 I2 M21 I1 M16;coverage=99.3;identity=97.0;matches=289;mismatches=4;indels=5;unknowns=2
###
Chr05	D5	EST_match	4003057	4003329	95	.	.	ID=AZ25/IA11_12_ck_09867_40.079.path1;Name=AZ25/IA11_12_ck_09867_40.079;Target=AZ25/IA11_12_ck_09867_40.079 1 277 -;Gap=M64 I1 M24 I1 M11 I1 M134 I1 M40;coverage=92.0;identity=95.7;matches=264;mismatches=8;indels=4;unknowns=1
###
Chr08	D5	EST_match	52624475	52624700	72	.	.	ID=AZ1/IA1_2_c4_63363_137.446.path1;Name=AZ1/IA1_2_c4_63363_137.446;Target=AZ1/IA1_2_c4_63363_137.446 1 279 -;Gap=M47 I12 M20 I37 M8 I1 M17 I1 M108 I2 M26;coverage=95.2;identity=72.7;matches=202;mismatches=23;indels=53;unknowns=1
###
Chr06	D5	EST_match	26958800	26959088	87	.	.	ID=AZ30/IA25_c2_38857_18.553.path1;Name=AZ30/IA25_c2_38857_18.553;Target=AZ30/IA25_c2_38857_18.553 21 301 +;Gap=M189 D8 M92;coverage=93.4;identity=87.5;matches=251;mismatches=28;indels=8;unknowns=2
###
Chr10	D5	EST_match	9751985	9752230	88	.	.	ID=AZ30/IA25_c2_38857_18.553.path2;Name=AZ30/IA25_c2_38857_18.553;Target=AZ30/IA25_c2_38857_18.553 64 301 -;Gap=M90 D8 M148;coverage=79.1;identity=88.9;matches=217;mismatches=19;indels=8;unknowns=2
###
Chr12	D5	EST_match	11745800	11746080	87	.	.	ID=AZ6/IA16_c4_15623_25.905.path1;Name=AZ6/IA16_c4_15623_25.905;Target=AZ6/IA16_c4_15623_25.905 9 289 -;Gap=M64 I1 M152 D1 M64;coverage=97.2;identity=87.5;matches=245;mismatches=33;indels=2;unknowns=2
###
Chr12	D5	EST_match	11196125	11196399	98	.	.	ID=AZ14/IA14_c2_14014_26.69.path1;Name=AZ14/IA14_c2_14014_26.69;Target=AZ14/IA14_c2_14014_26.69 1 275 +;Gap=M65 I1 M127 D1 M82;coverage=100.0;identity=98.5;matches=271;mismatches=2;indels=2;unknowns=1
###
Chr01	D5	EST_match	38346207	38346320	84	.	.	ID=AZ6/IA16_c4_56616_26.245.path1;Name=AZ6/IA16_c4_56616_26.245;Target=AZ6/IA16_c4_56616_26.245 86 199 -;Gap=M24 I1 M47 I1 M15 D2 M26;coverage=38.1;identity=84.3;matches=97;mismatches=14;indels=4;unknowns=1
###
Chr02	D5	EST_match	26106060	26779108	100	.	.	ID=AZ33/IA32_c4_57783_54.53.path1;Name=AZ33/IA32_c4_57783_54.53;Target=AZ33/IA32_c4_57783_54.53 1 295 -;Gap=M15 N9080 M2 N14824 M2 N2096 M6 N2282 M5 N860 M5 N5820 M6 N637805 M115 I7 M126;coverage=98.0;identity=84.0;matches=242;mismatches=39;indels=7;unknowns=1
###
Chr01	D5	EST_match	42634756	42634966	82	.	.	ID=AZ33/IA32_c4_57783_54.53.path2;Name=AZ33/IA32_c4_57783_54.53;Target=AZ33/IA32_c4_57783_54.53 34 251 -;Gap=M118 I7 M93;coverage=72.4;identity=82.0;matches=178;mismatches=32;indels=7;unknowns=1
###
Chr03	D5	EST_match	40289249	40847527	80	-	.	ID=AZ7/IA25_c3_11416_42.53.path1;Name=AZ7/IA25_c3_11416_42.53;Target=AZ7/IA25_c3_11416_42.53 3 281 +;Gap=M231 D4 M17 N557996 M31;coverage=97.2;identity=82.3;matches=232;mismatches=46;indels=4;unknowns=1
###
Chr13	D5	EST_match	18608128	18608371	82	.	.	ID=AZ7/IA25_c3_11416_42.53.path2;Name=AZ7/IA25_c3_11416_42.53;Target=AZ7/IA25_c3_11416_42.53 43 281 +;Gap=M6 D4 M9 D1 M224;coverage=83.3;identity=82.7;matches=201;mismatches=37;indels=5;unknowns=1
###
Chr01	D5	EST_match	3217978	3218069	98	.	.	ID=AZ12/IA27-29_GS1D_23044p418q14_100.379.path1;Name=AZ12/IA27-29_GS1D_23044p418q14_100.379;Target=AZ12/IA27-29_GS1D_23044p418q14_100.379 1 92 +;Gap=M92;coverage=15.3;identity=98.9;matches=87;mismatches=1;indels=0;unknowns=4
###
Chr09	D5	EST_match	13803580	13804533	100	+	.	ID=AZ12/IA27-29_GS1D_23044p418q14_100.379.path2;Name=AZ12/IA27-29_GS1D_23044p418q14_100.379;Target=AZ12/IA27-29_GS1D_23044p418q14_100.379 93 601 -;Gap=M95 N292 M124 N152 M279 D1 M11;coverage=84.7;identity=99.8;matches=489;mismatches=0;indels=1;unknowns=20
###
Chr04	D5	EST_match	47261540	47277337	91	.	.	ID=AZ10/IA7_c4_24463_18.34.path1;Name=AZ10/IA7_c4_24463_18.34;Target=AZ10/IA7_c4_24463_18.34 137 283 -;Gap=M21 I1 M68 N12890 M22 N2762 M35;coverage=50.9;identity=90.4;matches=132;mismatches=13;indels=1;unknowns=1
###
Chr11	D5	EST_match	55426932	57070088	85	.	.	ID=AZ19/IA15_c4_26223_0.path1;Name=AZ19/IA15_c4_26223_0;Target=AZ19/IA15_c4_26223_0 1 259 -;Gap=M6 I4 M3 I2 M25 N1642904 M219;coverage=86.0;identity=91.1;matches=235;mismatches=17;indels=6;unknowns=1
###
Chr06	D5	EST_match	29524630	29524919	87	.	.	ID=AZ15/IA17_18_c4_07089_49.51.path1;Name=AZ15/IA17_18_c4_07089_49.51;Target=AZ15/IA17_18_c4_07089_49.51 4 295 -;Gap=M206 I1 M32 I1 M52;coverage=97.0;identity=88.0;matches=256;mismatches=33;indels=2;unknowns=1
###
Chr08	D5	EST_match	6784095	6784387	87	.	.	ID=AZ15/IA17_18_c4_07089_49.51.path2;Name=AZ15/IA17_18_c4_07089_49.51;Target=AZ15/IA17_18_c4_07089_49.51 4 298 -;Gap=M209 I1 M32 I1 M52;coverage=98.0;identity=87.4;matches=257;mismatches=35;indels=2;unknowns=1
###
Chr06	D5	EST_match	39410344	39410420	96	.	.	ID=AZ5/IA6_GS1A_14865p560q19_77.798.path1;Name=AZ5/IA6_GS1A_14865p560q19_77.798;Target=AZ5/IA6_GS1A_14865p560q19_77.798 1 77 +;Gap=M77;coverage=12.8;identity=96.1;matches=73;mismatches=3;indels=0;unknowns=1
###
Chr10	D5	EST_match	11780102	11781903	100	-	.	ID=AZ5/IA6_GS1A_14865p560q19_77.798.path2;Name=AZ5/IA6_GS1A_14865p560q19_77.798;Target=AZ5/IA6_GS1A_14865p560q19_77.798 78 601 +;Gap=M346 N1278 M178;coverage=87.2;identity=100.0;matches=517;mismatches=0;indels=0;unknowns=7
###
Chr05	D5	EST_match	25332984	25333267	87	.	.	ID=AZ5/IA6_c4_48216_70.407.path1;Name=AZ5/IA6_c4_48216_70.407;Target=AZ5/IA6_c4_48216_70.407 5 287 -;Gap=M118 I1 M100 D2 M64;coverage=94.0;identity=87.7;matches=249;mismatches=32;indels=3;unknowns=1
###
Chr13	D5	EST_match	8152041	8152342	86	.	.	ID=AZ5/IA6_c4_48216_70.407.path2;Name=AZ5/IA6_c4_48216_70.407;Target=AZ5/IA6_c4_48216_70.407 1 301 +;Gap=M7 I1 M53 D2 M240;coverage=100.0;identity=86.4;matches=261;mismatches=38;indels=3;unknowns=1
###
Chr01	D5	EST_match	1541265	1541551	80	.	.	ID=AZ16_17/IA22_c4_00014_0.path1;Name=AZ16_17/IA22_c4_00014_0;Target=AZ16_17/IA22_c4_00014_0 3 301 +;Gap=M15 D1 M7 I12 M34 I1 M230;coverage=99.3;identity=80.5;matches=240;mismatches=44;indels=14;unknowns=2
###
Chr06	D5	EST_match	29637024	29637290	96	.	.	ID=AZ20/IA23_ck_77717_37.95.path1;Name=AZ20/IA23_ck_77717_37.95;Target=AZ20/IA23_ck_77717_37.95 1 272 -;Gap=M108 I1 M11 I1 M105 I1 M5 I1 M15 I1 M23;coverage=100.0;identity=96.3;matches=260;mismatches=5;indels=5;unknowns=2
###
Chr09	D5	EST_match	34659015	34659188	89	.	.	ID=AZ5/IA6_c2_22447_75.074.path1;Name=AZ5/IA6_c2_22447_75.074;Target=AZ5/IA6_c2_22447_75.074 3 177 +;Gap=M54 I1 M120;coverage=58.1;identity=89.5;matches=154;mismatches=17;indels=1;unknowns=3
###
Chr08	D5	EST_match	4495321	4581747	78	+	.	ID=AZ6/IA16_cs_1021_17.647.path1;Name=AZ6/IA16_cs_1021_17.647;Target=AZ6/IA16_cs_1021_17.647 1 265 -;Gap=M49 I1 M10 I1 M12 I1 M38 N9031 M7 N11270 M11 N604 M7 N13823 M5 N7881 M9 N311 M6 N14129 M4 N29116 M104;coverage=93.0;identity=85.6;matches=225;mismatches=35;indels=3;unknowns=2
###
Chr05	D5	EST_match	54483913	54484210	96	.	.	ID=AZ27/IA33_c4_43075_17.327.path1;Name=AZ27/IA33_c4_43075_17.327;Target=AZ27/IA33_c4_43075_17.327 1 301 +;Gap=M9 I1 M16 D1 M14 I1 M8 I1 M85 I1 M165;coverage=100.0;identity=96.7;matches=291;mismatches=5;indels=5;unknowns=1
###
Chr07	D5	EST_match	36258057	36258353	92	.	.	ID=AZ27/IA33_c4_43075_17.327.path2;Name=AZ27/IA33_c4_43075_17.327;Target=AZ27/IA33_c4_43075_17.327 1 301 +;Gap=M8 I2 M38 I2 M23 D1 M31 I1 M32 I1 M8 D1 M155;coverage=100.0;identity=92.4;matches=279;mismatches=15;indels=8;unknowns=1
###
Chr07	D5	EST_match	60623770	60624662	98	.	.	ID=AZ7/IA25_EST1D_31942_01_643_108.652_Cotton16_31942_01.path1;Name=AZ7/IA25_EST1D_31942_01_643_108.652_Cotton16_31942_01;Target=AZ7/IA25_EST1D_31942_01_643_108.652_Cotton16_31942_01 11 902 +;Gap=M21 D1 M871;coverage=83.9;identity=98.5;matches=880;mismatches=12;indels=1;unknowns=0
###
Chr06	D5	EST_match	30403003	30404969	98	-	.	ID=AZ24/IA5_EST1A_07380_01_44.702_Cotton16_07380_01.path1;Name=AZ24/IA5_EST1A_07380_01_44.702_Cotton16_07380_01;Target=AZ24/IA5_EST1A_07380_01_44.702_Cotton16_07380_01 124 1368 -;Gap=M129 I1 M7 D6 M4 D6 M98 I3 M417 N425 M160 N289 M426;coverage=91.0;identity=97.4;matches=1224;mismatches=17;indels=16;unknowns=0
###
Chr10	D5	EST_match	29260621	29260914	81	.	.	ID=AZ30/IA29_c4_09740_25.563.path1;Name=AZ30/IA29_c4_09740_25.563;Target=AZ30/IA29_c4_09740_25.563 6 301 -;Gap=M49 I1 M52 D1 M7 I2 M185;coverage=98.3;identity=81.3;matches=239;mismatches=51;indels=4;unknowns=3
###
Chr11	D5	EST_match	36830495	36830758	81	.	.	ID=AZ30/IA29_c4_09740_25.563.path2;Name=AZ30/IA29_c4_09740_25.563;Target=AZ30/IA29_c4_09740_25.563 36 301 +;Gap=M157 I1 M56 I1 M51;coverage=88.4;identity=81.1;matches=214;mismatches=48;indels=2;unknowns=2
###
Chr09	D5	EST_match	16984534	16984814	85	.	.	ID=AZ23/IA19_c4_47288_50.893.path1;Name=AZ23/IA19_c4_47288_50.893;Target=AZ23/IA19_c4_47288_50.893 6 287 +;Gap=M126 I1 M155;coverage=93.7;identity=85.1;matches=239;mismatches=41;indels=1;unknowns=1
###
Chr04	D5	EST_match	7141907	7142043	94	.	.	ID=AZ23/IA19_c4_47288_50.893.path2;Name=AZ23/IA19_c4_47288_50.893;Target=AZ23/IA19_c4_47288_50.893 165 301 +;Gap=M137;coverage=45.5;identity=94.9;matches=130;mismatches=7;indels=0;unknowns=0
###
Chr10	D5	EST_match	58893548	58893769	94	.	.	ID=AZ31/IA31_ck_15073_62.356.path1;Name=AZ31/IA31_ck_15073_62.356;Target=AZ31/IA31_ck_15073_62.356 2 224 +;Gap=M52 I2 M1 D1 M66 D1 M85 I1 M16;coverage=74.1;identity=94.6;matches=212;mismatches=7;indels=5;unknowns=1
###
Chr10	D5	EST_match	54590118	54590300	82	.	.	ID=AZ18/IA8_ck_58314_21.376.path1;Name=AZ18/IA8_ck_58314_21.376;Target=AZ18/IA8_ck_58314_21.376 6 188 -;Gap=M183;coverage=60.8;identity=82.4;matches=150;mismatches=32;indels=0;unknowns=1
###
Chr05	D5	EST_match	38028092	38028335	80	.	.	ID=AZ16_17/IA22_ck_24803_65.129.path1;Name=AZ16_17/IA22_ck_24803_65.129;Target=AZ16_17/IA22_ck_24803_65.129 30 273 +;Gap=M41 I1 M9 I1 M32 I1 M65 D2 M13 D1 M81;coverage=89.1;identity=80.7;matches=197;mismatches=41;indels=6;unknowns=3
###
Chr10	D5	EST_match	28215584	28215807	79	.	.	ID=AZ16_17/IA22_ck_24803_65.129.path2;Name=AZ16_17/IA22_ck_24803_65.129;Target=AZ16_17/IA22_ck_24803_65.129 29 254 +;Gap=M40 I1 M11 I1 M32 I1 M63 D1 M5 D1 M10 D1 M33 D2 M2 I4 M23;coverage=82.5;identity=79.8;matches=182;mismatches=34;indels=12;unknowns=3
###
Chr09	D5	EST_match	22206694	22206982	93	.	.	ID=AZ25/IA11_12_c4_54340_82.715.path1;Name=AZ25/IA11_12_c4_54340_82.715;Target=AZ25/IA11_12_c4_54340_82.715 52 242 -;Gap=M45 N158 M86;coverage=63.5;identity=87.8;matches=115;mismatches=16;indels=0;unknowns=0
###
Chr09	D5	EST_match	33095357	33095584	82	.	.	ID=AZ19/IA15_c4_20421_24.279.path1;Name=AZ19/IA15_c4_20421_24.279;Target=AZ19/IA15_c4_20421_24.279 47 274 -;Gap=M228;coverage=83.2;identity=82.8;matches=188;mismatches=39;indels=0;unknowns=1
###
Chr10	D5	EST_match	46791567	46791749	83	.	.	ID=AZ19/IA15_c4_20421_24.279.path2;Name=AZ19/IA15_c4_20421_24.279;Target=AZ19/IA15_c4_20421_24.279 92 274 -;Gap=M183;coverage=66.8;identity=83.5;matches=152;mismatches=30;indels=0;unknowns=1
###
Chr01	D5	EST_match	54876595	54876759	95	.	.	ID=AZ16_17/IA22_c3_11606_31.833.path1;Name=AZ16_17/IA22_c3_11606_31.833;Target=AZ16_17/IA22_c3_11606_31.833 1 165 -;Gap=M165;coverage=54.8;identity=95.7;matches=157;mismatches=7;indels=0;unknowns=1
###
Chr02	D5	EST_match	60809827	60810021	97	.	.	ID=AZ13/IA10_c4_21328_38.672.path1;Name=AZ13/IA10_c4_21328_38.672;Target=AZ13/IA10_c4_21328_38.672 1 269 +;Gap=M66 I1 M1 N13 M115;coverage=89.4;identity=97.3;matches=177;mismatches=4;indels=1;unknowns=1
###
Chr02	D5	EST_match	27406644	27406957	87	.	.	ID=AZ5/IA6_c4_14575_60.126.path1;Name=AZ5/IA6_c4_14575_60.126;Target=AZ5/IA6_c4_14575_60.126 1 285 -;Gap=M113 N82 M110 D1 M8;coverage=94.7;identity=90.5;matches=210;mismatches=21;indels=1;unknowns=0
###
Chr09	D5	EST_match	42495515	42495782	80	.	.	ID=AZ5/IA6_c4_14575_60.126.path2;Name=AZ5/IA6_c4_14575_60.126;Target=AZ5/IA6_c4_14575_60.126 1 239 +;Gap=M141 D29 M98;coverage=79.4;identity=80.9;matches=216;mismatches=22;indels=29;unknowns=1
###
Chr10	D5	EST_match	31113599	31113834	83	.	.	ID=AZ15/IA17_18_ck_07011_41.889.path1;Name=AZ15/IA17_18_ck_07011_41.889;Target=AZ15/IA17_18_ck_07011_41.889 15 250 -;Gap=M236;coverage=78.4;identity=83.4;matches=196;mismatches=39;indels=0;unknowns=1
###
Chr08	D5	EST_match	14830045	14830271	81	.	.	ID=AZ15/IA17_18_ck_07011_41.889.path2;Name=AZ15/IA17_18_ck_07011_41.889;Target=AZ15/IA17_18_ck_07011_41.889 24 250 +;Gap=M227;coverage=75.4;identity=81.9;matches=185;mismatches=41;indels=0;unknowns=1
###
Chr13	D5	EST_match	31433662	31433975	66	+	.	ID=AZ18/IA8_c4_67821_26.926.path1;Name=AZ18/IA8_c4_67821_26.926;Target=AZ18/IA8_c4_67821_26.926 1 298 -;Gap=M7 I1 M21 I33 M46 I1 M33 D2 M1 N49 M155;coverage=99.0;identity=77.9;matches=233;mismatches=29;indels=37;unknowns=1
###
Chr05	D5	EST_match	12950864	13574472	87	.	.	ID=AZ25/IA11_12_c4_39999_70.031.path1;Name=AZ25/IA11_12_c4_39999_70.031;Target=AZ25/IA11_12_c4_39999_70.031 35 284 +;Gap=M13 N23863 M10 N4215 M6 D2 M11 N595279 M210;coverage=88.0;identity=87.3;matches=219;mismatches=30;indels=2;unknowns=1
###
Chr02	D5	EST_match	53496914	53497187	93	.	.	ID=AZ30/IA32_c4_73990_27.621.path1;Name=AZ30/IA32_c4_73990_27.621;Target=AZ30/IA32_c4_73990_27.621 8 285 +;Gap=M60 I1 M32 I1 M124 I1 M45 I1 M13;coverage=92.4;identity=93.5;matches=259;mismatches=14;indels=4;unknowns=1
###
Chr03	D5	EST_match	38736876	38737153	91	.	.	ID=AZ10/IA7_c4_57541_28.049.path1;Name=AZ10/IA7_c4_57541_28.049;Target=AZ10/IA7_c4_57541_28.049 1 282 +;Gap=M227 I3 M17 I1 M34;coverage=96.6;identity=91.8;matches=258;mismatches=19;indels=4;unknowns=1
###
Chr01	D5	EST_match	39267770	40074665	100	.	.	ID=AZ14/IA14_c3_120507_31.831.path1;Name=AZ14/IA14_c3_120507_31.831;Target=AZ14/IA14_c3_120507_31.831 1 219 +;Gap=M73 I1 M122 N776220 M6 N4396 M2 N7036 M4 N12542 M2 N6484 M9;coverage=72.8;identity=89.4;matches=194;mismatches=22;indels=1;unknowns=2
###
Chr08	D5	EST_match	34732046	34733665	98	.	.	ID=AZ1/IA1_2_EST1A_00152_58.817_Cotton16_00152_01.path1;Name=AZ1/IA1_2_EST1A_00152_58.817_Cotton16_00152_01;Target=AZ1/IA1_2_EST1A_00152_58.817_Cotton16_00152_01 10 1628 +;Gap=M24 D1 M175 I1 M1385 D1 M34;coverage=99.4;identity=98.8;matches=1602;mismatches=16;indels=3;unknowns=0
###
Chr07	D5	EST_match	6479663	6479994	97	+	.	ID=AZ20/IA23_GS1D_53810p1475q16_44.379.path1;Name=AZ20/IA23_GS1D_53810p1475q16_44.379;Target=AZ20/IA23_GS1D_53810p1475q16_44.379 3 199 -;Gap=M32 D1 M9 D1 M30 I1 M109 N134 M16;coverage=32.8;identity=98.0;matches=193;mismatches=1;indels=3;unknowns=2
###
Chr06	D5	EST_match	8198704	8199105	99	.	.	ID=AZ20/IA23_GS1D_53810p1475q16_44.379.path2;Name=AZ20/IA23_GS1D_53810p1475q16_44.379;Target=AZ20/IA23_GS1D_53810p1475q16_44.379 200 601 +;Gap=M402;coverage=66.9;identity=99.7;matches=384;mismatches=1;indels=0;unknowns=17
###
Chr07	D5	EST_match	17458630	17458991	82	.	.	ID=AZ2/IA3_EST1D_27871_01_52.821_Cotton16_27871_02.path1;Name=AZ2/IA3_EST1D_27871_01_52.821_Cotton16_27871_02;Target=AZ2/IA3_EST1D_27871_01_52.821_Cotton16_27871_02 24 385 -;Gap=M362;coverage=73.3;identity=82.6;matches=299;mismatches=63;indels=0;unknowns=0
###
Chr09	D5	EST_match	35587095	35667210	80	+	.	ID=AZ18/IA8_c4_75264_26.572.path1;Name=AZ18/IA8_c4_75264_26.572;Target=AZ18/IA8_c4_75264_26.572 1 240 -;Gap=M198 D1 M6 N5508 M5 N23410 M3 N50956 M24 D1 M4;coverage=79.7;identity=82.8;matches=197;mismatches=39;indels=2;unknowns=4
###
Chr05	D5	EST_match	45083401	45083460	88	.	.	ID=AZ18/IA8_c4_75264_26.572.path2;Name=AZ18/IA8_c4_75264_26.572;Target=AZ18/IA8_c4_75264_26.572 241 301 +;Gap=M38 I1 M22;coverage=20.3;identity=88.5;matches=54;mismatches=6;indels=1;unknowns=0
###
Chr11	D5	EST_match	56564658	56564921	87	.	.	ID=AZ10/IA7_c3_40233_0.path1;Name=AZ10/IA7_c3_40233_0;Target=AZ10/IA7_c3_40233_0 21 286 +;Gap=M74 I1 M54 I1 M136;coverage=88.4;identity=87.9;matches=232;mismatches=30;indels=2;unknowns=2
###
Chr08	D5	EST_match	6784166	6784443	86	.	.	ID=AZ10/IA7_c3_40233_0.path2;Name=AZ10/IA7_c3_40233_0;Target=AZ10/IA7_c3_40233_0 22 301 -;Gap=M148 I1 M55 I1 M75;coverage=93.0;identity=86.7;matches=241;mismatches=35;indels=2;unknowns=2
###
Chr03	D5	EST_match	18854801	20384351	92	.	.	ID=AZ19/IA15_c4_05121_52.833.path1;Name=AZ19/IA15_c4_05121_52.833;Target=AZ19/IA15_c4_05121_52.833 7 293 +;Gap=M32 I1 M12 I1 M9 I1 M165 N1521440 M3 N1616 M9 N699 M9 N1848 M10 N3672 M27;coverage=95.3;identity=87.1;matches=242;mismatches=33;indels=3;unknowns=1
###
Chr10	D5	EST_match	18339088	19842738	84	.	.	ID=AZ19/IA15_c4_05121_52.833.path2;Name=AZ19/IA15_c4_05121_52.833;Target=AZ19/IA15_c4_05121_52.833 7 300 -;Gap=M6 D1 M2 D1 M92 I1 M137 N1489939 M17 N6580 M6 N6837 M33;coverage=97.7;identity=85.4;matches=252;mismatches=40;indels=3;unknowns=1
###
Chr02	D5	EST_match	44872989	45679067	90	.	.	ID=AZ19/IA15_c2_60153_43.911.path1;Name=AZ19/IA15_c2_60153_43.911;Target=AZ19/IA15_c2_60153_43.911 70 269 -;Gap=M120 N88948 M35 N716934 M28 I3 M14;coverage=66.4;identity=85.4;matches=169;mismatches=26;indels=3;unknowns=2
###
Chr10	D5	EST_match	38801825	38801874	92	.	.	ID=AZ16_17/IA22_c4_117179_75.801.path1;Name=AZ16_17/IA22_c4_117179_75.801;Target=AZ16_17/IA22_c4_117179_75.801 32 81 +;Gap=M50;coverage=17.6;identity=92.0;matches=46;mismatches=4;indels=0;unknowns=0
###
Chr09	D5	EST_match	60879165	60879220	89	.	.	ID=AZ16_17/IA22_c4_117179_75.801.path2;Name=AZ16_17/IA22_c4_117179_75.801;Target=AZ16_17/IA22_c4_117179_75.801 24 79 -;Gap=M56;coverage=19.7;identity=89.3;matches=50;mismatches=6;indels=0;unknowns=0
###
Chr01	D5	EST_match	20633907	20688321	88	.	.	ID=AZ24/IA5_c4_53534_62.577.path1;Name=AZ24/IA5_c4_53534_62.577;Target=AZ24/IA5_c4_53534_62.577 43 241 +;Gap=M8 I3 M4 I4 M4 I4 M2 N15417 M6 N23708 M5 N7679 M6 N5819 M9 N1603 M26 D1 M49 I1 M18 D1 M50;coverage=66.1;identity=86.5;matches=173;mismatches=13;indels=14;unknowns=1
###
Chr08	D5	EST_match	9884391	11360224	100	.	.	ID=AZ24/IA5_c4_53534_62.577.path2;Name=AZ24/IA5_c4_53534_62.577;Target=AZ24/IA5_c4_53534_62.577 73 246 -;Gap=M6 N7455 M4 N1468205 M45 D1 M18 I1 M100;coverage=57.8;identity=85.1;matches=148;mismatches=24;indels=2;unknowns=1
###
Chr05	D5	EST_match	11310473	11310761	85	.	.	ID=AZ16_17/IA22_c4_10256_70.052.path1;Name=AZ16_17/IA22_c4_10256_70.052;Target=AZ16_17/IA22_c4_10256_70.052 1 289 -;Gap=M119 I1 M143 D1 M26;coverage=96.0;identity=85.8;matches=248;mismatches=39;indels=2;unknowns=1
###
Chr10	D5	EST_match	47611379	47611666	84	.	.	ID=AZ16_17/IA22_c4_10256_70.052.path2;Name=AZ16_17/IA22_c4_10256_70.052;Target=AZ16_17/IA22_c4_10256_70.052 1 288 +;Gap=M24 D1 M145 I1 M118;coverage=95.7;identity=84.7;matches=244;mismatches=42;indels=2;unknowns=1
###
Chr01	D5	EST_match	20821923	20822195	88	.	.	ID=AZ30/IA33_c4_26482_30.14.path1;Name=AZ30/IA33_c4_26482_30.14;Target=AZ30/IA33_c4_26482_30.14 1 277 -;Gap=M118 I1 M103 I2 M23 I1 M29;coverage=92.0;identity=88.0;matches=243;mismatches=29;indels=4;unknowns=1
###
Chr04	D5	EST_match	45701241	45701516	87	.	.	ID=AZ30/IA33_c4_26482_30.14.path2;Name=AZ30/IA33_c4_26482_30.14;Target=AZ30/IA33_c4_26482_30.14 1 277 +;Gap=M26 D1 M26 I1 M98 I1 M125;coverage=92.0;identity=87.7;matches=243;mismatches=31;indels=3;unknowns=1
###
Chr09	D5	EST_match	69906386	69906679	92	.	.	ID=AZ33/IA32_c4_132881_0.path1;Name=AZ33/IA32_c4_132881_0;Target=AZ33/IA32_c4_132881_0 3 301 +;Gap=M25 I1 M118 I1 M131 I3 M20;coverage=99.3;identity=92.3;matches=275;mismatches=18;indels=5;unknowns=1
###
Chr09	D5	EST_match	69538895	69539161	92	.	.	ID=AZ33/IA32_c4_132881_0.path2;Name=AZ33/IA32_c4_132881_0;Target=AZ33/IA32_c4_132881_0 31 301 -;Gap=M19 I3 M130 I1 M118;coverage=90.0;identity=93.0;matches=251;mismatches=15;indels=4;unknowns=1
###
Chr04	D5	EST_match	15670011	17540478	85	.	.	ID=AZ10/IA7_c4_49707_21.376.path1;Name=AZ10/IA7_c4_49707_21.376;Target=AZ10/IA7_c4_49707_21.376 44 300 +;Gap=M97 D1 M1 N1846779 M9 N12728 M8 N8 M8 N10746 M83;coverage=85.4;identity=83.6;matches=173;mismatches=33;indels=1;unknowns=0
###
Chr09	D5	EST_match	44892941	44893001	93	.	.	ID=AZ10/IA7_c4_49707_21.376.path2;Name=AZ10/IA7_c4_49707_21.376;Target=AZ10/IA7_c4_49707_21.376 240 300 +;Gap=M61;coverage=20.3;identity=93.4;matches=57;mismatches=4;indels=0;unknowns=0
###
Chr10	D5	EST_match	13180227	14223443	83	.	.	ID=AZ15/IA17_18_ck_44145_50.023.path1;Name=AZ15/IA17_18_ck_44145_50.023;Target=AZ15/IA17_18_ck_44145_50.023 24 295 -;Gap=M50 D3 M21 D2 M9 I3 M1 N6340 M8 N1036743 M40;coverage=90.4;identity=86.9;matches=119;mismatches=10;indels=8;unknowns=0
###
Chr11	D5	EST_match	41350277	41350365	87	.	.	ID=AZ15/IA17_18_ck_44145_50.023.path2;Name=AZ15/IA17_18_ck_44145_50.023;Target=AZ15/IA17_18_ck_44145_50.023 208 295 +;Gap=M11 I1 M16 I1 M8 D3 M51;coverage=29.2;identity=87.9;matches=80;mismatches=6;indels=5;unknowns=0
###
Chr07	D5	EST_match	45507022	45515273	100	.	.	ID=AZ10/IA7_c4_18565_18.245.path1;Name=AZ10/IA7_c4_18565_18.245;Target=AZ10/IA7_c4_18565_18.245 157 221 -;Gap=M21 N7589 M9 N625 M8;coverage=21.6;identity=100.0;matches=38;mismatches=0;indels=0;unknowns=0
###
Chr05	D5	EST_match	39688721	39688991	86	.	.	ID=AZ26/IA9_c4_00395_26.151.path1;Name=AZ26/IA9_c4_00395_26.151;Target=AZ26/IA9_c4_00395_26.151 15 290 +;Gap=M153 I1 M83 I3 M2 I1 M33;coverage=91.7;identity=86.9;matches=238;mismatches=31;indels=5;unknowns=2
###
Chr01	D5	EST_match	41216681	41216900	90	.	.	ID=AZ26/IA9_c4_00395_26.151.path2;Name=AZ26/IA9_c4_00395_26.151;Target=AZ26/IA9_c4_00395_26.151 1 221 -;Gap=M47 I1 M30 D1 M7 I1 M135;coverage=73.4;identity=90.0;matches=198;mismatches=19;indels=3;unknowns=2
###
Chr01	D5	EST_match	45211845	45211911	91	.	.	ID=AZ8/IA26_c2_01304_19.924.path1;Name=AZ8/IA26_c2_01304_19.924;Target=AZ8/IA26_c2_01304_19.924 171 238 +;Gap=M52 I1 M15;coverage=22.6;identity=91.2;matches=62;mismatches=5;indels=1;unknowns=0
###
Chr05	D5	EST_match	51659695	51659745	96	.	.	ID=AZ8/IA26_c2_01304_19.924.path2;Name=AZ8/IA26_c2_01304_19.924;Target=AZ8/IA26_c2_01304_19.924 239 289 -;Gap=M51;coverage=16.9;identity=96.0;matches=48;mismatches=2;indels=0;unknowns=1
###
Chr08	D5	EST_match	21218178	21338644	100	.	.	ID=AZ18/IA8_c4_47547_29.275.path1;Name=AZ18/IA8_c4_47547_29.275;Target=AZ18/IA8_c4_47547_29.275 28 152 -;Gap=M25 N120341 M21 D1 M79;coverage=44.6;identity=86.4;matches=108;mismatches=16;indels=1;unknowns=1
###
Chr08	D5	EST_match	17949739	17949832	85	.	.	ID=AZ18/IA8_c4_47547_29.275.path2;Name=AZ18/IA8_c4_47547_29.275;Target=AZ18/IA8_c4_47547_29.275 28 121 -;Gap=M94;coverage=33.6;identity=85.1;matches=80;mismatches=14;indels=0;unknowns=0
###
Chr02	D5	EST_match	8690444	8690632	86	.	.	ID=AZ30/IA28_c4_08921_25.494.path1;Name=AZ30/IA28_c4_08921_25.494;Target=AZ30/IA28_c4_08921_25.494 95 283 -;Gap=M189;coverage=66.8;identity=86.2;matches=162;mismatches=26;indels=0;unknowns=1
###
Chr04	D5	EST_match	23221729	23221939	82	.	.	ID=AZ30/IA28_c4_08921_25.494.path2;Name=AZ30/IA28_c4_08921_25.494;Target=AZ30/IA28_c4_08921_25.494 73 283 +;Gap=M93 D4 M2 D2 M3 D1 M6 I7 M100;coverage=74.6;identity=82.5;matches=179;mismatches=24;indels=14;unknowns=1
###
Chr13	D5	EST_match	21747977	21748065	84	.	.	ID=AZ18/IA8_c4_31345_29.714.path1;Name=AZ18/IA8_c4_31345_29.714;Target=AZ18/IA8_c4_31345_29.714 202 292 +;Gap=M39 I2 M50;coverage=31.2;identity=84.6;matches=77;mismatches=12;indels=2;unknowns=0
###
Chr06	D5	EST_match	15024613	15024643	96	.	.	ID=AZ18/IA8_c4_31345_29.714.path2;Name=AZ18/IA8_c4_31345_29.714;Target=AZ18/IA8_c4_31345_29.714 210 241 +;Gap=M24 I1 M7;coverage=11.0;identity=96.9;matches=31;mismatches=0;indels=1;unknowns=0
###
Chr04	D5	EST_match	12931652	12932056	84	.	.	ID=AZ16_17/IA22_ck_53995_68.639.path1;Name=AZ16_17/IA22_ck_53995_68.639;Target=AZ16_17/IA22_ck_53995_68.639 48 281 +;Gap=M12 N202 M191;coverage=77.7;identity=85.6;matches=172;mismatches=29;indels=0;unknowns=2
###
Chr13	D5	EST_match	25952253	25959043	86	+	.	ID=AZ16_17/IA22_ck_53995_68.639.path2;Name=AZ16_17/IA22_ck_53995_68.639;Target=AZ16_17/IA22_ck_53995_68.639 87 235 +;Gap=M7 N6642 M142;coverage=49.5;identity=87.1;matches=128;mismatches=19;indels=0;unknowns=2
###
Chr05	D5	EST_match	54074129	54074270	88	.	.	ID=AZ10/IA7_ck_05459_12.218.path1;Name=AZ10/IA7_ck_05459_12.218;Target=AZ10/IA7_ck_05459_12.218 2 144 -;Gap=M83 I1 M59;coverage=47.5;identity=88.8;matches=127;mismatches=15;indels=1;unknowns=0
###
Chr07	D5	EST_match	20201788	20201944	94	.	.	ID=AZ10/IA7_ck_05459_12.218.path2;Name=AZ10/IA7_ck_05459_12.218;Target=AZ10/IA7_ck_05459_12.218 145 301 -;Gap=M157;coverage=52.2;identity=94.2;matches=145;mismatches=9;indels=0;unknowns=3
###
Chr06	D5	EST_match	2237893	2238134	90	.	.	ID=AZ24/IA5_c4_09464_0.path1;Name=AZ24/IA5_c4_09464_0;Target=AZ24/IA5_c4_09464_0 46 291 +;Gap=M18 I1 M129 I1 M48 I1 M32 I1 M15;coverage=81.7;identity=90.2;matches=221;mismatches=20;indels=4;unknowns=1
###
Chr13	D5	EST_match	20868064	20868309	86	.	.	ID=AZ24/IA5_c4_09464_0.path2;Name=AZ24/IA5_c4_09464_0;Target=AZ24/IA5_c4_09464_0 36 278 +;Gap=M11 I1 M21 I1 M63 D7 M56 I1 M27 I1 M13 D1 M13 I1 M34;coverage=80.7;identity=86.8;matches=217;mismatches=20;indels=13;unknowns=1
###
Chr12	D5	EST_match	23633198	23633413	91	.	.	ID=AZ16_17/IA22_c4_04889_77.134.path1;Name=AZ16_17/IA22_c4_04889_77.134;Target=AZ16_17/IA22_c4_04889_77.134 29 240 -;Gap=M176 D4 M36;coverage=70.4;identity=91.6;matches=197;mismatches=14;indels=4;unknowns=1
###
Chr02	D5	EST_match	50622907	50739788	91	.	.	ID=AZ16_17/IA22_c4_04889_77.134.path2;Name=AZ16_17/IA22_c4_04889_77.134;Target=AZ16_17/IA22_c4_04889_77.134 46 229 -;Gap=M147 N91498 M15 N13492 M5 N4453 M7 N7255 M10;coverage=61.1;identity=93.4;matches=171;mismatches=12;indels=0;unknowns=1
###
Chr11	D5	EST_match	7686098	7686256	81	.	.	ID=AZ10/IA7_c4_16854_18.782.path1;Name=AZ10/IA7_c4_16854_18.782;Target=AZ10/IA7_c4_16854_18.782 31 189 -;Gap=M15 I1 M12 D1 M131;coverage=52.8;identity=81.8;matches=130;mismatches=27;indels=2;unknowns=1
###
Chr11	D5	EST_match	13026487	13026673	80	.	.	ID=AZ10/IA7_c4_16854_18.782.path2;Name=AZ10/IA7_c4_16854_18.782;Target=AZ10/IA7_c4_16854_18.782 7 193 -;Gap=M19 I1 M12 D1 M155;coverage=62.1;identity=80.7;matches=151;mismatches=34;indels=2;unknowns=1
###
Chr11	D5	EST_match	37455444	37455615	86	.	.	ID=AZ18/IA8_c4_106170_28.402.path1;Name=AZ18/IA8_c4_106170_28.402;Target=AZ18/IA8_c4_106170_28.402 130 301 +;Gap=M172;coverage=57.1;identity=86.5;matches=148;mismatches=23;indels=0;unknowns=1
###
Chr01	D5	EST_match	20714454	20714555	89	.	.	ID=AZ18/IA8_c4_106170_28.402.path2;Name=AZ18/IA8_c4_106170_28.402;Target=AZ18/IA8_c4_106170_28.402 194 295 -;Gap=M102;coverage=33.9;identity=89.2;matches=91;mismatches=11;indels=0;unknowns=0
###
Chr09	D5	EST_match	59478729	59478792	87	.	.	ID=AZ33/IA32_c4_06113_51.352.path1;Name=AZ33/IA32_c4_06113_51.352;Target=AZ33/IA32_c4_06113_51.352 39 101 +;Gap=M53 D1 M10;coverage=20.9;identity=87.5;matches=56;mismatches=7;indels=1;unknowns=0
###
Chr11	D5	EST_match	32198972	32199103	81	.	.	ID=AZ33/IA32_c4_06113_51.352.path2;Name=AZ33/IA32_c4_06113_51.352;Target=AZ33/IA32_c4_06113_51.352 17 147 +;Gap=M75 D1 M56;coverage=43.5;identity=81.1;matches=107;mismatches=24;indels=1;unknowns=0
###
Chr09	D5	EST_match	44193755	44193824	87	.	.	ID=AZ23/IA19_c2_22276_42.794.path1;Name=AZ23/IA19_c2_22276_42.794;Target=AZ23/IA19_c2_22276_42.794 19 91 -;Gap=M7 I3 M63;coverage=24.3;identity=87.7;matches=64;mismatches=6;indels=3;unknowns=0
###
Chr04	D5	EST_match	9711303	10324970	89	.	.	ID=AZ23/IA19_c2_22276_42.794.path2;Name=AZ23/IA19_c2_22276_42.794;Target=AZ23/IA19_c2_22276_42.794 92 301 +;Gap=M6 N8029 M2 N2439 M3 N599975 M10 N2983 M32 N46 M143;coverage=69.8;identity=90.8;matches=177;mismatches=18;indels=0;unknowns=1
###
Chr11	D5	EST_match	45583016	45583149	92	.	.	ID=AZ19/IA15_c4_74243_37.114.path1;Name=AZ19/IA15_c4_74243_37.114;Target=AZ19/IA15_c4_74243_37.114 3 141 -;Gap=M79 I3 M19 I2 M36;coverage=46.2;identity=92.1;matches=128;mismatches=6;indels=5;unknowns=0
###
Chr10	D5	EST_match	57246412	57246515	100	.	.	ID=AZ19/IA15_c4_74243_37.114.path2;Name=AZ19/IA15_c4_74243_37.114;Target=AZ19/IA15_c4_74243_37.114 142 245 -;Gap=M104;coverage=34.6;identity=100.0;matches=102;mismatches=0;indels=0;unknowns=2
###
Chr09	D5	EST_match	28184186	28210285	85	.	.	ID=AZ16_17/IA22_cs_1083_54.222.path1;Name=AZ16_17/IA22_cs_1083_54.222;Target=AZ16_17/IA22_cs_1083_54.222 30 264 +;Gap=M9 N4753 M3 N6151 M6 N14962 M117 I1 M99;coverage=78.1;identity=85.0;matches=198;mismatches=34;indels=1;unknowns=2
###
Chr08	D5	EST_match	39533189	39533361	84	.	.	ID=AZ16_17/IA22_cs_1083_54.222.path2;Name=AZ16_17/IA22_cs_1083_54.222;Target=AZ16_17/IA22_cs_1083_54.222 41 214 -;Gap=M49 I1 M124;coverage=57.8;identity=85.0;matches=147;mismatches=25;indels=1;unknowns=1
###
Chr06	D5	EST_match	28513560	29568865	90	.	.	ID=AZ1/IA1_2_c4_02426_55.302.path1;Name=AZ1/IA1_2_c4_02426_55.302;Target=AZ1/IA1_2_c4_02426_55.302 177 301 -;Gap=M116 N1055181 M9;coverage=41.5;identity=91.1;matches=113;mismatches=11;indels=0;unknowns=1
###
Chr06	D5	EST_match	11231811	11231916	91	.	.	ID=AZ1/IA1_2_c4_02426_55.302.path2;Name=AZ1/IA1_2_c4_02426_55.302;Target=AZ1/IA1_2_c4_02426_55.302 196 301 +;Gap=M106;coverage=35.2;identity=91.4;matches=96;mismatches=9;indels=0;unknowns=1
###
Chr12	D5	EST_match	5982992	7281605	100	.	.	ID=AZ19/IA15_c3_35478_31.826.path1;Name=AZ19/IA15_c3_35478_31.826;Target=AZ19/IA15_c3_35478_31.826 46 174 -;Gap=M9 N17 M9 N12201 M2 N1286292 M64 I1 M20;coverage=42.9;identity=87.6;matches=92;mismatches=12;indels=1;unknowns=0
###
Chr09	D5	EST_match	18252615	18252720	84	.	.	ID=AZ19/IA15_c3_35478_31.826.path2;Name=AZ19/IA15_c3_35478_31.826;Target=AZ19/IA15_c3_35478_31.826 44 149 -;Gap=M106;coverage=35.2;identity=84.9;matches=90;mismatches=16;indels=0;unknowns=0
###
Chr01	D5	EST_match	38486618	38536265	100	.	.	ID=AZ16_17/IA22_c4_40887_74.93.path1;Name=AZ16_17/IA22_c4_40887_74.93;Target=AZ16_17/IA22_c4_40887_74.93 37 232 +;Gap=M129 N6717 M1 N42740 M10 N32 M19;coverage=68.8;identity=91.1;matches=144;mismatches=14;indels=0;unknowns=1
###
Chr06	D5	EST_match	26847019	27186024	100	.	.	ID=AZ16_17/IA22_c4_40887_74.93.path2;Name=AZ16_17/IA22_c4_40887_74.93;Target=AZ16_17/IA22_c4_40887_74.93 34 161 -;Gap=M6 N3319 M6 N5851 M2 N3715 M2 N325993 M112;coverage=44.9;identity=92.1;matches=117;mismatches=10;indels=0;unknowns=1
###
Chr12	D5	EST_match	5446039	5446121	94	.	.	ID=AZ6/IA16_c2_48932_0.path1;Name=AZ6/IA16_c2_48932_0;Target=AZ6/IA16_c2_48932_0 1 84 -;Gap=M40 I1 M43;coverage=27.9;identity=94.0;matches=79;mismatches=4;indels=1;unknowns=0
###
Chr01	D5	EST_match	20370650	21058750	86	+	.	ID=AZ6/IA16_c2_48932_0.path2;Name=AZ6/IA16_c2_48932_0;Target=AZ6/IA16_c2_48932_0 85 301 +;Gap=M17 I1 M19 D1 M1 N687884 M179;coverage=72.1;identity=85.7;matches=186;mismatches=29;indels=2;unknowns=1
###
Chr05	D5	EST_match	41090896	42004557	100	.	.	ID=AZ33/IA32_c2_03553_46.02.path1;Name=AZ33/IA32_c2_03553_46.02;Target=AZ33/IA32_c2_03553_46.02 1 194 -;Gap=M22 N913468 M172;coverage=64.5;identity=86.5;matches=167;mismatches=26;indels=0;unknowns=1
###
Chr07	D5	EST_match	28476445	28476597	83	.	.	ID=AZ33/IA32_c2_03553_46.02.path2;Name=AZ33/IA32_c2_03553_46.02;Target=AZ33/IA32_c2_03553_46.02 3 156 +;Gap=M42 I2 M4 D1 M106;coverage=51.2;identity=83.1;matches=128;mismatches=23;indels=3;unknowns=1
###
Chr11	D5	EST_match	44512951	44513217	81	.	.	ID=AZ15/IA17_18_c4_05495_44.532.path1;Name=AZ15/IA17_18_c4_05495_44.532;Target=AZ15/IA17_18_c4_05495_44.532 32 297 -;Gap=M12 D1 M254;coverage=89.6;identity=81.1;matches=215;mismatches=49;indels=1;unknowns=2
###
Chr03	D5	EST_match	36220449	36220573	86	.	.	ID=AZ15/IA17_18_c4_05495_44.532.path2;Name=AZ15/IA17_18_c4_05495_44.532;Target=AZ15/IA17_18_c4_05495_44.532 1 124 -;Gap=M112 D1 M12;coverage=41.8;identity=86.4;matches=108;mismatches=16;indels=1;unknowns=0
###
Chr09	D5	EST_match	24458308	24940505	89	.	.	ID=AZ18/IA8_c4_00145_28.729.path1;Name=AZ18/IA8_c4_00145_28.729;Target=AZ18/IA8_c4_00145_28.729 58 247 -;Gap=M66 D1 M32 I1 M1 N317587 M13 N154076 M7 N6591 M4 N2089 M10 N1714 M7;coverage=63.1;identity=92.2;matches=130;mismatches=9;indels=2;unknowns=1
###
Chr04	D5	EST_match	11855955	12189492	88	.	.	ID=AZ18/IA8_c4_00145_28.729.path2;Name=AZ18/IA8_c4_00145_28.729;Target=AZ18/IA8_c4_00145_28.729 34 246 +;Gap=M9 N8054 M7 N1468 M7 D9 M7 N7536 M5 N12749 M14 N263652 M14 N39906 M1 I1 M34 D1 M65;coverage=70.8;identity=86.7;matches=150;mismatches=12;indels=11;unknowns=1
###
Chr10	D5	EST_match	19802100	19879557	65	+	.	ID=AZ26/IA9_c2_56351_10.795.path1;Name=AZ26/IA9_c2_56351_10.795;Target=AZ26/IA9_c2_56351_10.795 1 188 -;Gap=M16 D3 M4 N14843 M9 N21193 M3 N1416 M2 D4 M13 N19350 M3 N3846 M9 N9285 M4 N7331 M44 I1 M80;coverage=68.6;identity=90.7;matches=175;mismatches=10;indels=8;unknowns=2
###
Chr02	D5	EST_match	60630002	60630081	87	.	.	ID=AZ26/IA9_c2_56351_10.795.path2;Name=AZ26/IA9_c2_56351_10.795;Target=AZ26/IA9_c2_56351_10.795 189 268 -;Gap=M80;coverage=29.2;identity=87.5;matches=70;mismatches=10;indels=0;unknowns=0
###
Chr08	D5	EST_match	50883912	51582369	90	.	.	ID=AZ25/IA11_12_c4_12325_64.239.path1;Name=AZ25/IA11_12_c4_12325_64.239;Target=AZ25/IA11_12_c4_12325_64.239 9 247 -;Gap=M45 I2 M8 D1 M15 D1 M40 N679193 M11 N13811 M5 N5314 M14;coverage=83.6;identity=92.3;matches=131;mismatches=7;indels=4;unknowns=0
###
Chr07	D5	EST_match	13884259	13884495	84	.	.	ID=AZ25/IA11_12_c4_12325_64.239.path2;Name=AZ25/IA11_12_c4_12325_64.239;Target=AZ25/IA11_12_c4_12325_64.239 9 247 -;Gap=M45 I2 M8 D1 M15 D1 M76 I1 M15 I1 M76;coverage=83.6;identity=84.5;matches=201;mismatches=31;indels=6;unknowns=3
###
Chr12	D5	EST_match	16730950	16831118	82	.	.	ID=AZ10/IA7_ck_104381_11.616.path1;Name=AZ10/IA7_ck_104381_11.616;Target=AZ10/IA7_ck_104381_11.616 88 301 -;Gap=M58 N32298 M8 N3441 M2 N930 M4 N411 M12 N4356 M8 N14661 M2 N5451 M12 N5596 M4 N11045 M1 N24 M9 N14383 M8 N10 M10 N7419 M6;coverage=71.1;identity=93.1;matches=134;mismatches=10;indels=0;unknowns=0
###
Chr06	D5	EST_match	31747144	31747304	89	.	.	ID=AZ15/IA17_18_c4_47355_82.548.path1;Name=AZ15/IA17_18_c4_47355_82.548;Target=AZ15/IA17_18_c4_47355_82.548 56 217 +;Gap=M112 I1 M49;coverage=53.8;identity=89.4;matches=143;mismatches=16;indels=1;unknowns=2
###
Chr02	D5	EST_match	8227819	8236281	87	.	.	ID=AZ15/IA17_18_c4_47355_82.548.path2;Name=AZ15/IA17_18_c4_47355_82.548;Target=AZ15/IA17_18_c4_47355_82.548 46 217 -;Gap=M45 I1 M112 N4469 M6 N3823 M8;coverage=57.1;identity=88.2;matches=150;mismatches=19;indels=1;unknowns=2
###
